rsa2048-sign pass 8715.5 sign/s
rsa2048-verify pass 307359.4 verify/s
dsa2048-sign pass 20547.2 sign/s
dsa2048-verify pass 24527.4 verify/s
FFT BOGOS/s: 
4046.16
PI BOGOS/s: 
4499575.09
MATRIX BOGOS/s: matrix
1012.81
rsa2048-sign pass 8706.1 sign/s
rsa2048-verify pass 306724.5 verify/s
dsa2048-sign pass 20553.0 sign/s
dsa2048-verify pass 24479.2 verify/s
FFT BOGOS/s: 
4043.31
PI BOGOS/s: 
4500510.75
MATRIX BOGOS/s: matrix
1040.96
rsa2048-sign pass 8712.8 sign/s
rsa2048-verify pass 307655.6 verify/s
dsa2048-sign pass 20523.6 sign/s
dsa2048-verify pass 24348.7 verify/s
FFT BOGOS/s: 
4059.88
PI BOGOS/s: 
4501867.28
MATRIX BOGOS/s: matrix
1024.02
rsa2048-sign pass 8649.1 sign/s
rsa2048-verify pass 304739.6 verify/s
dsa2048-sign pass 20559.1 sign/s
dsa2048-verify pass 24266.1 verify/s
FFT BOGOS/s: 
4042.74
PI BOGOS/s: 
4506408.11
MATRIX BOGOS/s: matrix
1041.79
rsa2048-sign pass 8714.1 sign/s
rsa2048-verify pass 306897.9 verify/s
dsa2048-sign pass 20560.5 sign/s
dsa2048-verify pass 24249.5 verify/s
FFT BOGOS/s: 
4065.27
PI BOGOS/s: 
4504593.11
MATRIX BOGOS/s: matrix
1028.82
rsa2048-sign pass 8702.7 sign/s
rsa2048-verify pass 307502.3 verify/s
dsa2048-sign pass 20588.4 sign/s
dsa2048-verify pass 24150.7 verify/s
FFT BOGOS/s: 
4035.73
PI BOGOS/s: 
4504617.89
MATRIX BOGOS/s: matrix
1017.02
rsa2048-sign pass 8652.2 sign/s
rsa2048-verify pass 303176.1 verify/s
dsa2048-sign pass 20592.5 sign/s
dsa2048-verify pass 24170.3 verify/s
FFT BOGOS/s: 
4050.19
PI BOGOS/s: 
4503877.42
MATRIX BOGOS/s: matrix
1036.22
rsa2048-sign pass 8711.3 sign/s
rsa2048-verify pass 306468.8 verify/s
dsa2048-sign pass 20623.3 sign/s
dsa2048-verify pass 24334.1 verify/s
FFT BOGOS/s: 
4043.85
PI BOGOS/s: 
4451446.55
MATRIX BOGOS/s: matrix
1029.00
rsa2048-sign pass 8707.1 sign/s
rsa2048-verify pass 307681.1 verify/s
dsa2048-sign pass 20630.5 sign/s
dsa2048-verify pass 24251.2 verify/s
FFT BOGOS/s: 
4072.46
PI BOGOS/s: 
4504420.88
MATRIX BOGOS/s: matrix
1014.74
rsa2048-sign pass 8716.0 sign/s
rsa2048-verify pass 307144.5 verify/s
dsa2048-sign pass 20474.8 sign/s
dsa2048-verify pass 24623.3 verify/s
FFT BOGOS/s: 
4042.71
PI BOGOS/s: 
4503820.99
MATRIX BOGOS/s: matrix
1040.71
rsa2048-sign pass 8715.7 sign/s
rsa2048-verify pass 305734.7 verify/s
dsa2048-sign pass 20625.5 sign/s
dsa2048-verify pass 24443.7 verify/s
FFT BOGOS/s: 
4043.11
PI BOGOS/s: 
4504778.87
MATRIX BOGOS/s: matrix
1014.25
rsa2048-sign pass 8716.3 sign/s
rsa2048-verify pass 306952.3 verify/s
dsa2048-sign pass 20531.1 sign/s
dsa2048-verify pass 24505.8 verify/s
FFT BOGOS/s: 
4053.86
PI BOGOS/s: 
4504485.51
MATRIX BOGOS/s: matrix
1010.09
rsa2048-sign pass 8705.9 sign/s
rsa2048-verify pass 307004.0 verify/s
dsa2048-sign pass 20627.2 sign/s
dsa2048-verify pass 24528.3 verify/s
FFT BOGOS/s: 
4048.33
PI BOGOS/s: 
4504733.47
MATRIX BOGOS/s: matrix
1027.87
rsa2048-sign pass 8714.0 sign/s
rsa2048-verify pass 307459.6 verify/s
dsa2048-sign pass 20559.4 sign/s
dsa2048-verify pass 24456.1 verify/s
FFT BOGOS/s: 
4074.85
PI BOGOS/s: 
4504933.39
MATRIX BOGOS/s: matrix
1033.31
rsa2048-sign pass 8716.8 sign/s
rsa2048-verify pass 307307.7 verify/s
dsa2048-sign pass 20625.5 sign/s
dsa2048-verify pass 24292.2 verify/s
FFT BOGOS/s: 
4072.08
PI BOGOS/s: 
4490644.90
MATRIX BOGOS/s: matrix
1032.64
rsa2048-sign pass 8701.2 sign/s
rsa2048-verify pass 305604.5 verify/s
dsa2048-sign pass 20616.7 sign/s
dsa2048-verify pass 24312.6 verify/s
FFT BOGOS/s: 
4046.86
PI BOGOS/s: 
4503758.51
MATRIX BOGOS/s: matrix
1028.49
rsa2048-sign pass 8715.0 sign/s
rsa2048-verify pass 307840.7 verify/s
dsa2048-sign pass 20626.0 sign/s
dsa2048-verify pass 24212.8 verify/s
FFT BOGOS/s: 
4065.53
PI BOGOS/s: 
4497288.74
MATRIX BOGOS/s: matrix
1025.24
rsa2048-sign pass 8711.7 sign/s
rsa2048-verify pass 306929.0 verify/s
dsa2048-sign pass 20578.1 sign/s
dsa2048-verify pass 24340.2 verify/s
FFT BOGOS/s: 
4051.29
PI BOGOS/s: 
4504822.25
MATRIX BOGOS/s: matrix
1023.24
rsa2048-sign pass 8706.0 sign/s
rsa2048-verify pass 306349.3 verify/s
dsa2048-sign pass 20603.2 sign/s
dsa2048-verify pass 24688.7 verify/s
FFT BOGOS/s: 
4048.18
PI BOGOS/s: 
4503501.41
MATRIX BOGOS/s: matrix
1024.00
rsa2048-sign pass 8653.1 sign/s
rsa2048-verify pass 304981.9 verify/s
dsa2048-sign pass 20630.5 sign/s
dsa2048-verify pass 24298.3 verify/s
FFT BOGOS/s: 
4061.03
PI BOGOS/s: 
4504788.56
MATRIX BOGOS/s: matrix
1032.72
rsa2048-sign pass 8624.1 sign/s
rsa2048-verify pass 302939.9 verify/s
dsa2048-sign pass 20627.6 sign/s
dsa2048-verify pass 24194.6 verify/s
FFT BOGOS/s: 
4060.76
PI BOGOS/s: 
4504509.20
MATRIX BOGOS/s: matrix
1026.26
rsa2048-sign pass 8718.8 sign/s
rsa2048-verify pass 307479.9 verify/s
dsa2048-sign pass 20552.0 sign/s
dsa2048-verify pass 24552.1 verify/s
FFT BOGOS/s: 
4038.48
PI BOGOS/s: 
4505425.14
MATRIX BOGOS/s: matrix
1020.23
rsa2048-sign pass 8717.3 sign/s
rsa2048-verify pass 307129.6 verify/s
dsa2048-sign pass 20278.4 sign/s
dsa2048-verify pass 24662.8 verify/s
FFT BOGOS/s: 
4064.19
PI BOGOS/s: 
4501698.53
MATRIX BOGOS/s: matrix
1022.80
rsa2048-sign pass 8690.5 sign/s
rsa2048-verify pass 306321.8 verify/s
dsa2048-sign pass 20574.1 sign/s
dsa2048-verify pass 24344.7 verify/s
FFT BOGOS/s: 
4033.65
PI BOGOS/s: 
4505556.34
MATRIX BOGOS/s: matrix
1027.16
rsa2048-sign pass 8624.3 sign/s
rsa2048-verify pass 305565.8 verify/s
dsa2048-sign pass 20590.6 sign/s
dsa2048-verify pass 24475.3 verify/s
FFT BOGOS/s: 
4067.90
PI BOGOS/s: 
4503748.90
MATRIX BOGOS/s: matrix
1028.63
rsa2048-sign pass 8709.8 sign/s
rsa2048-verify pass 306801.9 verify/s
dsa2048-sign pass 20618.4 sign/s
dsa2048-verify pass 24435.0 verify/s
FFT BOGOS/s: 
4068.50
PI BOGOS/s: 
4504991.18
MATRIX BOGOS/s: matrix
1012.60
rsa2048-sign pass 8625.0 sign/s
rsa2048-verify pass 303590.9 verify/s
dsa2048-sign pass 20597.4 sign/s
dsa2048-verify pass 24607.6 verify/s
FFT BOGOS/s: 
4045.52
PI BOGOS/s: 
4503740.62
MATRIX BOGOS/s: matrix
1011.89
rsa2048-sign pass 8718.2 sign/s
rsa2048-verify pass 306792.2 verify/s
dsa2048-sign pass 20582.8 sign/s
dsa2048-verify pass 24314.1 verify/s
FFT BOGOS/s: 
4046.98
PI BOGOS/s: 
4505263.43
MATRIX BOGOS/s: matrix
1010.70
rsa2048-sign pass 8709.8 sign/s
rsa2048-verify pass 307846.6 verify/s
dsa2048-sign pass 20564.2 sign/s
dsa2048-verify pass 24488.3 verify/s
FFT BOGOS/s: 
4054.05
PI BOGOS/s: 
4505213.00
MATRIX BOGOS/s: matrix
1027.75
rsa2048-sign pass 8669.0 sign/s
rsa2048-verify pass 303617.8 verify/s
dsa2048-sign pass 20593.9 sign/s
dsa2048-verify pass 24435.3 verify/s
FFT BOGOS/s: 
4023.41
PI BOGOS/s: 
4504913.89
MATRIX BOGOS/s: matrix
1021.66
rsa2048-sign pass 8709.6 sign/s
rsa2048-verify pass 307231.4 verify/s
dsa2048-sign pass 20627.8 sign/s
dsa2048-verify pass 24514.0 verify/s
FFT BOGOS/s: 
4045.62
PI BOGOS/s: 
4502357.38
MATRIX BOGOS/s: matrix
1026.30
rsa2048-sign pass 8713.2 sign/s
rsa2048-verify pass 307232.0 verify/s
dsa2048-sign pass 20553.6 sign/s
dsa2048-verify pass 24373.0 verify/s
FFT BOGOS/s: 
4055.31
PI BOGOS/s: 
4505471.38
MATRIX BOGOS/s: matrix
1020.30
rsa2048-sign pass 8717.0 sign/s
rsa2048-verify pass 307922.9 verify/s
dsa2048-sign pass 20597.5 sign/s
dsa2048-verify pass 24584.4 verify/s
FFT BOGOS/s: 
4067.73
PI BOGOS/s: 
4502170.59
MATRIX BOGOS/s: matrix
991.39
rsa2048-sign pass 8709.4 sign/s
rsa2048-verify pass 306578.5 verify/s
dsa2048-sign pass 20595.9 sign/s
dsa2048-verify pass 24144.0 verify/s
FFT BOGOS/s: 
4065.93
PI BOGOS/s: 
4505564.21
MATRIX BOGOS/s: matrix
1000.08
rsa2048-sign pass 8720.4 sign/s
rsa2048-verify pass 308024.1 verify/s
dsa2048-sign pass 20595.2 sign/s
dsa2048-verify pass 24528.1 verify/s
FFT BOGOS/s: 
4056.30
PI BOGOS/s: 
4505195.99
MATRIX BOGOS/s: matrix
1000.91
