rsa2048-sign pass 8729.3 sign/s
rsa2048-verify pass 306668.6 verify/s
dsa2048-sign pass 20706.5 sign/s
dsa2048-verify pass 24257.7 verify/s
FFT BOGOS/s: 
4343.86
PI BOGOS/s: 
4618431.48
MATRIX BOGOS/s: matrix
1026.24
rsa2048-sign pass 8714.7 sign/s
rsa2048-verify pass 306743.0 verify/s
dsa2048-sign pass 20702.1 sign/s
dsa2048-verify pass 24707.5 verify/s
FFT BOGOS/s: 
4347.13
PI BOGOS/s: 
4617727.13
MATRIX BOGOS/s: matrix
1036.43
rsa2048-sign pass 8743.0 sign/s
rsa2048-verify pass 308123.0 verify/s
dsa2048-sign pass 20679.9 sign/s
dsa2048-verify pass 24422.5 verify/s
FFT BOGOS/s: 
4332.04
PI BOGOS/s: 
4608224.51
MATRIX BOGOS/s: matrix
1038.60
rsa2048-sign pass 8744.2 sign/s
rsa2048-verify pass 308697.5 verify/s
dsa2048-sign pass 20717.1 sign/s
dsa2048-verify pass 24629.7 verify/s
FFT BOGOS/s: 
4332.01
PI BOGOS/s: 
4619465.23
MATRIX BOGOS/s: matrix
1028.83
rsa2048-sign pass 8737.1 sign/s
rsa2048-verify pass 306998.4 verify/s
dsa2048-sign pass 20715.9 sign/s
dsa2048-verify pass 24613.9 verify/s
FFT BOGOS/s: 
4324.30
PI BOGOS/s: 
4619269.97
MATRIX BOGOS/s: matrix
1038.00
rsa2048-sign pass 8745.1 sign/s
rsa2048-verify pass 308906.6 verify/s
dsa2048-sign pass 20714.0 sign/s
dsa2048-verify pass 24324.9 verify/s
FFT BOGOS/s: 
4341.27
PI BOGOS/s: 
4619271.56
MATRIX BOGOS/s: matrix
998.98
rsa2048-sign pass 8740.9 sign/s
rsa2048-verify pass 308133.3 verify/s
dsa2048-sign pass 20513.0 sign/s
dsa2048-verify pass 24454.4 verify/s
FFT BOGOS/s: 
4335.25
PI BOGOS/s: 
4619086.36
MATRIX BOGOS/s: matrix
1018.97
rsa2048-sign pass 8736.6 sign/s
rsa2048-verify pass 308358.3 verify/s
dsa2048-sign pass 20716.1 sign/s
dsa2048-verify pass 24896.9 verify/s
FFT BOGOS/s: 
4345.69
PI BOGOS/s: 
4619346.44
MATRIX BOGOS/s: matrix
1022.75
rsa2048-sign pass 8731.1 sign/s
rsa2048-verify pass 307751.9 verify/s
dsa2048-sign pass 20716.5 sign/s
dsa2048-verify pass 24617.7 verify/s
FFT BOGOS/s: 
4339.91
PI BOGOS/s: 
4619386.49
MATRIX BOGOS/s: matrix
1022.81
rsa2048-sign pass 8737.0 sign/s
rsa2048-verify pass 308719.8 verify/s
dsa2048-sign pass 20705.8 sign/s
dsa2048-verify pass 24720.6 verify/s
FFT BOGOS/s: 
4336.68
PI BOGOS/s: 
4618900.66
MATRIX BOGOS/s: matrix
1025.46
rsa2048-sign pass 8719.7 sign/s
rsa2048-verify pass 305498.5 verify/s
dsa2048-sign pass 20675.8 sign/s
dsa2048-verify pass 24624.8 verify/s
FFT BOGOS/s: 
4334.36
PI BOGOS/s: 
4619378.75
MATRIX BOGOS/s: matrix
1021.31
rsa2048-sign pass 8723.7 sign/s
rsa2048-verify pass 306420.7 verify/s
dsa2048-sign pass 20682.4 sign/s
dsa2048-verify pass 24780.6 verify/s
FFT BOGOS/s: 
4340.79
PI BOGOS/s: 
4617654.78
MATRIX BOGOS/s: matrix
1017.88
rsa2048-sign pass 8743.2 sign/s
rsa2048-verify pass 309183.1 verify/s
dsa2048-sign pass 20717.0 sign/s
dsa2048-verify pass 24550.6 verify/s
FFT BOGOS/s: 
4345.12
PI BOGOS/s: 
4619277.82
MATRIX BOGOS/s: matrix
1012.94
rsa2048-sign pass 8722.8 sign/s
rsa2048-verify pass 306080.5 verify/s
dsa2048-sign pass 20714.1 sign/s
dsa2048-verify pass 24592.4 verify/s
FFT BOGOS/s: 
4337.44
PI BOGOS/s: 
4619045.72
MATRIX BOGOS/s: matrix
1015.14
rsa2048-sign pass 8724.5 sign/s
rsa2048-verify pass 305999.1 verify/s
dsa2048-sign pass 20716.0 sign/s
dsa2048-verify pass 24585.0 verify/s
FFT BOGOS/s: 
4339.05
PI BOGOS/s: 
4618383.21
MATRIX BOGOS/s: matrix
1021.46
rsa2048-sign pass 8743.4 sign/s
rsa2048-verify pass 308592.7 verify/s
dsa2048-sign pass 20702.8 sign/s
dsa2048-verify pass 24690.9 verify/s
FFT BOGOS/s: 
4337.83
PI BOGOS/s: 
4619258.83
MATRIX BOGOS/s: matrix
1031.21
rsa2048-sign pass 8714.6 sign/s
rsa2048-verify pass 307142.5 verify/s
dsa2048-sign pass 20679.8 sign/s
dsa2048-verify pass 24632.8 verify/s
FFT BOGOS/s: 
4343.24
PI BOGOS/s: 
4619121.82
MATRIX BOGOS/s: matrix
1021.84
rsa2048-sign pass 8742.0 sign/s
rsa2048-verify pass 307628.9 verify/s
dsa2048-sign pass 20712.8 sign/s
dsa2048-verify pass 24585.0 verify/s
FFT BOGOS/s: 
4344.75
PI BOGOS/s: 
4616615.09
MATRIX BOGOS/s: matrix
1024.69
rsa2048-sign pass 8737.7 sign/s
rsa2048-verify pass 307620.8 verify/s
dsa2048-sign pass 20675.5 sign/s
dsa2048-verify pass 24621.4 verify/s
FFT BOGOS/s: 
4329.59
PI BOGOS/s: 
4616642.60
MATRIX BOGOS/s: matrix
1031.02
rsa2048-sign pass 8698.0 sign/s
rsa2048-verify pass 303494.5 verify/s
dsa2048-sign pass 20687.9 sign/s
dsa2048-verify pass 24581.3 verify/s
FFT BOGOS/s: 
4348.89
PI BOGOS/s: 
4616855.81
MATRIX BOGOS/s: matrix
1032.18
rsa2048-sign pass 8736.2 sign/s
rsa2048-verify pass 307315.8 verify/s
dsa2048-sign pass 20701.2 sign/s
dsa2048-verify pass 24485.3 verify/s
FFT BOGOS/s: 
4338.23
PI BOGOS/s: 
4616712.81
MATRIX BOGOS/s: matrix
1020.47
rsa2048-sign pass 8730.5 sign/s
rsa2048-verify pass 308249.0 verify/s
dsa2048-sign pass 20383.6 sign/s
dsa2048-verify pass 24545.6 verify/s
FFT BOGOS/s: 
4330.00
PI BOGOS/s: 
4617394.09
MATRIX BOGOS/s: matrix
1023.57
rsa2048-sign pass 8677.0 sign/s
rsa2048-verify pass 303302.3 verify/s
dsa2048-sign pass 20702.7 sign/s
dsa2048-verify pass 24564.2 verify/s
FFT BOGOS/s: 
4340.60
PI BOGOS/s: 
4616747.06
MATRIX BOGOS/s: matrix
1021.76
rsa2048-sign pass 8681.5 sign/s
rsa2048-verify pass 304311.8 verify/s
dsa2048-sign pass 20692.3 sign/s
dsa2048-verify pass 24633.4 verify/s
FFT BOGOS/s: 
4343.33
PI BOGOS/s: 
4616657.02
MATRIX BOGOS/s: matrix
1006.17
rsa2048-sign pass 8733.7 sign/s
rsa2048-verify pass 308576.8 verify/s
dsa2048-sign pass 20687.2 sign/s
dsa2048-verify pass 24498.8 verify/s
FFT BOGOS/s: 
4326.66
PI BOGOS/s: 
4619166.43
MATRIX BOGOS/s: matrix
1023.09
rsa2048-sign pass 8740.8 sign/s
rsa2048-verify pass 309130.5 verify/s
dsa2048-sign pass 20667.0 sign/s
dsa2048-verify pass 24748.2 verify/s
FFT BOGOS/s: 
4338.71
PI BOGOS/s: 
4616871.46
MATRIX BOGOS/s: matrix
1043.68
rsa2048-sign pass 8737.4 sign/s
rsa2048-verify pass 308767.7 verify/s
dsa2048-sign pass 20694.1 sign/s
dsa2048-verify pass 24340.5 verify/s
FFT BOGOS/s: 
4340.96
PI BOGOS/s: 
4616281.95
MATRIX BOGOS/s: matrix
1017.31
rsa2048-sign pass 8728.7 sign/s
rsa2048-verify pass 307882.5 verify/s
dsa2048-sign pass 20707.8 sign/s
dsa2048-verify pass 24619.3 verify/s
FFT BOGOS/s: 
4335.25
PI BOGOS/s: 
4619224.90
MATRIX BOGOS/s: matrix
1017.15
rsa2048-sign pass 8744.4 sign/s
rsa2048-verify pass 308465.1 verify/s
dsa2048-sign pass 20670.1 sign/s
dsa2048-verify pass 24617.8 verify/s
FFT BOGOS/s: 
4346.25
PI BOGOS/s: 
4619343.44
MATRIX BOGOS/s: matrix
1032.70
rsa2048-sign pass 8730.8 sign/s
rsa2048-verify pass 308938.5 verify/s
dsa2048-sign pass 20699.5 sign/s
dsa2048-verify pass 24533.3 verify/s
FFT BOGOS/s: 
4345.97
PI BOGOS/s: 
4619261.03
MATRIX BOGOS/s: matrix
1032.11
rsa2048-sign pass 8658.2 sign/s
rsa2048-verify pass 305553.0 verify/s
dsa2048-sign pass 20677.6 sign/s
dsa2048-verify pass 24470.6 verify/s
FFT BOGOS/s: 
4327.42
PI BOGOS/s: 
4618778.62
MATRIX BOGOS/s: matrix
1042.00
rsa2048-sign pass 8665.7 sign/s
rsa2048-verify pass 304811.9 verify/s
dsa2048-sign pass 20696.9 sign/s
dsa2048-verify pass 24596.9 verify/s
FFT BOGOS/s: 
4335.54
PI BOGOS/s: 
4619161.59
MATRIX BOGOS/s: matrix
1032.26
rsa2048-sign pass 8728.3 sign/s
rsa2048-verify pass 307407.9 verify/s
dsa2048-sign pass 20705.4 sign/s
dsa2048-verify pass 24234.7 verify/s
FFT BOGOS/s: 
4314.53
PI BOGOS/s: 
4616321.10
MATRIX BOGOS/s: matrix
1027.61
rsa2048-sign pass 8741.5 sign/s
rsa2048-verify pass 306555.3 verify/s
dsa2048-sign pass 20680.0 sign/s
dsa2048-verify pass 24685.2 verify/s
FFT BOGOS/s: 
4340.13
PI BOGOS/s: 
4539407.28
MATRIX BOGOS/s: matrix
1012.84
