PassMark BurnInTest Log file  -  http://www.passmark.com
========================================================

BurnInTest v4.1 (1000) Linux 64bit
Logging detail level: Normal

*** Unlicensed Trial Version ***
******************
SYSTEM SUMMARY
******************
Linux 4.15.0-55-generic
1 x Intel(R) Xeon(R) CPU D-1548 @ 2.00GHz
0 MB RAM

GENERAL
System Name: 6829d3f532e8
Motherboard Manufacturer: N/A
Motherboard Model: N/A
Motherboard Version: N/A
Motherboard Serial: 
Bios Manufacturer: N/A
Bios Version: N/A
Bios Release Date: N/A

CPU
CPU Manufacturer: GenuineIntel
CPU Type: Intel(R) Xeon(R) CPU D-1548 @ 2.00GHz
Speed: 975.9 MHz
CPUID: Family 6, Model 86, Stepping 3
Physical CPU's: 1
Cores per CPU: 8
Hyperthreading: Enabled
CPU Features: MMX SSE SSE2 SSE3 SSE4.1 SSE4.2 PAE VMX SMX AES AVX AVX2 
Cache per CPU package:
L1 Cache: 0 kB
L2 Cache: 12288 kB

MEMORY
Total Memory: 64293 MB
Available Memory: 60901 MB
Memory Devices:

GRAPHICS


DISK DRIVES

NETWORK:
eth0 

PORTS:
Communications Port: ttyS0

USB HOST CONTROLLERS AND DEVICES:

DISK CONTROLLERS:
******************
DETAILED EVENT LOG
******************
LOG NOTE: 2019-10-11 18:10:11, Status, Completed started test run
SERIOUS: 2019-10-11 18:10:11, Disk, /dev/sda1: File system not mounted
SERIOUS: 2019-10-11 18:10:11, RAM, Error allocating RAM
LOG NOTE: 2019-10-11 18:10:21, Status, Test run stopped

**************
RESULT SUMMARY
**************
Test Start time: Fri Oct 11 18:10:10 2019 
Test Stop time: Fri Oct 11 18:10:19 2019
Test Duration: 000h 00m 09s 

                          Test Name   Cycles   Operations      Result  Errors   Last Error
                        CPU - Maths   32       45.286 Billion  PASS    0        No errors
                       Memory (RAM)   0        0               FAIL    1        Error allocating RAM
                    Disk: /dev/sda1   0        0               FAIL    1        File system not mounted
          Network: eth0 (127.0.0.1)   5321     46.829 Million  PASS    0        No errors
TEST RUN FAILED

*********************
SERIOUS ERROR SUMMARY
*********************
SERIOUS: 2019-10-11 18:10:11, RAM, SERIOUS: Error allocating RAM (x 1)
SERIOUS: 2019-10-11 18:10:11, Disk, SERIOUS: File system not mounted (x 1)

-----------------------------------------------------------------------------------------------------
PassMark BurnInTest Log file  -  http://www.passmark.com
========================================================

BurnInTest v4.1 (1000) Linux 64bit
Logging detail level: Normal

*** Unlicensed Trial Version ***
******************
SYSTEM SUMMARY
******************
Linux 4.15.0-55-generic
1 x Intel(R) Xeon(R) CPU D-1548 @ 2.00GHz
0 MB RAM

GENERAL
System Name: 6829d3f532e8
Motherboard Manufacturer: N/A
Motherboard Model: N/A
Motherboard Version: N/A
Motherboard Serial: 
Bios Manufacturer: N/A
Bios Version: N/A
Bios Release Date: N/A

CPU
CPU Manufacturer: GenuineIntel
CPU Type: Intel(R) Xeon(R) CPU D-1548 @ 2.00GHz
Speed: 798.2 MHz
CPUID: Family 6, Model 86, Stepping 3
Physical CPU's: 1
Cores per CPU: 8
Hyperthreading: Enabled
CPU Features: MMX SSE SSE2 SSE3 SSE4.1 SSE4.2 PAE VMX SMX AES AVX AVX2 
Cache per CPU package:
L1 Cache: 0 kB
L2 Cache: 12288 kB

MEMORY
Total Memory: 64293 MB
Available Memory: 60902 MB
Memory Devices:

GRAPHICS


DISK DRIVES

NETWORK:
eth0 

PORTS:
Communications Port: ttyS0

USB HOST CONTROLLERS AND DEVICES:

DISK CONTROLLERS:
******************
DETAILED EVENT LOG
******************
LOG NOTE: 2019-10-11 18:10:23, Status, Completed started test run
SERIOUS: 2019-10-11 18:10:23, Disk, /dev/sda1: File system not mounted
SERIOUS: 2019-10-11 18:10:23, RAM, Error allocating RAM
LOG NOTE: 2019-10-11 18:10:27, Status, Test run stopped

**************
RESULT SUMMARY
**************
Test Start time: Fri Oct 11 18:10:21 2019 
Test Stop time: Fri Oct 11 18:10:26 2019
Test Duration: 000h 00m 05s 

                          Test Name   Cycles   Operations      Result  Errors   Last Error
                        CPU - Maths   0        13.864 Billion  PASS    0        No errors
                       Memory (RAM)   0        0               FAIL    1        Error allocating RAM
                    Disk: /dev/sda1   0        0               FAIL    1        File system not mounted
          Network: eth0 (127.0.0.1)   0        0               PASS    0        No errors
TEST RUN FAILED

*********************
SERIOUS ERROR SUMMARY
*********************
SERIOUS: 2019-10-11 18:10:23, RAM, SERIOUS: Error allocating RAM (x 1)
SERIOUS: 2019-10-11 18:10:23, Disk, SERIOUS: File system not mounted (x 1)

-----------------------------------------------------------------------------------------------------
PassMark BurnInTest Log file  -  http://www.passmark.com
========================================================

BurnInTest v4.1 (1000) Linux 64bit
Logging detail level: Normal

*** Unlicensed Trial Version ***
******************
SYSTEM SUMMARY
******************
Linux 4.15.0-55-generic
1 x Intel(R) Xeon(R) CPU D-1548 @ 2.00GHz
0 MB RAM

GENERAL
System Name: 6829d3f532e8
Motherboard Manufacturer: N/A
Motherboard Model: N/A
Motherboard Version: N/A
Motherboard Serial: 
Bios Manufacturer: N/A
Bios Version: N/A
Bios Release Date: N/A

CPU
CPU Manufacturer: GenuineIntel
CPU Type: Intel(R) Xeon(R) CPU D-1548 @ 2.00GHz
Speed: 798.6 MHz
CPUID: Family 6, Model 86, Stepping 3
Physical CPU's: 1
Cores per CPU: 8
Hyperthreading: Enabled
CPU Features: MMX SSE SSE2 SSE3 SSE4.1 SSE4.2 PAE VMX SMX AES AVX AVX2 
Cache per CPU package:
L1 Cache: 0 kB
L2 Cache: 12288 kB

MEMORY
Total Memory: 64293 MB
Available Memory: 60900 MB
Memory Devices:

GRAPHICS


DISK DRIVES

NETWORK:
eth0 

PORTS:
Communications Port: ttyS0

USB HOST CONTROLLERS AND DEVICES:

DISK CONTROLLERS:
******************
DETAILED EVENT LOG
******************
LOG NOTE: 2019-10-11 18:10:29, Status, Completed started test run
SERIOUS: 2019-10-11 18:10:29, Disk, /dev/sda1: File system not mounted
SERIOUS: 2019-10-11 18:10:29, RAM, Error allocating RAM
LOG NOTE: 2019-10-11 18:10:33, Status, Test run stopped

**************
RESULT SUMMARY
**************
Test Start time: Fri Oct 11 18:10:27 2019 
Test Stop time: Fri Oct 11 18:10:32 2019
Test Duration: 000h 00m 05s 

                          Test Name   Cycles   Operations      Result  Errors   Last Error
                        CPU - Maths   1        13.217 Billion  PASS    0        No errors
                       Memory (RAM)   0        0               FAIL    1        Error allocating RAM
                    Disk: /dev/sda1   0        0               FAIL    1        File system not mounted
          Network: eth0 (127.0.0.1)   0        0               PASS    0        No errors
TEST RUN FAILED

*********************
SERIOUS ERROR SUMMARY
*********************
SERIOUS: 2019-10-11 18:10:29, RAM, SERIOUS: Error allocating RAM (x 1)
SERIOUS: 2019-10-11 18:10:29, Disk, SERIOUS: File system not mounted (x 1)

-----------------------------------------------------------------------------------------------------
PassMark BurnInTest Log file  -  http://www.passmark.com
========================================================

BurnInTest v4.1 (1000) Linux 64bit
Logging detail level: Normal

*** Unlicensed Trial Version ***
******************
SYSTEM SUMMARY
******************
Linux 4.15.0-55-generic
1 x Intel(R) Xeon(R) CPU D-1548 @ 2.00GHz
0 MB RAM

GENERAL
System Name: 6829d3f532e8
Motherboard Manufacturer: N/A
Motherboard Model: N/A
Motherboard Version: N/A
Motherboard Serial: 
Bios Manufacturer: N/A
Bios Version: N/A
Bios Release Date: N/A

CPU
CPU Manufacturer: GenuineIntel
CPU Type: Intel(R) Xeon(R) CPU D-1548 @ 2.00GHz
Speed: 798.2 MHz
CPUID: Family 6, Model 86, Stepping 3
Physical CPU's: 1
Cores per CPU: 8
Hyperthreading: Enabled
CPU Features: MMX SSE SSE2 SSE3 SSE4.1 SSE4.2 PAE VMX SMX AES AVX AVX2 
Cache per CPU package:
L1 Cache: 0 kB
L2 Cache: 12288 kB

MEMORY
Total Memory: 64293 MB
Available Memory: 60926 MB
Memory Devices:

GRAPHICS


DISK DRIVES

NETWORK:
eth0 

PORTS:
Communications Port: ttyS0

USB HOST CONTROLLERS AND DEVICES:

DISK CONTROLLERS:
******************
DETAILED EVENT LOG
******************
LOG NOTE: 2019-10-11 18:10:35, Status, Completed started test run
SERIOUS: 2019-10-11 18:10:35, Disk, /dev/sda1: File system not mounted
SERIOUS: 2019-10-11 18:10:35, RAM, Error allocating RAM
LOG NOTE: 2019-10-11 18:10:40, Status, Test run stopped

**************
RESULT SUMMARY
**************
Test Start time: Fri Oct 11 18:10:33 2019 
Test Stop time: Fri Oct 11 18:10:38 2019
Test Duration: 000h 00m 05s 

                          Test Name   Cycles   Operations      Result  Errors   Last Error
                        CPU - Maths   1        14.617 Billion  PASS    0        No errors
                       Memory (RAM)   0        0               FAIL    1        Error allocating RAM
                    Disk: /dev/sda1   0        0               FAIL    1        File system not mounted
          Network: eth0 (127.0.0.1)   0        0               PASS    0        No errors
TEST RUN FAILED

*********************
SERIOUS ERROR SUMMARY
*********************
SERIOUS: 2019-10-11 18:10:35, RAM, SERIOUS: Error allocating RAM (x 1)
SERIOUS: 2019-10-11 18:10:35, Disk, SERIOUS: File system not mounted (x 1)

-----------------------------------------------------------------------------------------------------
PassMark BurnInTest Log file  -  http://www.passmark.com
========================================================

BurnInTest v4.1 (1000) Linux 64bit
Logging detail level: Normal

*** Unlicensed Trial Version ***
******************
SYSTEM SUMMARY
******************
Linux 4.15.0-55-generic
1 x Intel(R) Xeon(R) CPU D-1548 @ 2.00GHz
0 MB RAM

GENERAL
System Name: 6829d3f532e8
Motherboard Manufacturer: N/A
Motherboard Model: N/A
Motherboard Version: N/A
Motherboard Serial: 
Bios Manufacturer: N/A
Bios Version: N/A
Bios Release Date: N/A

CPU
CPU Manufacturer: GenuineIntel
CPU Type: Intel(R) Xeon(R) CPU D-1548 @ 2.00GHz
Speed: 798.4 MHz
CPUID: Family 6, Model 86, Stepping 3
Physical CPU's: 1
Cores per CPU: 8
Hyperthreading: Enabled
CPU Features: MMX SSE SSE2 SSE3 SSE4.1 SSE4.2 PAE VMX SMX AES AVX AVX2 
Cache per CPU package:
L1 Cache: 0 kB
L2 Cache: 12288 kB

MEMORY
Total Memory: 64293 MB
Available Memory: 60925 MB
Memory Devices:

GRAPHICS


DISK DRIVES

NETWORK:
eth0 

PORTS:
Communications Port: ttyS0

USB HOST CONTROLLERS AND DEVICES:

DISK CONTROLLERS:
******************
DETAILED EVENT LOG
******************
LOG NOTE: 2019-10-11 18:10:41, Status, Completed started test run
SERIOUS: 2019-10-11 18:10:41, Disk, /dev/sda1: File system not mounted
SERIOUS: 2019-10-11 18:10:41, RAM, Error allocating RAM
LOG NOTE: 2019-10-11 18:10:46, Status, Test run stopped

**************
RESULT SUMMARY
**************
Test Start time: Fri Oct 11 18:10:40 2019 
Test Stop time: Fri Oct 11 18:10:44 2019
Test Duration: 000h 00m 04s 

                          Test Name   Cycles   Operations      Result  Errors   Last Error
                        CPU - Maths   1        13.943 Billion  PASS    0        No errors
                       Memory (RAM)   0        0               FAIL    1        Error allocating RAM
                    Disk: /dev/sda1   0        0               FAIL    1        File system not mounted
          Network: eth0 (127.0.0.1)   0        0               PASS    0        No errors
TEST RUN FAILED

*********************
SERIOUS ERROR SUMMARY
*********************
SERIOUS: 2019-10-11 18:10:41, RAM, SERIOUS: Error allocating RAM (x 1)
SERIOUS: 2019-10-11 18:10:41, Disk, SERIOUS: File system not mounted (x 1)

-----------------------------------------------------------------------------------------------------
PassMark BurnInTest Log file  -  http://www.passmark.com
========================================================

BurnInTest v4.1 (1000) Linux 64bit
Logging detail level: Normal

*** Unlicensed Trial Version ***
******************
SYSTEM SUMMARY
******************
Linux 4.15.0-55-generic
1 x Intel(R) Xeon(R) CPU D-1548 @ 2.00GHz
0 MB RAM

GENERAL
System Name: 6829d3f532e8
Motherboard Manufacturer: N/A
Motherboard Model: N/A
Motherboard Version: N/A
Motherboard Serial: 
Bios Manufacturer: N/A
Bios Version: N/A
Bios Release Date: N/A

CPU
CPU Manufacturer: GenuineIntel
CPU Type: Intel(R) Xeon(R) CPU D-1548 @ 2.00GHz
Speed: 798.5 MHz
CPUID: Family 6, Model 86, Stepping 3
Physical CPU's: 1
Cores per CPU: 8
Hyperthreading: Enabled
CPU Features: MMX SSE SSE2 SSE3 SSE4.1 SSE4.2 PAE VMX SMX AES AVX AVX2 
Cache per CPU package:
L1 Cache: 0 kB
L2 Cache: 12288 kB

MEMORY
Total Memory: 64293 MB
Available Memory: 60923 MB
Memory Devices:

GRAPHICS


DISK DRIVES

NETWORK:
eth0 

PORTS:
Communications Port: ttyS0

USB HOST CONTROLLERS AND DEVICES:

DISK CONTROLLERS:
******************
DETAILED EVENT LOG
******************
LOG NOTE: 2019-10-11 18:10:47, Status, Completed started test run
SERIOUS: 2019-10-11 18:10:47, Disk, /dev/sda1: File system not mounted
SERIOUS: 2019-10-11 18:10:48, RAM, Error allocating RAM
LOG NOTE: 2019-10-11 18:10:52, Status, Test run stopped

**************
RESULT SUMMARY
**************
Test Start time: Fri Oct 11 18:10:46 2019 
Test Stop time: Fri Oct 11 18:10:50 2019
Test Duration: 000h 00m 04s 

                          Test Name   Cycles   Operations      Result  Errors   Last Error
                        CPU - Maths   1        13.871 Billion  PASS    0        No errors
                       Memory (RAM)   0        0               FAIL    1        Error allocating RAM
                    Disk: /dev/sda1   0        0               FAIL    1        File system not mounted
          Network: eth0 (127.0.0.1)   0        0               PASS    0        No errors
TEST RUN FAILED

*********************
SERIOUS ERROR SUMMARY
*********************
SERIOUS: 2019-10-11 18:10:48, RAM, SERIOUS: Error allocating RAM (x 1)
SERIOUS: 2019-10-11 18:10:47, Disk, SERIOUS: File system not mounted (x 1)

-----------------------------------------------------------------------------------------------------
PassMark BurnInTest Log file  -  http://www.passmark.com
========================================================

BurnInTest v4.1 (1000) Linux 64bit
Logging detail level: Normal

*** Unlicensed Trial Version ***
******************
SYSTEM SUMMARY
******************
Linux 4.15.0-55-generic
1 x Intel(R) Xeon(R) CPU D-1548 @ 2.00GHz
0 MB RAM

GENERAL
System Name: 6829d3f532e8
Motherboard Manufacturer: N/A
Motherboard Model: N/A
Motherboard Version: N/A
Motherboard Serial: 
Bios Manufacturer: N/A
Bios Version: N/A
Bios Release Date: N/A

CPU
CPU Manufacturer: GenuineIntel
CPU Type: Intel(R) Xeon(R) CPU D-1548 @ 2.00GHz
Speed: 798.4 MHz
CPUID: Family 6, Model 86, Stepping 3
Physical CPU's: 1
Cores per CPU: 8
Hyperthreading: Enabled
CPU Features: MMX SSE SSE2 SSE3 SSE4.1 SSE4.2 PAE VMX SMX AES AVX AVX2 
Cache per CPU package:
L1 Cache: 0 kB
L2 Cache: 12288 kB

MEMORY
Total Memory: 64293 MB
Available Memory: 60898 MB
Memory Devices:

GRAPHICS


DISK DRIVES

NETWORK:
eth0 

PORTS:
Communications Port: ttyS0

USB HOST CONTROLLERS AND DEVICES:

DISK CONTROLLERS:
******************
DETAILED EVENT LOG
******************
LOG NOTE: 2019-10-11 18:10:54, Status, Completed started test run
SERIOUS: 2019-10-11 18:10:54, Disk, /dev/sda1: File system not mounted
SERIOUS: 2019-10-11 18:10:54, RAM, Error allocating RAM
PassMark BurnInTest Log file  -  http://www.passmark.com
========================================================

BurnInTest v4.1 (1000) Linux 64bit
Logging detail level: Normal

*** Unlicensed Trial Version ***
******************
SYSTEM SUMMARY
******************
Linux 4.15.0-55-generic
1 x Intel(R) Xeon(R) CPU D-1548 @ 2.00GHz
0 MB RAM

GENERAL
System Name: 6829d3f532e8
Motherboard Manufacturer: N/A
Motherboard Model: N/A
Motherboard Version: N/A
Motherboard Serial: 
Bios Manufacturer: N/A
Bios Version: N/A
Bios Release Date: N/A

CPU
CPU Manufacturer: GenuineIntel
CPU Type: Intel(R) Xeon(R) CPU D-1548 @ 2.00GHz
Speed: 798.2 MHz
CPUID: Family 6, Model 86, Stepping 3
Physical CPU's: 1
Cores per CPU: 8
Hyperthreading: Enabled
CPU Features: MMX SSE SSE2 SSE3 SSE4.1 SSE4.2 PAE VMX SMX AES AVX AVX2 
Cache per CPU package:
L1 Cache: 0 kB
L2 Cache: 12288 kB

MEMORY
Total Memory: 64293 MB
Available Memory: 60888 MB
Memory Devices:

GRAPHICS


DISK DRIVES

NETWORK:
eth0 

PORTS:
Communications Port: ttyS0

USB HOST CONTROLLERS AND DEVICES:

DISK CONTROLLERS:
******************
DETAILED EVENT LOG
******************
LOG NOTE: 2019-10-11 18:14:09, Status, Completed started test run
LOG NOTE: 2019-10-11 18:29:10, Status, Test run stopped

**************
RESULT SUMMARY
**************
Test Start time: Fri Oct 11 18:14:08 2019 
Test Stop time: Fri Oct 11 18:29:10 2019
Test Duration: 000h 15m 02s 

                          Test Name   Cycles   Operations      Result  Errors   Last Error
                        CPU - Maths   28789    13.613 Billion  PASS    0        No errors
TEST RUN PASSED

*********************
SERIOUS ERROR SUMMARY
*********************

-----------------------------------------------------------------------------------------------------
PassMark BurnInTest Log file  -  http://www.passmark.com
========================================================

BurnInTest v4.1 (1000) Linux 64bit
Logging detail level: Normal

*** Unlicensed Trial Version ***
******************
SYSTEM SUMMARY
******************
Linux 4.15.0-55-generic
1 x Intel(R) Xeon(R) CPU D-1548 @ 2.00GHz
0 MB RAM

GENERAL
System Name: 6829d3f532e8
Motherboard Manufacturer: N/A
Motherboard Model: N/A
Motherboard Version: N/A
Motherboard Serial: 
Bios Manufacturer: N/A
Bios Version: N/A
Bios Release Date: N/A

CPU
CPU Manufacturer: GenuineIntel
CPU Type: Intel(R) Xeon(R) CPU D-1548 @ 2.00GHz
Speed: 798.6 MHz
CPUID: Family 6, Model 86, Stepping 3
Physical CPU's: 1
Cores per CPU: 8
Hyperthreading: Enabled
CPU Features: MMX SSE SSE2 SSE3 SSE4.1 SSE4.2 PAE VMX SMX AES AVX AVX2 
Cache per CPU package:
L1 Cache: 0 kB
L2 Cache: 12288 kB

MEMORY
Total Memory: 64293 MB
Available Memory: 60917 MB
Memory Devices:

GRAPHICS


DISK DRIVES

NETWORK:
eth0 

PORTS:
Communications Port: ttyS0

USB HOST CONTROLLERS AND DEVICES:

DISK CONTROLLERS:
******************
DETAILED EVENT LOG
******************
LOG NOTE: 2019-10-11 18:29:12, Status, Completed started test run
LOG NOTE: 2019-10-11 18:44:12, Status, Test run stopped

**************
RESULT SUMMARY
**************
Test Start time: Fri Oct 11 18:29:10 2019 
Test Stop time: Fri Oct 11 18:44:12 2019
Test Duration: 000h 15m 02s 

                          Test Name   Cycles   Operations      Result  Errors   Last Error
                        CPU - Maths   28760    13.604 Billion  PASS    0        No errors
TEST RUN PASSED

*********************
SERIOUS ERROR SUMMARY
*********************

-----------------------------------------------------------------------------------------------------
PassMark BurnInTest Log file  -  http://www.passmark.com
========================================================

BurnInTest v4.1 (1000) Linux 64bit
Logging detail level: Normal

*** Unlicensed Trial Version ***
******************
SYSTEM SUMMARY
******************
Linux 4.15.0-55-generic
1 x Intel(R) Xeon(R) CPU D-1548 @ 2.00GHz
0 MB RAM

GENERAL
System Name: 6829d3f532e8
Motherboard Manufacturer: N/A
Motherboard Model: N/A
Motherboard Version: N/A
Motherboard Serial: 
Bios Manufacturer: N/A
Bios Version: N/A
Bios Release Date: N/A

CPU
CPU Manufacturer: GenuineIntel
CPU Type: Intel(R) Xeon(R) CPU D-1548 @ 2.00GHz
Speed: 799.7 MHz
CPUID: Family 6, Model 86, Stepping 3
Physical CPU's: 1
Cores per CPU: 8
Hyperthreading: Enabled
CPU Features: MMX SSE SSE2 SSE3 SSE4.1 SSE4.2 PAE VMX SMX AES AVX AVX2 
Cache per CPU package:
L1 Cache: 0 kB
L2 Cache: 12288 kB

MEMORY
Total Memory: 64293 MB
Available Memory: 60910 MB
Memory Devices:

GRAPHICS


DISK DRIVES

NETWORK:
eth0 

PORTS:
Communications Port: ttyS0

USB HOST CONTROLLERS AND DEVICES:

DISK CONTROLLERS:
******************
DETAILED EVENT LOG
******************
LOG NOTE: 2019-10-11 18:44:14, Status, Completed started test run
LOG NOTE: 2019-10-11 18:59:14, Status, Test run stopped

**************
RESULT SUMMARY
**************
Test Start time: Fri Oct 11 18:44:12 2019 
Test Stop time: Fri Oct 11 18:59:14 2019
Test Duration: 000h 15m 02s 

                          Test Name   Cycles   Operations      Result  Errors   Last Error
                        CPU - Maths   28759    13.602 Billion  PASS    0        No errors
TEST RUN PASSED

*********************
SERIOUS ERROR SUMMARY
*********************

-----------------------------------------------------------------------------------------------------
PassMark BurnInTest Log file  -  http://www.passmark.com
========================================================

BurnInTest v4.1 (1000) Linux 64bit
Logging detail level: Normal

*** Unlicensed Trial Version ***
******************
SYSTEM SUMMARY
******************
Linux 4.15.0-55-generic
1 x Intel(R) Xeon(R) CPU D-1548 @ 2.00GHz
0 MB RAM

GENERAL
System Name: 6829d3f532e8
Motherboard Manufacturer: N/A
Motherboard Model: N/A
Motherboard Version: N/A
Motherboard Serial: 
Bios Manufacturer: N/A
Bios Version: N/A
Bios Release Date: N/A

CPU
CPU Manufacturer: GenuineIntel
CPU Type: Intel(R) Xeon(R) CPU D-1548 @ 2.00GHz
Speed: 798.4 MHz
CPUID: Family 6, Model 86, Stepping 3
Physical CPU's: 1
Cores per CPU: 8
Hyperthreading: Enabled
CPU Features: MMX SSE SSE2 SSE3 SSE4.1 SSE4.2 PAE VMX SMX AES AVX AVX2 
Cache per CPU package:
L1 Cache: 0 kB
L2 Cache: 12288 kB

MEMORY
Total Memory: 64293 MB
Available Memory: 60906 MB
Memory Devices:

GRAPHICS


DISK DRIVES

NETWORK:
eth0 

PORTS:
Communications Port: ttyS0

USB HOST CONTROLLERS AND DEVICES:

DISK CONTROLLERS:
******************
DETAILED EVENT LOG
******************
LOG NOTE: 2019-10-11 18:59:16, Status, Completed started test run
LOG NOTE: 2019-10-11 19:14:16, Status, Test run stopped

**************
RESULT SUMMARY
**************
Test Start time: Fri Oct 11 18:59:14 2019 
Test Stop time: Fri Oct 11 19:14:16 2019
Test Duration: 000h 15m 02s 

                          Test Name   Cycles   Operations      Result  Errors   Last Error
                        CPU - Maths   28773    13.607 Billion  PASS    0        No errors
TEST RUN PASSED

*********************
SERIOUS ERROR SUMMARY
*********************

-----------------------------------------------------------------------------------------------------
PassMark BurnInTest Log file  -  http://www.passmark.com
========================================================

BurnInTest v4.1 (1000) Linux 64bit
Logging detail level: Normal

*** Unlicensed Trial Version ***
******************
SYSTEM SUMMARY
******************
Linux 4.15.0-55-generic
1 x Intel(R) Xeon(R) CPU D-1548 @ 2.00GHz
0 MB RAM

GENERAL
System Name: 6829d3f532e8
Motherboard Manufacturer: N/A
Motherboard Model: N/A
Motherboard Version: N/A
Motherboard Serial: 
Bios Manufacturer: N/A
Bios Version: N/A
Bios Release Date: N/A

CPU
CPU Manufacturer: GenuineIntel
CPU Type: Intel(R) Xeon(R) CPU D-1548 @ 2.00GHz
Speed: 799.6 MHz
CPUID: Family 6, Model 86, Stepping 3
Physical CPU's: 1
Cores per CPU: 8
Hyperthreading: Enabled
CPU Features: MMX SSE SSE2 SSE3 SSE4.1 SSE4.2 PAE VMX SMX AES AVX AVX2 
Cache per CPU package:
L1 Cache: 0 kB
L2 Cache: 12288 kB

MEMORY
Total Memory: 64293 MB
Available Memory: 60901 MB
Memory Devices:

GRAPHICS


DISK DRIVES

NETWORK:
eth0 

PORTS:
Communications Port: ttyS0

USB HOST CONTROLLERS AND DEVICES:

DISK CONTROLLERS:
******************
DETAILED EVENT LOG
******************
LOG NOTE: 2019-10-11 19:14:18, Status, Completed started test run
LOG NOTE: 2019-10-11 19:29:19, Status, Test run stopped

**************
RESULT SUMMARY
**************
Test Start time: Fri Oct 11 19:14:17 2019 
Test Stop time: Fri Oct 11 19:29:19 2019
Test Duration: 000h 15m 02s 

                          Test Name   Cycles   Operations      Result  Errors   Last Error
                        CPU - Maths   28786    13.613 Billion  PASS    0        No errors
TEST RUN PASSED

*********************
SERIOUS ERROR SUMMARY
*********************

-----------------------------------------------------------------------------------------------------
PassMark BurnInTest Log file  -  http://www.passmark.com
========================================================

BurnInTest v4.1 (1000) Linux 64bit
Logging detail level: Normal

*** Unlicensed Trial Version ***
******************
SYSTEM SUMMARY
******************
Linux 4.15.0-55-generic
1 x Intel(R) Xeon(R) CPU D-1548 @ 2.00GHz
0 MB RAM

GENERAL
System Name: 6829d3f532e8
Motherboard Manufacturer: N/A
Motherboard Model: N/A
Motherboard Version: N/A
Motherboard Serial: 
Bios Manufacturer: N/A
Bios Version: N/A
Bios Release Date: N/A

CPU
CPU Manufacturer: GenuineIntel
CPU Type: Intel(R) Xeon(R) CPU D-1548 @ 2.00GHz
Speed: 798.4 MHz
CPUID: Family 6, Model 86, Stepping 3
Physical CPU's: 1
Cores per CPU: 8
Hyperthreading: Enabled
CPU Features: MMX SSE SSE2 SSE3 SSE4.1 SSE4.2 PAE VMX SMX AES AVX AVX2 
Cache per CPU package:
L1 Cache: 0 kB
L2 Cache: 12288 kB

MEMORY
Total Memory: 64293 MB
Available Memory: 60897 MB
Memory Devices:

GRAPHICS


DISK DRIVES

NETWORK:
eth0 

PORTS:
Communications Port: ttyS0

USB HOST CONTROLLERS AND DEVICES:

DISK CONTROLLERS:
******************
DETAILED EVENT LOG
******************
LOG NOTE: 2019-10-11 19:29:21, Status, Completed started test run
LOG NOTE: 2019-10-11 19:44:21, Status, Test run stopped

**************
RESULT SUMMARY
**************
Test Start time: Fri Oct 11 19:29:19 2019 
Test Stop time: Fri Oct 11 19:44:21 2019
Test Duration: 000h 15m 02s 

                          Test Name   Cycles   Operations      Result  Errors   Last Error
                        CPU - Maths   28760    13.602 Billion  PASS    0        No errors
TEST RUN PASSED

*********************
SERIOUS ERROR SUMMARY
*********************

-----------------------------------------------------------------------------------------------------
PassMark BurnInTest Log file  -  http://www.passmark.com
========================================================

BurnInTest v4.1 (1000) Linux 64bit
Logging detail level: Normal

*** Unlicensed Trial Version ***
******************
SYSTEM SUMMARY
******************
Linux 4.15.0-55-generic
1 x Intel(R) Xeon(R) CPU D-1548 @ 2.00GHz
0 MB RAM

GENERAL
System Name: 6829d3f532e8
Motherboard Manufacturer: N/A
Motherboard Model: N/A
Motherboard Version: N/A
Motherboard Serial: 
Bios Manufacturer: N/A
Bios Version: N/A
Bios Release Date: N/A

CPU
CPU Manufacturer: GenuineIntel
CPU Type: Intel(R) Xeon(R) CPU D-1548 @ 2.00GHz
Speed: 798.2 MHz
CPUID: Family 6, Model 86, Stepping 3
Physical CPU's: 1
Cores per CPU: 8
Hyperthreading: Enabled
CPU Features: MMX SSE SSE2 SSE3 SSE4.1 SSE4.2 PAE VMX SMX AES AVX AVX2 
Cache per CPU package:
L1 Cache: 0 kB
L2 Cache: 12288 kB

MEMORY
Total Memory: 64293 MB
Available Memory: 60895 MB
Memory Devices:

GRAPHICS


DISK DRIVES

NETWORK:
eth0 

PORTS:
Communications Port: ttyS0

USB HOST CONTROLLERS AND DEVICES:

DISK CONTROLLERS:
******************
DETAILED EVENT LOG
******************
LOG NOTE: 2019-10-11 19:44:23, Status, Completed started test run
LOG NOTE: 2019-10-11 19:59:23, Status, Test run stopped

**************
RESULT SUMMARY
**************
Test Start time: Fri Oct 11 19:44:21 2019 
Test Stop time: Fri Oct 11 19:59:23 2019
Test Duration: 000h 15m 02s 

                          Test Name   Cycles   Operations      Result  Errors   Last Error
                        CPU - Maths   28760    13.604 Billion  PASS    0        No errors
TEST RUN PASSED

*********************
SERIOUS ERROR SUMMARY
*********************

-----------------------------------------------------------------------------------------------------
PassMark BurnInTest Log file  -  http://www.passmark.com
========================================================

BurnInTest v4.1 (1000) Linux 64bit
Logging detail level: Normal

*** Unlicensed Trial Version ***
******************
SYSTEM SUMMARY
******************
Linux 4.15.0-55-generic
1 x Intel(R) Xeon(R) CPU D-1548 @ 2.00GHz
0 MB RAM

GENERAL
System Name: 6829d3f532e8
Motherboard Manufacturer: N/A
Motherboard Model: N/A
Motherboard Version: N/A
Motherboard Serial: 
Bios Manufacturer: N/A
Bios Version: N/A
Bios Release Date: N/A

CPU
CPU Manufacturer: GenuineIntel
CPU Type: Intel(R) Xeon(R) CPU D-1548 @ 2.00GHz
Speed: 798.5 MHz
CPUID: Family 6, Model 86, Stepping 3
Physical CPU's: 1
Cores per CPU: 8
Hyperthreading: Enabled
CPU Features: MMX SSE SSE2 SSE3 SSE4.1 SSE4.2 PAE VMX SMX AES AVX AVX2 
Cache per CPU package:
L1 Cache: 0 kB
L2 Cache: 12288 kB

MEMORY
Total Memory: 64293 MB
Available Memory: 60891 MB
Memory Devices:

GRAPHICS


DISK DRIVES

NETWORK:
eth0 

PORTS:
Communications Port: ttyS0

USB HOST CONTROLLERS AND DEVICES:

DISK CONTROLLERS:
******************
DETAILED EVENT LOG
******************
LOG NOTE: 2019-10-11 19:59:25, Status, Completed started test run
LOG NOTE: 2019-10-11 20:14:25, Status, Test run stopped

**************
RESULT SUMMARY
**************
Test Start time: Fri Oct 11 19:59:23 2019 
Test Stop time: Fri Oct 11 20:14:25 2019
Test Duration: 000h 15m 02s 

                          Test Name   Cycles   Operations      Result  Errors   Last Error
                        CPU - Maths   28774    13.609 Billion  PASS    0        No errors
TEST RUN PASSED

*********************
SERIOUS ERROR SUMMARY
*********************

-----------------------------------------------------------------------------------------------------
PassMark BurnInTest Log file  -  http://www.passmark.com
========================================================

BurnInTest v4.1 (1000) Linux 64bit
Logging detail level: Normal

*** Unlicensed Trial Version ***
******************
SYSTEM SUMMARY
******************
Linux 4.15.0-55-generic
1 x Intel(R) Xeon(R) CPU D-1548 @ 2.00GHz
0 MB RAM

GENERAL
System Name: 6829d3f532e8
Motherboard Manufacturer: N/A
Motherboard Model: N/A
Motherboard Version: N/A
Motherboard Serial: 
Bios Manufacturer: N/A
Bios Version: N/A
Bios Release Date: N/A

CPU
CPU Manufacturer: GenuineIntel
CPU Type: Intel(R) Xeon(R) CPU D-1548 @ 2.00GHz
Speed: 798.3 MHz
CPUID: Family 6, Model 86, Stepping 3
Physical CPU's: 1
Cores per CPU: 8
Hyperthreading: Enabled
CPU Features: MMX SSE SSE2 SSE3 SSE4.1 SSE4.2 PAE VMX SMX AES AVX AVX2 
Cache per CPU package:
L1 Cache: 0 kB
L2 Cache: 12288 kB

MEMORY
Total Memory: 64293 MB
Available Memory: 60885 MB
Memory Devices:

GRAPHICS


DISK DRIVES

NETWORK:
eth0 

PORTS:
Communications Port: ttyS0

USB HOST CONTROLLERS AND DEVICES:

DISK CONTROLLERS:
******************
DETAILED EVENT LOG
******************
LOG NOTE: 2019-10-11 20:14:27, Status, Completed started test run
LOG NOTE: 2019-10-11 20:29:28, Status, Test run stopped

**************
RESULT SUMMARY
**************
Test Start time: Fri Oct 11 20:14:26 2019 
Test Stop time: Fri Oct 11 20:29:28 2019
Test Duration: 000h 15m 02s 

                          Test Name   Cycles   Operations      Result  Errors   Last Error
                        CPU - Maths   28789    13.616 Billion  PASS    0        No errors
TEST RUN PASSED

*********************
SERIOUS ERROR SUMMARY
*********************

-----------------------------------------------------------------------------------------------------
PassMark BurnInTest Log file  -  http://www.passmark.com
========================================================

BurnInTest v4.1 (1000) Linux 64bit
Logging detail level: Normal

*** Unlicensed Trial Version ***
******************
SYSTEM SUMMARY
******************
Linux 4.15.0-55-generic
1 x Intel(R) Xeon(R) CPU D-1548 @ 2.00GHz
0 MB RAM

GENERAL
System Name: 6829d3f532e8
Motherboard Manufacturer: N/A
Motherboard Model: N/A
Motherboard Version: N/A
Motherboard Serial: 
Bios Manufacturer: N/A
Bios Version: N/A
Bios Release Date: N/A

CPU
CPU Manufacturer: GenuineIntel
CPU Type: Intel(R) Xeon(R) CPU D-1548 @ 2.00GHz
Speed: 799.2 MHz
CPUID: Family 6, Model 86, Stepping 3
Physical CPU's: 1
Cores per CPU: 8
Hyperthreading: Enabled
CPU Features: MMX SSE SSE2 SSE3 SSE4.1 SSE4.2 PAE VMX SMX AES AVX AVX2 
Cache per CPU package:
L1 Cache: 0 kB
L2 Cache: 12288 kB

MEMORY
Total Memory: 64293 MB
Available Memory: 60883 MB
Memory Devices:

GRAPHICS


DISK DRIVES

NETWORK:
eth0 

PORTS:
Communications Port: ttyS0

USB HOST CONTROLLERS AND DEVICES:

DISK CONTROLLERS:
******************
DETAILED EVENT LOG
******************
LOG NOTE: 2019-10-11 20:29:30, Status, Completed started test run
LOG NOTE: 2019-10-11 20:44:30, Status, Test run stopped

**************
RESULT SUMMARY
**************
Test Start time: Fri Oct 11 20:29:28 2019 
Test Stop time: Fri Oct 11 20:44:30 2019
Test Duration: 000h 15m 02s 

                          Test Name   Cycles   Operations      Result  Errors   Last Error
                        CPU - Maths   28754    13.596 Billion  PASS    0        No errors
TEST RUN PASSED

*********************
SERIOUS ERROR SUMMARY
*********************

-----------------------------------------------------------------------------------------------------
PassMark BurnInTest Log file  -  http://www.passmark.com
========================================================

BurnInTest v4.1 (1000) Linux 64bit
Logging detail level: Normal

*** Unlicensed Trial Version ***
******************
SYSTEM SUMMARY
******************
Linux 4.15.0-55-generic
1 x Intel(R) Xeon(R) CPU D-1548 @ 2.00GHz
0 MB RAM

GENERAL
System Name: 6829d3f532e8
Motherboard Manufacturer: N/A
Motherboard Model: N/A
Motherboard Version: N/A
Motherboard Serial: 
Bios Manufacturer: N/A
Bios Version: N/A
Bios Release Date: N/A

CPU
CPU Manufacturer: GenuineIntel
CPU Type: Intel(R) Xeon(R) CPU D-1548 @ 2.00GHz
Speed: 799.2 MHz
CPUID: Family 6, Model 86, Stepping 3
Physical CPU's: 1
Cores per CPU: 8
Hyperthreading: Enabled
CPU Features: MMX SSE SSE2 SSE3 SSE4.1 SSE4.2 PAE VMX SMX AES AVX AVX2 
Cache per CPU package:
L1 Cache: 0 kB
L2 Cache: 12288 kB

MEMORY
Total Memory: 64293 MB
Available Memory: 60880 MB
Memory Devices:

GRAPHICS


DISK DRIVES

NETWORK:
eth0 

PORTS:
Communications Port: ttyS0

USB HOST CONTROLLERS AND DEVICES:

DISK CONTROLLERS:
******************
DETAILED EVENT LOG
******************
LOG NOTE: 2019-10-11 20:44:32, Status, Completed started test run
LOG NOTE: 2019-10-11 20:59:32, Status, Test run stopped

**************
RESULT SUMMARY
**************
Test Start time: Fri Oct 11 20:44:30 2019 
Test Stop time: Fri Oct 11 20:59:32 2019
Test Duration: 000h 15m 02s 

                          Test Name   Cycles   Operations      Result  Errors   Last Error
                        CPU - Maths   28758    13.601 Billion  PASS    0        No errors
TEST RUN PASSED

*********************
SERIOUS ERROR SUMMARY
*********************

-----------------------------------------------------------------------------------------------------
PassMark BurnInTest Log file  -  http://www.passmark.com
========================================================

BurnInTest v4.1 (1000) Linux 64bit
Logging detail level: Normal

*** Unlicensed Trial Version ***
******************
SYSTEM SUMMARY
******************
Linux 4.15.0-55-generic
1 x Intel(R) Xeon(R) CPU D-1548 @ 2.00GHz
0 MB RAM

GENERAL
System Name: 6829d3f532e8
Motherboard Manufacturer: N/A
Motherboard Model: N/A
Motherboard Version: N/A
Motherboard Serial: 
Bios Manufacturer: N/A
Bios Version: N/A
Bios Release Date: N/A

CPU
CPU Manufacturer: GenuineIntel
CPU Type: Intel(R) Xeon(R) CPU D-1548 @ 2.00GHz
Speed: 798.6 MHz
CPUID: Family 6, Model 86, Stepping 3
Physical CPU's: 1
Cores per CPU: 8
Hyperthreading: Enabled
CPU Features: MMX SSE SSE2 SSE3 SSE4.1 SSE4.2 PAE VMX SMX AES AVX AVX2 
Cache per CPU package:
L1 Cache: 0 kB
L2 Cache: 12288 kB

MEMORY
Total Memory: 64293 MB
Available Memory: 60877 MB
Memory Devices:

GRAPHICS


DISK DRIVES

NETWORK:
eth0 

PORTS:
Communications Port: ttyS0

USB HOST CONTROLLERS AND DEVICES:

DISK CONTROLLERS:
******************
DETAILED EVENT LOG
******************
LOG NOTE: 2019-10-11 20:59:34, Status, Completed started test run
LOG NOTE: 2019-10-11 21:14:34, Status, Test run stopped

**************
RESULT SUMMARY
**************
Test Start time: Fri Oct 11 20:59:32 2019 
Test Stop time: Fri Oct 11 21:14:34 2019
Test Duration: 000h 15m 02s 

                          Test Name   Cycles   Operations      Result  Errors   Last Error
                        CPU - Maths   28775    13.611 Billion  PASS    0        No errors
TEST RUN PASSED

*********************
SERIOUS ERROR SUMMARY
*********************

-----------------------------------------------------------------------------------------------------
PassMark BurnInTest Log file  -  http://www.passmark.com
========================================================

BurnInTest v4.1 (1000) Linux 64bit
Logging detail level: Normal

*** Unlicensed Trial Version ***
******************
SYSTEM SUMMARY
******************
Linux 4.15.0-55-generic
1 x Intel(R) Xeon(R) CPU D-1548 @ 2.00GHz
0 MB RAM

GENERAL
System Name: 6829d3f532e8
Motherboard Manufacturer: N/A
Motherboard Model: N/A
Motherboard Version: N/A
Motherboard Serial: 
Bios Manufacturer: N/A
Bios Version: N/A
Bios Release Date: N/A

CPU
CPU Manufacturer: GenuineIntel
CPU Type: Intel(R) Xeon(R) CPU D-1548 @ 2.00GHz
Speed: 886.9 MHz
CPUID: Family 6, Model 86, Stepping 3
Physical CPU's: 1
Cores per CPU: 8
Hyperthreading: Enabled
CPU Features: MMX SSE SSE2 SSE3 SSE4.1 SSE4.2 PAE VMX SMX AES AVX AVX2 
Cache per CPU package:
L1 Cache: 0 kB
L2 Cache: 12288 kB

MEMORY
Total Memory: 64293 MB
Available Memory: 60874 MB
Memory Devices:

GRAPHICS


DISK DRIVES

NETWORK:
eth0 

PORTS:
Communications Port: ttyS0

USB HOST CONTROLLERS AND DEVICES:

DISK CONTROLLERS:
******************
DETAILED EVENT LOG
******************
LOG NOTE: 2019-10-11 21:14:36, Status, Completed started test run
LOG NOTE: 2019-10-11 21:29:36, Status, Test run stopped

**************
RESULT SUMMARY
**************
Test Start time: Fri Oct 11 21:14:34 2019 
Test Stop time: Fri Oct 11 21:29:36 2019
Test Duration: 000h 15m 02s 

                          Test Name   Cycles   Operations      Result  Errors   Last Error
                        CPU - Maths   28761    13.604 Billion  PASS    0        No errors
TEST RUN PASSED

*********************
SERIOUS ERROR SUMMARY
*********************

-----------------------------------------------------------------------------------------------------
PassMark BurnInTest Log file  -  http://www.passmark.com
========================================================

BurnInTest v4.1 (1000) Linux 64bit
Logging detail level: Normal

*** Unlicensed Trial Version ***
******************
SYSTEM SUMMARY
******************
Linux 4.15.0-55-generic
1 x Intel(R) Xeon(R) CPU D-1548 @ 2.00GHz
0 MB RAM

GENERAL
System Name: 6829d3f532e8
Motherboard Manufacturer: N/A
Motherboard Model: N/A
Motherboard Version: N/A
Motherboard Serial: 
Bios Manufacturer: N/A
Bios Version: N/A
Bios Release Date: N/A

CPU
CPU Manufacturer: GenuineIntel
CPU Type: Intel(R) Xeon(R) CPU D-1548 @ 2.00GHz
Speed: 981.5 MHz
CPUID: Family 6, Model 86, Stepping 3
Physical CPU's: 1
Cores per CPU: 8
Hyperthreading: Enabled
CPU Features: MMX SSE SSE2 SSE3 SSE4.1 SSE4.2 PAE VMX SMX AES AVX AVX2 
Cache per CPU package:
L1 Cache: 0 kB
L2 Cache: 12288 kB

MEMORY
Total Memory: 64293 MB
Available Memory: 60872 MB
Memory Devices:

GRAPHICS


DISK DRIVES

NETWORK:
eth0 

PORTS:
Communications Port: ttyS0

USB HOST CONTROLLERS AND DEVICES:

DISK CONTROLLERS:
******************
DETAILED EVENT LOG
******************
LOG NOTE: 2019-10-11 21:29:38, Status, Completed started test run
LOG NOTE: 2019-10-11 21:44:38, Status, Test run stopped

**************
RESULT SUMMARY
**************
Test Start time: Fri Oct 11 21:29:36 2019 
Test Stop time: Fri Oct 11 21:44:38 2019
Test Duration: 000h 15m 02s 

                          Test Name   Cycles   Operations      Result  Errors   Last Error
                        CPU - Maths   28758    13.600 Billion  PASS    0        No errors
TEST RUN PASSED

*********************
SERIOUS ERROR SUMMARY
*********************

-----------------------------------------------------------------------------------------------------
PassMark BurnInTest Log file  -  http://www.passmark.com
========================================================

BurnInTest v4.1 (1000) Linux 64bit
Logging detail level: Normal

*** Unlicensed Trial Version ***
******************
SYSTEM SUMMARY
******************
Linux 4.15.0-55-generic
1 x Intel(R) Xeon(R) CPU D-1548 @ 2.00GHz
0 MB RAM

GENERAL
System Name: 6829d3f532e8
Motherboard Manufacturer: N/A
Motherboard Model: N/A
Motherboard Version: N/A
Motherboard Serial: 
Bios Manufacturer: N/A
Bios Version: N/A
Bios Release Date: N/A

CPU
CPU Manufacturer: GenuineIntel
CPU Type: Intel(R) Xeon(R) CPU D-1548 @ 2.00GHz
Speed: 799.5 MHz
CPUID: Family 6, Model 86, Stepping 3
Physical CPU's: 1
Cores per CPU: 8
Hyperthreading: Enabled
CPU Features: MMX SSE SSE2 SSE3 SSE4.1 SSE4.2 PAE VMX SMX AES AVX AVX2 
Cache per CPU package:
L1 Cache: 0 kB
L2 Cache: 12288 kB

MEMORY
Total Memory: 64293 MB
Available Memory: 60869 MB
Memory Devices:

GRAPHICS


DISK DRIVES

NETWORK:
eth0 

PORTS:
Communications Port: ttyS0

USB HOST CONTROLLERS AND DEVICES:

DISK CONTROLLERS:
******************
DETAILED EVENT LOG
******************
LOG NOTE: 2019-10-11 21:44:40, Status, Completed started test run
LOG NOTE: 2019-10-11 21:59:40, Status, Test run stopped

**************
RESULT SUMMARY
**************
Test Start time: Fri Oct 11 21:44:38 2019 
Test Stop time: Fri Oct 11 21:59:40 2019
Test Duration: 000h 15m 02s 

                          Test Name   Cycles   Operations      Result  Errors   Last Error
                        CPU - Maths   28754    13.599 Billion  PASS    0        No errors
TEST RUN PASSED

*********************
SERIOUS ERROR SUMMARY
*********************

-----------------------------------------------------------------------------------------------------
PassMark BurnInTest Log file  -  http://www.passmark.com
========================================================

BurnInTest v4.1 (1000) Linux 64bit
Logging detail level: Normal

*** Unlicensed Trial Version ***
******************
SYSTEM SUMMARY
******************
Linux 4.15.0-55-generic
1 x Intel(R) Xeon(R) CPU D-1548 @ 2.00GHz
0 MB RAM

GENERAL
System Name: 6829d3f532e8
Motherboard Manufacturer: N/A
Motherboard Model: N/A
Motherboard Version: N/A
Motherboard Serial: 
Bios Manufacturer: N/A
Bios Version: N/A
Bios Release Date: N/A

CPU
CPU Manufacturer: GenuineIntel
CPU Type: Intel(R) Xeon(R) CPU D-1548 @ 2.00GHz
Speed: 798.3 MHz
CPUID: Family 6, Model 86, Stepping 3
Physical CPU's: 1
Cores per CPU: 8
Hyperthreading: Enabled
CPU Features: MMX SSE SSE2 SSE3 SSE4.1 SSE4.2 PAE VMX SMX AES AVX AVX2 
Cache per CPU package:
L1 Cache: 0 kB
L2 Cache: 12288 kB

MEMORY
Total Memory: 64293 MB
Available Memory: 60866 MB
Memory Devices:

GRAPHICS


DISK DRIVES

NETWORK:
eth0 

PORTS:
Communications Port: ttyS0

USB HOST CONTROLLERS AND DEVICES:

DISK CONTROLLERS:
******************
DETAILED EVENT LOG
******************
LOG NOTE: 2019-10-11 21:59:42, Status, Completed started test run
LOG NOTE: 2019-10-11 22:14:42, Status, Test run stopped

**************
RESULT SUMMARY
**************
Test Start time: Fri Oct 11 21:59:40 2019 
Test Stop time: Fri Oct 11 22:14:42 2019
Test Duration: 000h 15m 02s 

                          Test Name   Cycles   Operations      Result  Errors   Last Error
                        CPU - Maths   28776    13.609 Billion  PASS    0        No errors
TEST RUN PASSED

*********************
SERIOUS ERROR SUMMARY
*********************

-----------------------------------------------------------------------------------------------------
PassMark BurnInTest Log file  -  http://www.passmark.com
========================================================

BurnInTest v4.1 (1000) Linux 64bit
Logging detail level: Normal

*** Unlicensed Trial Version ***
******************
SYSTEM SUMMARY
******************
Linux 4.15.0-55-generic
1 x Intel(R) Xeon(R) CPU D-1548 @ 2.00GHz
0 MB RAM

GENERAL
System Name: 6829d3f532e8
Motherboard Manufacturer: N/A
Motherboard Model: N/A
Motherboard Version: N/A
Motherboard Serial: 
Bios Manufacturer: N/A
Bios Version: N/A
Bios Release Date: N/A

CPU
CPU Manufacturer: GenuineIntel
CPU Type: Intel(R) Xeon(R) CPU D-1548 @ 2.00GHz
Speed: 798.2 MHz
CPUID: Family 6, Model 86, Stepping 3
Physical CPU's: 1
Cores per CPU: 8
Hyperthreading: Enabled
CPU Features: MMX SSE SSE2 SSE3 SSE4.1 SSE4.2 PAE VMX SMX AES AVX AVX2 
Cache per CPU package:
L1 Cache: 0 kB
L2 Cache: 12288 kB

MEMORY
Total Memory: 64293 MB
Available Memory: 60860 MB
Memory Devices:

GRAPHICS


DISK DRIVES

NETWORK:
eth0 

PORTS:
Communications Port: ttyS0

USB HOST CONTROLLERS AND DEVICES:

DISK CONTROLLERS:
******************
DETAILED EVENT LOG
******************
LOG NOTE: 2019-10-11 22:14:44, Status, Completed started test run
LOG NOTE: 2019-10-11 22:29:45, Status, Test run stopped

**************
RESULT SUMMARY
**************
Test Start time: Fri Oct 11 22:14:43 2019 
Test Stop time: Fri Oct 11 22:29:45 2019
Test Duration: 000h 15m 02s 

                          Test Name   Cycles   Operations      Result  Errors   Last Error
                        CPU - Maths   28789    13.615 Billion  PASS    0        No errors
TEST RUN PASSED

*********************
SERIOUS ERROR SUMMARY
*********************

-----------------------------------------------------------------------------------------------------
PassMark BurnInTest Log file  -  http://www.passmark.com
========================================================

BurnInTest v4.1 (1000) Linux 64bit
Logging detail level: Normal

*** Unlicensed Trial Version ***
******************
SYSTEM SUMMARY
******************
Linux 4.15.0-55-generic
1 x Intel(R) Xeon(R) CPU D-1548 @ 2.00GHz
0 MB RAM

GENERAL
System Name: 6829d3f532e8
Motherboard Manufacturer: N/A
Motherboard Model: N/A
Motherboard Version: N/A
Motherboard Serial: 
Bios Manufacturer: N/A
Bios Version: N/A
Bios Release Date: N/A

CPU
CPU Manufacturer: GenuineIntel
CPU Type: Intel(R) Xeon(R) CPU D-1548 @ 2.00GHz
Speed: 798.3 MHz
CPUID: Family 6, Model 86, Stepping 3
Physical CPU's: 1
Cores per CPU: 8
Hyperthreading: Enabled
CPU Features: MMX SSE SSE2 SSE3 SSE4.1 SSE4.2 PAE VMX SMX AES AVX AVX2 
Cache per CPU package:
L1 Cache: 0 kB
L2 Cache: 12288 kB

MEMORY
Total Memory: 64293 MB
Available Memory: 60858 MB
Memory Devices:

GRAPHICS


DISK DRIVES

NETWORK:
eth0 

PORTS:
Communications Port: ttyS0

USB HOST CONTROLLERS AND DEVICES:

DISK CONTROLLERS:
******************
DETAILED EVENT LOG
******************
LOG NOTE: 2019-10-11 22:29:47, Status, Completed started test run
LOG NOTE: 2019-10-11 22:44:47, Status, Test run stopped

**************
RESULT SUMMARY
**************
Test Start time: Fri Oct 11 22:29:45 2019 
Test Stop time: Fri Oct 11 22:44:47 2019
Test Duration: 000h 15m 02s 

                          Test Name   Cycles   Operations      Result  Errors   Last Error
                        CPU - Maths   28755    13.603 Billion  PASS    0        No errors
TEST RUN PASSED

*********************
SERIOUS ERROR SUMMARY
*********************

-----------------------------------------------------------------------------------------------------
PassMark BurnInTest Log file  -  http://www.passmark.com
========================================================

BurnInTest v4.1 (1000) Linux 64bit
Logging detail level: Normal

*** Unlicensed Trial Version ***
******************
SYSTEM SUMMARY
******************
Linux 4.15.0-55-generic
1 x Intel(R) Xeon(R) CPU D-1548 @ 2.00GHz
0 MB RAM

GENERAL
System Name: 6829d3f532e8
Motherboard Manufacturer: N/A
Motherboard Model: N/A
Motherboard Version: N/A
Motherboard Serial: 
Bios Manufacturer: N/A
Bios Version: N/A
Bios Release Date: N/A

CPU
CPU Manufacturer: GenuineIntel
CPU Type: Intel(R) Xeon(R) CPU D-1548 @ 2.00GHz
Speed: 799.5 MHz
CPUID: Family 6, Model 86, Stepping 3
Physical CPU's: 1
Cores per CPU: 8
Hyperthreading: Enabled
CPU Features: MMX SSE SSE2 SSE3 SSE4.1 SSE4.2 PAE VMX SMX AES AVX AVX2 
Cache per CPU package:
L1 Cache: 0 kB
L2 Cache: 12288 kB

MEMORY
Total Memory: 64293 MB
Available Memory: 60857 MB
Memory Devices:

GRAPHICS


DISK DRIVES

NETWORK:
eth0 

PORTS:
Communications Port: ttyS0

USB HOST CONTROLLERS AND DEVICES:

DISK CONTROLLERS:
******************
DETAILED EVENT LOG
******************
LOG NOTE: 2019-10-11 22:44:49, Status, Completed started test run
LOG NOTE: 2019-10-11 22:59:49, Status, Test run stopped

**************
RESULT SUMMARY
**************
Test Start time: Fri Oct 11 22:44:47 2019 
Test Stop time: Fri Oct 11 22:59:49 2019
Test Duration: 000h 15m 02s 

                          Test Name   Cycles   Operations      Result  Errors   Last Error
                        CPU - Maths   28758    13.597 Billion  PASS    0        No errors
TEST RUN PASSED

*********************
SERIOUS ERROR SUMMARY
*********************

-----------------------------------------------------------------------------------------------------
PassMark BurnInTest Log file  -  http://www.passmark.com
========================================================

BurnInTest v4.1 (1000) Linux 64bit
Logging detail level: Normal

*** Unlicensed Trial Version ***
******************
SYSTEM SUMMARY
******************
Linux 4.15.0-55-generic
1 x Intel(R) Xeon(R) CPU D-1548 @ 2.00GHz
0 MB RAM

GENERAL
System Name: 6829d3f532e8
Motherboard Manufacturer: N/A
Motherboard Model: N/A
Motherboard Version: N/A
Motherboard Serial: 
Bios Manufacturer: N/A
Bios Version: N/A
Bios Release Date: N/A

CPU
CPU Manufacturer: GenuineIntel
CPU Type: Intel(R) Xeon(R) CPU D-1548 @ 2.00GHz
Speed: 799.4 MHz
CPUID: Family 6, Model 86, Stepping 3
Physical CPU's: 1
Cores per CPU: 8
Hyperthreading: Enabled
CPU Features: MMX SSE SSE2 SSE3 SSE4.1 SSE4.2 PAE VMX SMX AES AVX AVX2 
Cache per CPU package:
L1 Cache: 0 kB
L2 Cache: 12288 kB

MEMORY
Total Memory: 64293 MB
Available Memory: 60851 MB
Memory Devices:

GRAPHICS


DISK DRIVES

NETWORK:
eth0 

PORTS:
Communications Port: ttyS0

USB HOST CONTROLLERS AND DEVICES:

DISK CONTROLLERS:
******************
DETAILED EVENT LOG
******************
LOG NOTE: 2019-10-11 22:59:51, Status, Completed started test run
LOG NOTE: 2019-10-11 23:14:51, Status, Test run stopped

**************
RESULT SUMMARY
**************
Test Start time: Fri Oct 11 22:59:49 2019 
Test Stop time: Fri Oct 11 23:14:51 2019
Test Duration: 000h 15m 02s 

                          Test Name   Cycles   Operations      Result  Errors   Last Error
                        CPU - Maths   28771    13.607 Billion  PASS    0        No errors
TEST RUN PASSED

*********************
SERIOUS ERROR SUMMARY
*********************

-----------------------------------------------------------------------------------------------------
PassMark BurnInTest Log file  -  http://www.passmark.com
========================================================

BurnInTest v4.1 (1000) Linux 64bit
Logging detail level: Normal

*** Unlicensed Trial Version ***
******************
SYSTEM SUMMARY
******************
Linux 4.15.0-55-generic
1 x Intel(R) Xeon(R) CPU D-1548 @ 2.00GHz
0 MB RAM

GENERAL
System Name: 6829d3f532e8
Motherboard Manufacturer: N/A
Motherboard Model: N/A
Motherboard Version: N/A
Motherboard Serial: 
Bios Manufacturer: N/A
Bios Version: N/A
Bios Release Date: N/A

CPU
CPU Manufacturer: GenuineIntel
CPU Type: Intel(R) Xeon(R) CPU D-1548 @ 2.00GHz
Speed: 847.6 MHz
CPUID: Family 6, Model 86, Stepping 3
Physical CPU's: 1
Cores per CPU: 8
Hyperthreading: Enabled
CPU Features: MMX SSE SSE2 SSE3 SSE4.1 SSE4.2 PAE VMX SMX AES AVX AVX2 
Cache per CPU package:
L1 Cache: 0 kB
L2 Cache: 12288 kB

MEMORY
Total Memory: 64293 MB
Available Memory: 60851 MB
Memory Devices:

GRAPHICS


DISK DRIVES

NETWORK:
eth0 

PORTS:
Communications Port: ttyS0

USB HOST CONTROLLERS AND DEVICES:

DISK CONTROLLERS:
******************
DETAILED EVENT LOG
******************
LOG NOTE: 2019-10-11 23:14:53, Status, Completed started test run
LOG NOTE: 2019-10-11 23:29:54, Status, Test run stopped

**************
RESULT SUMMARY
**************
Test Start time: Fri Oct 11 23:14:52 2019 
Test Stop time: Fri Oct 11 23:29:54 2019
Test Duration: 000h 15m 02s 

                          Test Name   Cycles   Operations      Result  Errors   Last Error
                        CPU - Maths   28791    13.616 Billion  PASS    0        No errors
TEST RUN PASSED

*********************
SERIOUS ERROR SUMMARY
*********************

-----------------------------------------------------------------------------------------------------
PassMark BurnInTest Log file  -  http://www.passmark.com
========================================================

BurnInTest v4.1 (1000) Linux 64bit
Logging detail level: Normal

*** Unlicensed Trial Version ***
******************
SYSTEM SUMMARY
******************
Linux 4.15.0-55-generic
1 x Intel(R) Xeon(R) CPU D-1548 @ 2.00GHz
0 MB RAM

GENERAL
System Name: 6829d3f532e8
Motherboard Manufacturer: N/A
Motherboard Model: N/A
Motherboard Version: N/A
Motherboard Serial: 
Bios Manufacturer: N/A
Bios Version: N/A
Bios Release Date: N/A

CPU
CPU Manufacturer: GenuineIntel
CPU Type: Intel(R) Xeon(R) CPU D-1548 @ 2.00GHz
Speed: 809.7 MHz
CPUID: Family 6, Model 86, Stepping 3
Physical CPU's: 1
Cores per CPU: 8
Hyperthreading: Enabled
CPU Features: MMX SSE SSE2 SSE3 SSE4.1 SSE4.2 PAE VMX SMX AES AVX AVX2 
Cache per CPU package:
L1 Cache: 0 kB
L2 Cache: 12288 kB

MEMORY
Total Memory: 64293 MB
Available Memory: 60848 MB
Memory Devices:

GRAPHICS


DISK DRIVES

NETWORK:
eth0 

PORTS:
Communications Port: ttyS0

USB HOST CONTROLLERS AND DEVICES:

DISK CONTROLLERS:
******************
DETAILED EVENT LOG
******************
LOG NOTE: 2019-10-11 23:29:56, Status, Completed started test run
LOG NOTE: 2019-10-11 23:44:56, Status, Test run stopped

**************
RESULT SUMMARY
**************
Test Start time: Fri Oct 11 23:29:54 2019 
Test Stop time: Fri Oct 11 23:44:56 2019
Test Duration: 000h 15m 02s 

                          Test Name   Cycles   Operations      Result  Errors   Last Error
                        CPU - Maths   28758    13.602 Billion  PASS    0        No errors
TEST RUN PASSED

*********************
SERIOUS ERROR SUMMARY
*********************

-----------------------------------------------------------------------------------------------------
PassMark BurnInTest Log file  -  http://www.passmark.com
========================================================

BurnInTest v4.1 (1000) Linux 64bit
Logging detail level: Normal

*** Unlicensed Trial Version ***
******************
SYSTEM SUMMARY
******************
Linux 4.15.0-55-generic
1 x Intel(R) Xeon(R) CPU D-1548 @ 2.00GHz
0 MB RAM

GENERAL
System Name: 6829d3f532e8
Motherboard Manufacturer: N/A
Motherboard Model: N/A
Motherboard Version: N/A
Motherboard Serial: 
Bios Manufacturer: N/A
Bios Version: N/A
Bios Release Date: N/A

CPU
CPU Manufacturer: GenuineIntel
CPU Type: Intel(R) Xeon(R) CPU D-1548 @ 2.00GHz
Speed: 814.2 MHz
CPUID: Family 6, Model 86, Stepping 3
Physical CPU's: 1
Cores per CPU: 8
Hyperthreading: Enabled
CPU Features: MMX SSE SSE2 SSE3 SSE4.1 SSE4.2 PAE VMX SMX AES AVX AVX2 
Cache per CPU package:
L1 Cache: 0 kB
L2 Cache: 12288 kB

MEMORY
Total Memory: 64293 MB
Available Memory: 60843 MB
Memory Devices:

GRAPHICS


DISK DRIVES

NETWORK:
eth0 

PORTS:
Communications Port: ttyS0

USB HOST CONTROLLERS AND DEVICES:

DISK CONTROLLERS:
******************
DETAILED EVENT LOG
******************
LOG NOTE: 2019-10-11 23:44:58, Status, Completed started test run
LOG NOTE: 2019-10-11 23:59:58, Status, Test run stopped

**************
RESULT SUMMARY
**************
Test Start time: Fri Oct 11 23:44:56 2019 
Test Stop time: Fri Oct 11 23:59:58 2019
Test Duration: 000h 15m 02s 

                          Test Name   Cycles   Operations      Result  Errors   Last Error
                        CPU - Maths   28765    13.605 Billion  PASS    0        No errors
TEST RUN PASSED

*********************
SERIOUS ERROR SUMMARY
*********************

-----------------------------------------------------------------------------------------------------
PassMark BurnInTest Log file  -  http://www.passmark.com
========================================================

BurnInTest v4.1 (1000) Linux 64bit
Logging detail level: Normal

*** Unlicensed Trial Version ***
******************
SYSTEM SUMMARY
******************
Linux 4.15.0-55-generic
1 x Intel(R) Xeon(R) CPU D-1548 @ 2.00GHz
0 MB RAM

GENERAL
System Name: 6829d3f532e8
Motherboard Manufacturer: N/A
Motherboard Model: N/A
Motherboard Version: N/A
Motherboard Serial: 
Bios Manufacturer: N/A
Bios Version: N/A
Bios Release Date: N/A

CPU
CPU Manufacturer: GenuineIntel
CPU Type: Intel(R) Xeon(R) CPU D-1548 @ 2.00GHz
Speed: 798.3 MHz
CPUID: Family 6, Model 86, Stepping 3
Physical CPU's: 1
Cores per CPU: 8
Hyperthreading: Enabled
CPU Features: MMX SSE SSE2 SSE3 SSE4.1 SSE4.2 PAE VMX SMX AES AVX AVX2 
Cache per CPU package:
L1 Cache: 0 kB
L2 Cache: 12288 kB

MEMORY
Total Memory: 64293 MB
Available Memory: 60839 MB
Memory Devices:

GRAPHICS


DISK DRIVES

NETWORK:
eth0 

PORTS:
Communications Port: ttyS0

USB HOST CONTROLLERS AND DEVICES:

DISK CONTROLLERS:
******************
DETAILED EVENT LOG
******************
LOG NOTE: 2019-10-12 00:00:00, Status, Completed started test run
LOG NOTE: 2019-10-12 00:15:00, Status, Test run stopped

**************
RESULT SUMMARY
**************
Test Start time: Fri Oct 11 23:59:58 2019 
Test Stop time: Sat Oct 12 00:15:00 2019
Test Duration: 000h 15m 02s 

                          Test Name   Cycles   Operations      Result  Errors   Last Error
                        CPU - Maths   28763    13.605 Billion  PASS    0        No errors
TEST RUN PASSED

*********************
SERIOUS ERROR SUMMARY
*********************

-----------------------------------------------------------------------------------------------------
PassMark BurnInTest Log file  -  http://www.passmark.com
========================================================

BurnInTest v4.1 (1000) Linux 64bit
Logging detail level: Normal

*** Unlicensed Trial Version ***
******************
SYSTEM SUMMARY
******************
Linux 4.15.0-55-generic
1 x Intel(R) Xeon(R) CPU D-1548 @ 2.00GHz
0 MB RAM

GENERAL
System Name: 6829d3f532e8
Motherboard Manufacturer: N/A
Motherboard Model: N/A
Motherboard Version: N/A
Motherboard Serial: 
Bios Manufacturer: N/A
Bios Version: N/A
Bios Release Date: N/A

CPU
CPU Manufacturer: GenuineIntel
CPU Type: Intel(R) Xeon(R) CPU D-1548 @ 2.00GHz
Speed: 798.3 MHz
CPUID: Family 6, Model 86, Stepping 3
Physical CPU's: 1
Cores per CPU: 8
Hyperthreading: Enabled
CPU Features: MMX SSE SSE2 SSE3 SSE4.1 SSE4.2 PAE VMX SMX AES AVX AVX2 
Cache per CPU package:
L1 Cache: 0 kB
L2 Cache: 12288 kB

MEMORY
Total Memory: 64293 MB
Available Memory: 60838 MB
Memory Devices:

GRAPHICS


DISK DRIVES

NETWORK:
eth0 

PORTS:
Communications Port: ttyS0

USB HOST CONTROLLERS AND DEVICES:

DISK CONTROLLERS:
******************
DETAILED EVENT LOG
******************
LOG NOTE: 2019-10-12 00:15:02, Status, Completed started test run
LOG NOTE: 2019-10-12 00:30:02, Status, Test run stopped

**************
RESULT SUMMARY
**************
Test Start time: Sat Oct 12 00:15:00 2019 
Test Stop time: Sat Oct 12 00:30:02 2019
Test Duration: 000h 15m 02s 

                          Test Name   Cycles   Operations      Result  Errors   Last Error
                        CPU - Maths   28779    13.610 Billion  PASS    0        No errors
TEST RUN PASSED

*********************
SERIOUS ERROR SUMMARY
*********************

-----------------------------------------------------------------------------------------------------
PassMark BurnInTest Log file  -  http://www.passmark.com
========================================================

BurnInTest v4.1 (1000) Linux 64bit
Logging detail level: Normal

*** Unlicensed Trial Version ***
******************
SYSTEM SUMMARY
******************
Linux 4.15.0-55-generic
1 x Intel(R) Xeon(R) CPU D-1548 @ 2.00GHz
0 MB RAM

GENERAL
System Name: 6829d3f532e8
Motherboard Manufacturer: N/A
Motherboard Model: N/A
Motherboard Version: N/A
Motherboard Serial: 
Bios Manufacturer: N/A
Bios Version: N/A
Bios Release Date: N/A

CPU
CPU Manufacturer: GenuineIntel
CPU Type: Intel(R) Xeon(R) CPU D-1548 @ 2.00GHz
Speed: 814.4 MHz
CPUID: Family 6, Model 86, Stepping 3
Physical CPU's: 1
Cores per CPU: 8
Hyperthreading: Enabled
CPU Features: MMX SSE SSE2 SSE3 SSE4.1 SSE4.2 PAE VMX SMX AES AVX AVX2 
Cache per CPU package:
L1 Cache: 0 kB
L2 Cache: 12288 kB

MEMORY
Total Memory: 64293 MB
Available Memory: 60833 MB
Memory Devices:

GRAPHICS


DISK DRIVES

NETWORK:
eth0 

PORTS:
Communications Port: ttyS0

USB HOST CONTROLLERS AND DEVICES:

DISK CONTROLLERS:
******************
DETAILED EVENT LOG
******************
LOG NOTE: 2019-10-12 00:30:04, Status, Completed started test run
LOG NOTE: 2019-10-12 00:45:05, Status, Test run stopped

**************
RESULT SUMMARY
**************
Test Start time: Sat Oct 12 00:30:03 2019 
Test Stop time: Sat Oct 12 00:45:05 2019
Test Duration: 000h 15m 02s 

                          Test Name   Cycles   Operations      Result  Errors   Last Error
                        CPU - Maths   28792    13.620 Billion  PASS    0        No errors
TEST RUN PASSED

*********************
SERIOUS ERROR SUMMARY
*********************

-----------------------------------------------------------------------------------------------------
PassMark BurnInTest Log file  -  http://www.passmark.com
========================================================

BurnInTest v4.1 (1000) Linux 64bit
Logging detail level: Normal

*** Unlicensed Trial Version ***
******************
SYSTEM SUMMARY
******************
Linux 4.15.0-55-generic
1 x Intel(R) Xeon(R) CPU D-1548 @ 2.00GHz
0 MB RAM

GENERAL
System Name: 6829d3f532e8
Motherboard Manufacturer: N/A
Motherboard Model: N/A
Motherboard Version: N/A
Motherboard Serial: 
Bios Manufacturer: N/A
Bios Version: N/A
Bios Release Date: N/A

CPU
CPU Manufacturer: GenuineIntel
CPU Type: Intel(R) Xeon(R) CPU D-1548 @ 2.00GHz
Speed: 798.4 MHz
CPUID: Family 6, Model 86, Stepping 3
Physical CPU's: 1
Cores per CPU: 8
Hyperthreading: Enabled
CPU Features: MMX SSE SSE2 SSE3 SSE4.1 SSE4.2 PAE VMX SMX AES AVX AVX2 
Cache per CPU package:
L1 Cache: 0 kB
L2 Cache: 12288 kB

MEMORY
Total Memory: 64293 MB
Available Memory: 60830 MB
Memory Devices:

GRAPHICS


DISK DRIVES

NETWORK:
eth0 

PORTS:
Communications Port: ttyS0

USB HOST CONTROLLERS AND DEVICES:

DISK CONTROLLERS:
******************
DETAILED EVENT LOG
******************
LOG NOTE: 2019-10-12 00:45:07, Status, Completed started test run
LOG NOTE: 2019-10-12 01:00:07, Status, Test run stopped

**************
RESULT SUMMARY
**************
Test Start time: Sat Oct 12 00:45:05 2019 
Test Stop time: Sat Oct 12 01:00:07 2019
Test Duration: 000h 15m 02s 

                          Test Name   Cycles   Operations      Result  Errors   Last Error
                        CPU - Maths   28762    13.605 Billion  PASS    0        No errors
TEST RUN PASSED

*********************
SERIOUS ERROR SUMMARY
*********************

-----------------------------------------------------------------------------------------------------
PassMark BurnInTest Log file  -  http://www.passmark.com
========================================================

BurnInTest v4.1 (1000) Linux 64bit
Logging detail level: Normal

*** Unlicensed Trial Version ***
******************
SYSTEM SUMMARY
******************
Linux 4.15.0-55-generic
1 x Intel(R) Xeon(R) CPU D-1548 @ 2.00GHz
0 MB RAM

GENERAL
System Name: 6829d3f532e8
Motherboard Manufacturer: N/A
Motherboard Model: N/A
Motherboard Version: N/A
Motherboard Serial: 
Bios Manufacturer: N/A
Bios Version: N/A
Bios Release Date: N/A

CPU
CPU Manufacturer: GenuineIntel
CPU Type: Intel(R) Xeon(R) CPU D-1548 @ 2.00GHz
Speed: 798.4 MHz
CPUID: Family 6, Model 86, Stepping 3
Physical CPU's: 1
Cores per CPU: 8
Hyperthreading: Enabled
CPU Features: MMX SSE SSE2 SSE3 SSE4.1 SSE4.2 PAE VMX SMX AES AVX AVX2 
Cache per CPU package:
L1 Cache: 0 kB
L2 Cache: 12288 kB

MEMORY
Total Memory: 64293 MB
Available Memory: 60826 MB
Memory Devices:

GRAPHICS


DISK DRIVES

NETWORK:
eth0 

PORTS:
Communications Port: ttyS0

USB HOST CONTROLLERS AND DEVICES:

DISK CONTROLLERS:
******************
DETAILED EVENT LOG
******************
LOG NOTE: 2019-10-12 01:00:09, Status, Completed started test run
LOG NOTE: 2019-10-12 01:15:09, Status, Test run stopped

**************
RESULT SUMMARY
**************
Test Start time: Sat Oct 12 01:00:07 2019 
Test Stop time: Sat Oct 12 01:15:09 2019
Test Duration: 000h 15m 02s 

                          Test Name   Cycles   Operations      Result  Errors   Last Error
                        CPU - Maths   28772    13.608 Billion  PASS    0        No errors
TEST RUN PASSED

*********************
SERIOUS ERROR SUMMARY
*********************

-----------------------------------------------------------------------------------------------------
PassMark BurnInTest Log file  -  http://www.passmark.com
========================================================

BurnInTest v4.1 (1000) Linux 64bit
Logging detail level: Normal

*** Unlicensed Trial Version ***
******************
SYSTEM SUMMARY
******************
Linux 4.15.0-55-generic
1 x Intel(R) Xeon(R) CPU D-1548 @ 2.00GHz
0 MB RAM

GENERAL
System Name: 6829d3f532e8
Motherboard Manufacturer: N/A
Motherboard Model: N/A
Motherboard Version: N/A
Motherboard Serial: 
Bios Manufacturer: N/A
Bios Version: N/A
Bios Release Date: N/A

CPU
CPU Manufacturer: GenuineIntel
CPU Type: Intel(R) Xeon(R) CPU D-1548 @ 2.00GHz
Speed: 799.6 MHz
CPUID: Family 6, Model 86, Stepping 3
Physical CPU's: 1
Cores per CPU: 8
Hyperthreading: Enabled
CPU Features: MMX SSE SSE2 SSE3 SSE4.1 SSE4.2 PAE VMX SMX AES AVX AVX2 
Cache per CPU package:
L1 Cache: 0 kB
L2 Cache: 12288 kB

MEMORY
Total Memory: 64293 MB
Available Memory: 60824 MB
Memory Devices:

GRAPHICS


DISK DRIVES

NETWORK:
eth0 

PORTS:
Communications Port: ttyS0

USB HOST CONTROLLERS AND DEVICES:

DISK CONTROLLERS:
******************
DETAILED EVENT LOG
******************
LOG NOTE: 2019-10-12 01:15:11, Status, Completed started test run
LOG NOTE: 2019-10-12 01:30:12, Status, Test run stopped

**************
RESULT SUMMARY
**************
Test Start time: Sat Oct 12 01:15:10 2019 
Test Stop time: Sat Oct 12 01:30:12 2019
Test Duration: 000h 15m 02s 

                          Test Name   Cycles   Operations      Result  Errors   Last Error
                        CPU - Maths   28788    13.619 Billion  PASS    0        No errors
TEST RUN PASSED

*********************
SERIOUS ERROR SUMMARY
*********************

-----------------------------------------------------------------------------------------------------
PassMark BurnInTest Log file  -  http://www.passmark.com
========================================================

BurnInTest v4.1 (1000) Linux 64bit
Logging detail level: Normal

*** Unlicensed Trial Version ***
******************
SYSTEM SUMMARY
******************
Linux 4.15.0-55-generic
1 x Intel(R) Xeon(R) CPU D-1548 @ 2.00GHz
0 MB RAM

GENERAL
System Name: 6829d3f532e8
Motherboard Manufacturer: N/A
Motherboard Model: N/A
Motherboard Version: N/A
Motherboard Serial: 
Bios Manufacturer: N/A
Bios Version: N/A
Bios Release Date: N/A

CPU
CPU Manufacturer: GenuineIntel
CPU Type: Intel(R) Xeon(R) CPU D-1548 @ 2.00GHz
Speed: 798.6 MHz
CPUID: Family 6, Model 86, Stepping 3
Physical CPU's: 1
Cores per CPU: 8
Hyperthreading: Enabled
CPU Features: MMX SSE SSE2 SSE3 SSE4.1 SSE4.2 PAE VMX SMX AES AVX AVX2 
Cache per CPU package:
L1 Cache: 0 kB
L2 Cache: 12288 kB

MEMORY
Total Memory: 64293 MB
Available Memory: 60820 MB
Memory Devices:

GRAPHICS


DISK DRIVES

NETWORK:
eth0 

PORTS:
Communications Port: ttyS0

USB HOST CONTROLLERS AND DEVICES:

DISK CONTROLLERS:
******************
DETAILED EVENT LOG
******************
LOG NOTE: 2019-10-12 01:30:14, Status, Completed started test run
LOG NOTE: 2019-10-12 01:45:14, Status, Test run stopped

**************
RESULT SUMMARY
**************
Test Start time: Sat Oct 12 01:30:12 2019 
Test Stop time: Sat Oct 12 01:45:14 2019
Test Duration: 000h 15m 02s 

                          Test Name   Cycles   Operations      Result  Errors   Last Error
                        CPU - Maths   28757    13.601 Billion  PASS    0        No errors
TEST RUN PASSED

*********************
SERIOUS ERROR SUMMARY
*********************

-----------------------------------------------------------------------------------------------------
PassMark BurnInTest Log file  -  http://www.passmark.com
========================================================

BurnInTest v4.1 (1000) Linux 64bit
Logging detail level: Normal

*** Unlicensed Trial Version ***
******************
SYSTEM SUMMARY
******************
Linux 4.15.0-55-generic
1 x Intel(R) Xeon(R) CPU D-1548 @ 2.00GHz
0 MB RAM

GENERAL
System Name: 6829d3f532e8
Motherboard Manufacturer: N/A
Motherboard Model: N/A
Motherboard Version: N/A
Motherboard Serial: 
Bios Manufacturer: N/A
Bios Version: N/A
Bios Release Date: N/A

CPU
CPU Manufacturer: GenuineIntel
CPU Type: Intel(R) Xeon(R) CPU D-1548 @ 2.00GHz
Speed: 798.3 MHz
CPUID: Family 6, Model 86, Stepping 3
Physical CPU's: 1
Cores per CPU: 8
Hyperthreading: Enabled
CPU Features: MMX SSE SSE2 SSE3 SSE4.1 SSE4.2 PAE VMX SMX AES AVX AVX2 
Cache per CPU package:
L1 Cache: 0 kB
L2 Cache: 12288 kB

MEMORY
Total Memory: 64293 MB
Available Memory: 60818 MB
Memory Devices:

GRAPHICS


DISK DRIVES

NETWORK:
eth0 

PORTS:
Communications Port: ttyS0

USB HOST CONTROLLERS AND DEVICES:

DISK CONTROLLERS:
******************
DETAILED EVENT LOG
******************
LOG NOTE: 2019-10-12 01:45:16, Status, Completed started test run
LOG NOTE: 2019-10-12 02:00:16, Status, Test run stopped

**************
RESULT SUMMARY
**************
Test Start time: Sat Oct 12 01:45:14 2019 
Test Stop time: Sat Oct 12 02:00:16 2019
Test Duration: 000h 15m 02s 

                          Test Name   Cycles   Operations      Result  Errors   Last Error
                        CPU - Maths   28757    13.600 Billion  PASS    0        No errors
TEST RUN PASSED

*********************
SERIOUS ERROR SUMMARY
*********************

-----------------------------------------------------------------------------------------------------
PassMark BurnInTest Log file  -  http://www.passmark.com
========================================================

BurnInTest v4.1 (1000) Linux 64bit
Logging detail level: Normal

*** Unlicensed Trial Version ***
******************
SYSTEM SUMMARY
******************
Linux 4.15.0-55-generic
1 x Intel(R) Xeon(R) CPU D-1548 @ 2.00GHz
0 MB RAM

GENERAL
System Name: 6829d3f532e8
Motherboard Manufacturer: N/A
Motherboard Model: N/A
Motherboard Version: N/A
Motherboard Serial: 
Bios Manufacturer: N/A
Bios Version: N/A
Bios Release Date: N/A

CPU
CPU Manufacturer: GenuineIntel
CPU Type: Intel(R) Xeon(R) CPU D-1548 @ 2.00GHz
Speed: 798.4 MHz
CPUID: Family 6, Model 86, Stepping 3
Physical CPU's: 1
Cores per CPU: 8
Hyperthreading: Enabled
CPU Features: MMX SSE SSE2 SSE3 SSE4.1 SSE4.2 PAE VMX SMX AES AVX AVX2 
Cache per CPU package:
L1 Cache: 0 kB
L2 Cache: 12288 kB

MEMORY
Total Memory: 64293 MB
Available Memory: 60816 MB
Memory Devices:

GRAPHICS


DISK DRIVES

NETWORK:
eth0 

PORTS:
Communications Port: ttyS0

USB HOST CONTROLLERS AND DEVICES:

DISK CONTROLLERS:
******************
DETAILED EVENT LOG
******************
LOG NOTE: 2019-10-12 02:00:18, Status, Completed started test run
LOG NOTE: 2019-10-12 02:15:18, Status, Test run stopped

**************
RESULT SUMMARY
**************
Test Start time: Sat Oct 12 02:00:16 2019 
Test Stop time: Sat Oct 12 02:15:18 2019
Test Duration: 000h 15m 02s 

                          Test Name   Cycles   Operations      Result  Errors   Last Error
                        CPU - Maths   28771    13.612 Billion  PASS    0        No errors
TEST RUN PASSED

*********************
SERIOUS ERROR SUMMARY
*********************

-----------------------------------------------------------------------------------------------------
PassMark BurnInTest Log file  -  http://www.passmark.com
========================================================

BurnInTest v4.1 (1000) Linux 64bit
Logging detail level: Normal

*** Unlicensed Trial Version ***
******************
SYSTEM SUMMARY
******************
Linux 4.15.0-55-generic
1 x Intel(R) Xeon(R) CPU D-1548 @ 2.00GHz
0 MB RAM

GENERAL
System Name: 6829d3f532e8
Motherboard Manufacturer: N/A
Motherboard Model: N/A
Motherboard Version: N/A
Motherboard Serial: 
Bios Manufacturer: N/A
Bios Version: N/A
Bios Release Date: N/A

CPU
CPU Manufacturer: GenuineIntel
CPU Type: Intel(R) Xeon(R) CPU D-1548 @ 2.00GHz
Speed: 798.9 MHz
CPUID: Family 6, Model 86, Stepping 3
Physical CPU's: 1
Cores per CPU: 8
Hyperthreading: Enabled
CPU Features: MMX SSE SSE2 SSE3 SSE4.1 SSE4.2 PAE VMX SMX AES AVX AVX2 
Cache per CPU package:
L1 Cache: 0 kB
L2 Cache: 12288 kB

MEMORY
Total Memory: 64293 MB
Available Memory: 60813 MB
Memory Devices:

GRAPHICS


DISK DRIVES

NETWORK:
eth0 

PORTS:
Communications Port: ttyS0

USB HOST CONTROLLERS AND DEVICES:

DISK CONTROLLERS:
******************
DETAILED EVENT LOG
******************
LOG NOTE: 2019-10-12 02:15:20, Status, Completed started test run
LOG NOTE: 2019-10-12 02:30:21, Status, Test run stopped

**************
RESULT SUMMARY
**************
Test Start time: Sat Oct 12 02:15:19 2019 
Test Stop time: Sat Oct 12 02:30:21 2019
Test Duration: 000h 15m 02s 

                          Test Name   Cycles   Operations      Result  Errors   Last Error
                        CPU - Maths   28793    13.619 Billion  PASS    0        No errors
TEST RUN PASSED

*********************
SERIOUS ERROR SUMMARY
*********************

-----------------------------------------------------------------------------------------------------
PassMark BurnInTest Log file  -  http://www.passmark.com
========================================================

BurnInTest v4.1 (1000) Linux 64bit
Logging detail level: Normal

*** Unlicensed Trial Version ***
******************
SYSTEM SUMMARY
******************
Linux 4.15.0-55-generic
1 x Intel(R) Xeon(R) CPU D-1548 @ 2.00GHz
0 MB RAM

GENERAL
System Name: 6829d3f532e8
Motherboard Manufacturer: N/A
Motherboard Model: N/A
Motherboard Version: N/A
Motherboard Serial: 
Bios Manufacturer: N/A
Bios Version: N/A
Bios Release Date: N/A

CPU
CPU Manufacturer: GenuineIntel
CPU Type: Intel(R) Xeon(R) CPU D-1548 @ 2.00GHz
Speed: 798.5 MHz
CPUID: Family 6, Model 86, Stepping 3
Physical CPU's: 1
Cores per CPU: 8
Hyperthreading: Enabled
CPU Features: MMX SSE SSE2 SSE3 SSE4.1 SSE4.2 PAE VMX SMX AES AVX AVX2 
Cache per CPU package:
L1 Cache: 0 kB
L2 Cache: 12288 kB

MEMORY
Total Memory: 64293 MB
Available Memory: 60809 MB
Memory Devices:

GRAPHICS


DISK DRIVES

NETWORK:
eth0 

PORTS:
Communications Port: ttyS0

USB HOST CONTROLLERS AND DEVICES:

DISK CONTROLLERS:
******************
DETAILED EVENT LOG
******************
LOG NOTE: 2019-10-12 02:30:23, Status, Completed started test run
LOG NOTE: 2019-10-12 02:45:23, Status, Test run stopped

**************
RESULT SUMMARY
**************
Test Start time: Sat Oct 12 02:30:21 2019 
Test Stop time: Sat Oct 12 02:45:23 2019
Test Duration: 000h 15m 02s 

                          Test Name   Cycles   Operations      Result  Errors   Last Error
                        CPU - Maths   28757    13.601 Billion  PASS    0        No errors
TEST RUN PASSED

*********************
SERIOUS ERROR SUMMARY
*********************

-----------------------------------------------------------------------------------------------------
