rsa2048-sign pass 8697.8 sign/s
rsa2048-verify pass 307185.3 verify/s
dsa2048-sign pass 20584.7 sign/s
dsa2048-verify pass 24584.1 verify/s
FFT BOGOS/s: 
4310.61
PI BOGOS/s: 
4598644.98
MATRIX BOGOS/s: matrix
1030.48
rsa2048-sign pass 8703.5 sign/s
rsa2048-verify pass 306831.5 verify/s
dsa2048-sign pass 20528.8 sign/s
dsa2048-verify pass 24503.2 verify/s
FFT BOGOS/s: 
4318.74
PI BOGOS/s: 
4598820.43
MATRIX BOGOS/s: matrix
1018.29
rsa2048-sign pass 8702.1 sign/s
rsa2048-verify pass 307659.2 verify/s
dsa2048-sign pass 20557.7 sign/s
dsa2048-verify pass 24517.0 verify/s
FFT BOGOS/s: 
4306.63
PI BOGOS/s: 
4595693.40
MATRIX BOGOS/s: matrix
1024.14
rsa2048-sign pass 8682.2 sign/s
rsa2048-verify pass 306759.0 verify/s
dsa2048-sign pass 20577.5 sign/s
dsa2048-verify pass 24552.5 verify/s
FFT BOGOS/s: 
4315.63
PI BOGOS/s: 
4597028.63
MATRIX BOGOS/s: matrix
1004.57
rsa2048-sign pass 8690.3 sign/s
rsa2048-verify pass 304943.1 verify/s
dsa2048-sign pass 20498.4 sign/s
dsa2048-verify pass 24316.6 verify/s
FFT BOGOS/s: 
4306.70
PI BOGOS/s: 
4588314.19
MATRIX BOGOS/s: matrix
1017.54
rsa2048-sign pass 8684.7 sign/s
rsa2048-verify pass 307383.0 verify/s
dsa2048-sign pass 20546.8 sign/s
dsa2048-verify pass 24519.2 verify/s
FFT BOGOS/s: 
4317.43
PI BOGOS/s: 
4597928.87
MATRIX BOGOS/s: matrix
1028.07
rsa2048-sign pass 8674.7 sign/s
rsa2048-verify pass 307663.1 verify/s
dsa2048-sign pass 20548.2 sign/s
dsa2048-verify pass 24616.5 verify/s
FFT BOGOS/s: 
4313.56
PI BOGOS/s: 
4599840.60
MATRIX BOGOS/s: matrix
1022.77
rsa2048-sign pass 8702.6 sign/s
rsa2048-verify pass 307581.5 verify/s
dsa2048-sign pass 20557.8 sign/s
dsa2048-verify pass 24367.0 verify/s
FFT BOGOS/s: 
4299.35
PI BOGOS/s: 
4596457.90
MATRIX BOGOS/s: matrix
1027.64
rsa2048-sign pass 8702.4 sign/s
rsa2048-verify pass 306715.0 verify/s
dsa2048-sign pass 20564.2 sign/s
dsa2048-verify pass 24420.1 verify/s
FFT BOGOS/s: 
4313.18
PI BOGOS/s: 
4599349.74
MATRIX BOGOS/s: matrix
1030.70
rsa2048-sign pass 8707.7 sign/s
rsa2048-verify pass 307417.1 verify/s
dsa2048-sign pass 20627.8 sign/s
dsa2048-verify pass 24611.8 verify/s
FFT BOGOS/s: 
4322.30
PI BOGOS/s: 
4599776.66
MATRIX BOGOS/s: matrix
1030.07
rsa2048-sign pass 8643.4 sign/s
rsa2048-verify pass 303958.5 verify/s
dsa2048-sign pass 20544.2 sign/s
dsa2048-verify pass 24411.0 verify/s
FFT BOGOS/s: 
4316.08
PI BOGOS/s: 
4602715.50
MATRIX BOGOS/s: matrix
1022.16
rsa2048-sign pass 8687.8 sign/s
rsa2048-verify pass 306909.8 verify/s
dsa2048-sign pass 20627.4 sign/s
dsa2048-verify pass 24470.9 verify/s
FFT BOGOS/s: 
4306.48
PI BOGOS/s: 
4602294.02
MATRIX BOGOS/s: matrix
1014.44
rsa2048-sign pass 8623.6 sign/s
rsa2048-verify pass 303948.5 verify/s
dsa2048-sign pass 20624.1 sign/s
dsa2048-verify pass 24168.9 verify/s
FFT BOGOS/s: 
4313.48
PI BOGOS/s: 
4602397.88
MATRIX BOGOS/s: matrix
1021.60
rsa2048-sign pass 8425.8 sign/s
rsa2048-verify pass 304857.3 verify/s
dsa2048-sign pass 20574.7 sign/s
dsa2048-verify pass 24516.1 verify/s
FFT BOGOS/s: 
4321.97
PI BOGOS/s: 
4602003.50
MATRIX BOGOS/s: matrix
1031.48
rsa2048-sign pass 8689.5 sign/s
rsa2048-verify pass 305523.1 verify/s
dsa2048-sign pass 20583.8 sign/s
dsa2048-verify pass 24132.1 verify/s
FFT BOGOS/s: 
4309.79
PI BOGOS/s: 
4602630.57
MATRIX BOGOS/s: matrix
1017.34
rsa2048-sign pass 8685.3 sign/s
rsa2048-verify pass 307682.1 verify/s
dsa2048-sign pass 20542.1 sign/s
dsa2048-verify pass 24418.3 verify/s
FFT BOGOS/s: 
4321.05
PI BOGOS/s: 
4601035.79
MATRIX BOGOS/s: matrix
1014.57
rsa2048-sign pass 8698.0 sign/s
rsa2048-verify pass 304827.0 verify/s
dsa2048-sign pass 20605.4 sign/s
dsa2048-verify pass 24564.3 verify/s
FFT BOGOS/s: 
4321.86
PI BOGOS/s: 
4602438.64
MATRIX BOGOS/s: matrix
1027.87
rsa2048-sign pass 8683.3 sign/s
rsa2048-verify pass 306902.7 verify/s
dsa2048-sign pass 20560.5 sign/s
dsa2048-verify pass 24580.8 verify/s
FFT BOGOS/s: 
4304.73
PI BOGOS/s: 
4602187.14
MATRIX BOGOS/s: matrix
1026.91
rsa2048-sign pass 8605.9 sign/s
rsa2048-verify pass 303864.1 verify/s
dsa2048-sign pass 20627.9 sign/s
dsa2048-verify pass 24447.4 verify/s
FFT BOGOS/s: 
4311.32
PI BOGOS/s: 
4596542.96
MATRIX BOGOS/s: matrix
1021.77
rsa2048-sign pass 8703.6 sign/s
rsa2048-verify pass 307200.2 verify/s
dsa2048-sign pass 20546.6 sign/s
dsa2048-verify pass 24501.4 verify/s
FFT BOGOS/s: 
4317.84
PI BOGOS/s: 
4601357.67
MATRIX BOGOS/s: matrix
1022.42
rsa2048-sign pass 8706.3 sign/s
rsa2048-verify pass 307179.0 verify/s
dsa2048-sign pass 20608.8 sign/s
dsa2048-verify pass 24310.5 verify/s
FFT BOGOS/s: 
4312.05
PI BOGOS/s: 
4472571.25
MATRIX BOGOS/s: matrix
1008.32
rsa2048-sign pass 8679.3 sign/s
rsa2048-verify pass 305985.8 verify/s
dsa2048-sign pass 20620.7 sign/s
dsa2048-verify pass 24394.5 verify/s
FFT BOGOS/s: 
4320.30
PI BOGOS/s: 
4095053.04
MATRIX BOGOS/s: matrix
908.47
rsa2048-sign pass 8705.0 sign/s
rsa2048-verify pass 307114.6 verify/s
dsa2048-sign pass 20589.3 sign/s
dsa2048-verify pass 24408.6 verify/s
FFT BOGOS/s: 
4323.20
PI BOGOS/s: 
4599940.72
MATRIX BOGOS/s: matrix
1021.01
rsa2048-sign pass 8683.8 sign/s
rsa2048-verify pass 307020.2 verify/s
dsa2048-sign pass 20529.7 sign/s
dsa2048-verify pass 24442.7 verify/s
FFT BOGOS/s: 
4318.69
PI BOGOS/s: 
4600973.16
MATRIX BOGOS/s: matrix
1020.59
rsa2048-sign pass 8677.0 sign/s
rsa2048-verify pass 306092.6 verify/s
dsa2048-sign pass 20591.7 sign/s
dsa2048-verify pass 24335.1 verify/s
FFT BOGOS/s: 
4321.44
PI BOGOS/s: 
4602851.17
MATRIX BOGOS/s: matrix
1020.47
rsa2048-sign pass 8685.2 sign/s
rsa2048-verify pass 307700.2 verify/s
dsa2048-sign pass 20536.4 sign/s
dsa2048-verify pass 24590.3 verify/s
FFT BOGOS/s: 
4305.25
PI BOGOS/s: 
4600290.12
MATRIX BOGOS/s: matrix
1024.48
rsa2048-sign pass 8669.2 sign/s
rsa2048-verify pass 305796.6 verify/s
dsa2048-sign pass 20596.0 sign/s
dsa2048-verify pass 24610.8 verify/s
FFT BOGOS/s: 
4313.96
PI BOGOS/s: 
4597697.48
MATRIX BOGOS/s: matrix
1036.27
rsa2048-sign pass 8683.3 sign/s
rsa2048-verify pass 306532.3 verify/s
dsa2048-sign pass 20574.8 sign/s
dsa2048-verify pass 24501.2 verify/s
FFT BOGOS/s: 
4306.30
PI BOGOS/s: 
4600358.10
MATRIX BOGOS/s: matrix
1018.11
rsa2048-sign pass 8706.2 sign/s
rsa2048-verify pass 307065.2 verify/s
dsa2048-sign pass 20600.2 sign/s
dsa2048-verify pass 24387.7 verify/s
FFT BOGOS/s: 
4316.88
PI BOGOS/s: 
4599475.49
MATRIX BOGOS/s: matrix
1014.04
rsa2048-sign pass 8664.0 sign/s
rsa2048-verify pass 303829.8 verify/s
dsa2048-sign pass 20586.9 sign/s
dsa2048-verify pass 24413.2 verify/s
FFT BOGOS/s: 
4318.58
PI BOGOS/s: 
4598318.92
MATRIX BOGOS/s: matrix
1006.11
rsa2048-sign pass 8689.6 sign/s
rsa2048-verify pass 306455.1 verify/s
dsa2048-sign pass 20535.9 sign/s
dsa2048-verify pass 24522.9 verify/s
FFT BOGOS/s: 
4321.05
PI BOGOS/s: 
4602443.85
MATRIX BOGOS/s: matrix
1013.55
rsa2048-sign pass 8687.9 sign/s
rsa2048-verify pass 307524.1 verify/s
dsa2048-sign pass 20620.1 sign/s
dsa2048-verify pass 24413.3 verify/s
FFT BOGOS/s: 
4323.73
PI BOGOS/s: 
4602666.49
MATRIX BOGOS/s: matrix
1004.08
rsa2048-sign pass 8688.1 sign/s
rsa2048-verify pass 305436.9 verify/s
dsa2048-sign pass 20570.3 sign/s
dsa2048-verify pass 24564.7 verify/s
FFT BOGOS/s: 
4321.75
PI BOGOS/s: 
4601254.09
MATRIX BOGOS/s: matrix
1025.63
rsa2048-sign pass 8657.2 sign/s
rsa2048-verify pass 304531.3 verify/s
dsa2048-sign pass 20586.1 sign/s
dsa2048-verify pass 24337.9 verify/s
FFT BOGOS/s: 
4323.94
PI BOGOS/s: 
4601373.79
MATRIX BOGOS/s: matrix
1018.75
