PassMark BurnInTest Log file  -  http://www.passmark.com
========================================================

BurnInTest v4.1 (1000) Linux 64bit
Logging detail level: Normal

*** Unlicensed Trial Version ***
******************
SYSTEM SUMMARY
******************
Linux 4.15.0-65-generic
16 x Intel Core Processor (Broadwell, IBRS)
0 MB RAM

GENERAL
System Name: ubuntu
Motherboard Manufacturer: N/A
Motherboard Model: N/A
Motherboard Version: N/A
Motherboard Serial: 
Bios Manufacturer: N/A
Bios Version: N/A
Bios Release Date: N/A

CPU
CPU Manufacturer: GenuineIntel
CPU Type: Intel Core Processor (Broadwell, IBRS)
Speed: 1995.4 MHz
CPUID: Family 6, Model 61, Stepping 2
Physical CPU's: 16
Cores per CPU: 1
Hyperthreading: Not capable
CPU Features: MMX SSE SSE2 SSE3 3DNow! SSE4a SSE4.1 SSE4.2 DEP PAE VMX SMX AES AVX AVX2 XOP FMA3 FMA4 
Cache per CPU package:
L1 Cache: 1866670188 kB
L2 Cache: 16384 kB
Serial Number: Intel Core Processor (Broadwell, IBRS)
Part Number: Intel Core Processor (Broadwell, IBRS)

MEMORY
Total Memory: 7878 MB
Available Memory: 6270 MB
Memory Devices:

GRAPHICS


DISK DRIVES
/dev/sda

NETWORK:
ens2 

PORTS:

USB HOST CONTROLLERS AND DEVICES:
Intel Corporation 82801I (ICH9 Family) USB UHCI Controller #1 (rev 03) (prog-if 00 [UHCI])
Intel Corporation 82801I (ICH9 Family) USB UHCI Controller #2 (rev 03) (prog-if 00 [UHCI])
Intel Corporation 82801I (ICH9 Family) USB UHCI Controller #3 (rev 03) (prog-if 00 [UHCI])
Intel Corporation 82801I (ICH9 Family) USB2 EHCI Controller #1 (rev 03) (prog-if 20 [EHCI])

DISK CONTROLLERS:
Intel Corporation 82371SB PIIX3 IDE [Natoma/Triton II]
******************
DETAILED EVENT LOG
******************
LOG NOTE: 2019-10-11 12:54:17, Status, Completed started test run
LOG NOTE: 2019-10-11 12:54:26, Status, Test run stopped

**************
RESULT SUMMARY
**************
Test Start time: Fri Oct 11 12:54:16 2019 
Test Stop time: Fri Oct 11 12:54:26 2019
Test Duration: 000h 00m 10s 

                          Test Name   Cycles   Operations      Result  Errors   Last Error
                        CPU - Maths   276      140 Million     PASS    0        No errors
TEST RUN PASSED

*********************
SERIOUS ERROR SUMMARY
*********************

-----------------------------------------------------------------------------------------------------
PassMark BurnInTest Log file  -  http://www.passmark.com
========================================================

BurnInTest v4.1 (1000) Linux 64bit
Logging detail level: Normal

*** Unlicensed Trial Version ***
******************
SYSTEM SUMMARY
******************
Linux 4.15.0-65-generic
16 x Intel Core Processor (Broadwell, IBRS)
0 MB RAM

GENERAL
System Name: ubuntu
Motherboard Manufacturer: N/A
Motherboard Model: N/A
Motherboard Version: N/A
Motherboard Serial: 
Bios Manufacturer: N/A
Bios Version: N/A
Bios Release Date: N/A

CPU
CPU Manufacturer: GenuineIntel
CPU Type: Intel Core Processor (Broadwell, IBRS)
Speed: 1995.4 MHz
CPUID: Family 6, Model 61, Stepping 2
Physical CPU's: 16
Cores per CPU: 1
Hyperthreading: Not capable
CPU Features: MMX SSE SSE2 SSE3 3DNow! SSE4a SSE4.1 SSE4.2 DEP PAE VMX SMX AES AVX AVX2 XOP FMA3 FMA4 
Cache per CPU package:
L1 Cache: 1866670188 kB
L2 Cache: 16384 kB
Serial Number: Intel Core Processor (Broadwell, IBRS)
Part Number: Intel Core Processor (Broadwell, IBRS)

MEMORY
Total Memory: 7878 MB
Available Memory: 6270 MB
Memory Devices:

GRAPHICS


DISK DRIVES
/dev/sda

NETWORK:
ens2 

PORTS:

USB HOST CONTROLLERS AND DEVICES:
Intel Corporation 82801I (ICH9 Family) USB UHCI Controller #1 (rev 03) (prog-if 00 [UHCI])
Intel Corporation 82801I (ICH9 Family) USB UHCI Controller #2 (rev 03) (prog-if 00 [UHCI])
Intel Corporation 82801I (ICH9 Family) USB UHCI Controller #3 (rev 03) (prog-if 00 [UHCI])
Intel Corporation 82801I (ICH9 Family) USB2 EHCI Controller #1 (rev 03) (prog-if 20 [EHCI])

DISK CONTROLLERS:
Intel Corporation 82371SB PIIX3 IDE [Natoma/Triton II]
******************
DETAILED EVENT LOG
******************
LOG NOTE: 2019-10-11 12:54:28, Status, Completed started test run
LOG NOTE: 2019-10-11 12:54:30, Status, Test run stopped

**************
RESULT SUMMARY
**************
Test Start time: Fri Oct 11 12:54:26 2019 
Test Stop time: Fri Oct 11 12:54:30 2019
Test Duration: 000h 00m 04s 

                          Test Name   Cycles   Operations      Result  Errors   Last Error
                        CPU - Maths   69       42.594 Million  PASS    0        No errors
TEST RUN PASSED

*********************
SERIOUS ERROR SUMMARY
*********************

-----------------------------------------------------------------------------------------------------
PassMark BurnInTest Log file  -  http://www.passmark.com
========================================================

BurnInTest v4.1 (1000) Linux 64bit
Logging detail level: Normal

*** Unlicensed Trial Version ***
******************
SYSTEM SUMMARY
******************
Linux 4.15.0-65-generic
16 x Intel Core Processor (Broadwell, IBRS)
0 MB RAM

GENERAL
System Name: ubuntu
Motherboard Manufacturer: N/A
Motherboard Model: N/A
Motherboard Version: N/A
Motherboard Serial: 
Bios Manufacturer: N/A
Bios Version: N/A
Bios Release Date: N/A

CPU
CPU Manufacturer: GenuineIntel
CPU Type: Intel Core Processor (Broadwell, IBRS)
Speed: 1995.4 MHz
CPUID: Family 6, Model 61, Stepping 2
Physical CPU's: 16
Cores per CPU: 1
Hyperthreading: Not capable
CPU Features: MMX SSE SSE2 SSE3 3DNow! SSE4a SSE4.1 SSE4.2 DEP PAE VMX SMX AES AVX AVX2 XOP FMA3 FMA4 
Cache per CPU package:
L1 Cache: 1866670188 kB
L2 Cache: 16384 kB
Serial Number: Intel Core Processor (Broadwell, IBRS)
Part Number: Intel Core Processor (Broadwell, IBRS)

MEMORY
Total Memory: 7878 MB
Available Memory: 6271 MB
Memory Devices:

GRAPHICS


DISK DRIVES
/dev/sda

NETWORK:
ens2 

PORTS:

USB HOST CONTROLLERS AND DEVICES:
Intel Corporation 82801I (ICH9 Family) USB UHCI Controller #1 (rev 03) (prog-if 00 [UHCI])
Intel Corporation 82801I (ICH9 Family) USB UHCI Controller #2 (rev 03) (prog-if 00 [UHCI])
Intel Corporation 82801I (ICH9 Family) USB UHCI Controller #3 (rev 03) (prog-if 00 [UHCI])
Intel Corporation 82801I (ICH9 Family) USB2 EHCI Controller #1 (rev 03) (prog-if 20 [EHCI])

DISK CONTROLLERS:
Intel Corporation 82371SB PIIX3 IDE [Natoma/Triton II]
******************
DETAILED EVENT LOG
******************
LOG NOTE: 2019-10-11 12:54:32, Status, Completed started test run
LOG NOTE: 2019-10-11 12:54:34, Status, Test run stopped

**************
RESULT SUMMARY
**************
Test Start time: Fri Oct 11 12:54:30 2019 
Test Stop time: Fri Oct 11 12:54:34 2019
Test Duration: 000h 00m 04s 

                          Test Name   Cycles   Operations      Result  Errors   Last Error
                        CPU - Maths   68       42.001 Million  PASS    0        No errors
TEST RUN PASSED

*********************
SERIOUS ERROR SUMMARY
*********************

-----------------------------------------------------------------------------------------------------
PassMark BurnInTest Log file  -  http://www.passmark.com
========================================================

BurnInTest v4.1 (1000) Linux 64bit
Logging detail level: Normal

*** Unlicensed Trial Version ***
******************
SYSTEM SUMMARY
******************
Linux 4.15.0-65-generic
16 x Intel Core Processor (Broadwell, IBRS)
0 MB RAM

GENERAL
System Name: ubuntu
Motherboard Manufacturer: N/A
Motherboard Model: N/A
Motherboard Version: N/A
Motherboard Serial: 
Bios Manufacturer: N/A
Bios Version: N/A
Bios Release Date: N/A

CPU
CPU Manufacturer: GenuineIntel
CPU Type: Intel Core Processor (Broadwell, IBRS)
Speed: 1995.4 MHz
CPUID: Family 6, Model 61, Stepping 2
Physical CPU's: 16
Cores per CPU: 1
Hyperthreading: Not capable
CPU Features: MMX SSE SSE2 SSE3 3DNow! SSE4a SSE4.1 SSE4.2 DEP PAE VMX SMX AES AVX AVX2 XOP FMA3 FMA4 
Cache per CPU package:
L1 Cache: 1866670188 kB
L2 Cache: 16384 kB
Serial Number: Intel Core Processor (Broadwell, IBRS)
Part Number: Intel Core Processor (Broadwell, IBRS)

MEMORY
Total Memory: 7878 MB
Available Memory: 6270 MB
Memory Devices:

GRAPHICS


DISK DRIVES
/dev/sda

NETWORK:
ens2 

PORTS:

USB HOST CONTROLLERS AND DEVICES:
Intel Corporation 82801I (ICH9 Family) USB UHCI Controller #1 (rev 03) (prog-if 00 [UHCI])
Intel Corporation 82801I (ICH9 Family) USB UHCI Controller #2 (rev 03) (prog-if 00 [UHCI])
Intel Corporation 82801I (ICH9 Family) USB UHCI Controller #3 (rev 03) (prog-if 00 [UHCI])
Intel Corporation 82801I (ICH9 Family) USB2 EHCI Controller #1 (rev 03) (prog-if 20 [EHCI])

DISK CONTROLLERS:
Intel Corporation 82371SB PIIX3 IDE [Natoma/Triton II]
******************
DETAILED EVENT LOG
******************
LOG NOTE: 2019-10-11 12:54:35, Status, Completed started test run
LOG NOTE: 2019-10-11 12:54:37, Status, Test run stopped

**************
RESULT SUMMARY
**************
Test Start time: Fri Oct 11 12:54:34 2019 
Test Stop time: Fri Oct 11 12:54:37 2019
Test Duration: 000h 00m 03s 

                          Test Name   Cycles   Operations      Result  Errors   Last Error
                        CPU - Maths   68       42.351 Million  PASS    0        No errors
TEST RUN PASSED

*********************
SERIOUS ERROR SUMMARY
*********************

-----------------------------------------------------------------------------------------------------
PassMark BurnInTest Log file  -  http://www.passmark.com
========================================================

BurnInTest v4.1 (1000) Linux 64bit
Logging detail level: Normal

*** Unlicensed Trial Version ***
******************
SYSTEM SUMMARY
******************
Linux 4.15.0-65-generic
16 x Intel Core Processor (Broadwell, IBRS)
0 MB RAM

GENERAL
System Name: ubuntu
Motherboard Manufacturer: N/A
Motherboard Model: N/A
Motherboard Version: N/A
Motherboard Serial: 
Bios Manufacturer: N/A
Bios Version: N/A
Bios Release Date: N/A

CPU
CPU Manufacturer: GenuineIntel
CPU Type: Intel Core Processor (Broadwell, IBRS)
Speed: 1995.4 MHz
CPUID: Family 6, Model 61, Stepping 2
Physical CPU's: 16
Cores per CPU: 1
Hyperthreading: Not capable
CPU Features: MMX SSE SSE2 SSE3 3DNow! SSE4a SSE4.1 SSE4.2 DEP PAE VMX SMX AES AVX AVX2 XOP FMA3 FMA4 
Cache per CPU package:
L1 Cache: 1866670188 kB
L2 Cache: 16384 kB
Serial Number: Intel Core Processor (Broadwell, IBRS)
Part Number: Intel Core Processor (Broadwell, IBRS)

MEMORY
Total Memory: 7878 MB
Available Memory: 6270 MB
Memory Devices:

GRAPHICS


DISK DRIVES
/dev/sda

NETWORK:
ens2 

PORTS:

USB HOST CONTROLLERS AND DEVICES:
Intel Corporation 82801I (ICH9 Family) USB UHCI Controller #1 (rev 03) (prog-if 00 [UHCI])
Intel Corporation 82801I (ICH9 Family) USB UHCI Controller #2 (rev 03) (prog-if 00 [UHCI])
Intel Corporation 82801I (ICH9 Family) USB UHCI Controller #3 (rev 03) (prog-if 00 [UHCI])
Intel Corporation 82801I (ICH9 Family) USB2 EHCI Controller #1 (rev 03) (prog-if 20 [EHCI])

DISK CONTROLLERS:
Intel Corporation 82371SB PIIX3 IDE [Natoma/Triton II]
******************
DETAILED EVENT LOG
******************
LOG NOTE: 2019-10-11 12:54:39, Status, Completed started test run
LOG NOTE: 2019-10-11 12:54:42, Status, Test run stopped

**************
RESULT SUMMARY
**************
Test Start time: Fri Oct 11 12:54:38 2019 
Test Stop time: Fri Oct 11 12:54:42 2019
Test Duration: 000h 00m 04s 

                          Test Name   Cycles   Operations      Result  Errors   Last Error
                        CPU - Maths   69       42.681 Million  PASS    0        No errors
TEST RUN PASSED

*********************
SERIOUS ERROR SUMMARY
*********************

-----------------------------------------------------------------------------------------------------
PassMark BurnInTest Log file  -  http://www.passmark.com
========================================================

BurnInTest v4.1 (1000) Linux 64bit
Logging detail level: Normal

*** Unlicensed Trial Version ***
******************
SYSTEM SUMMARY
******************
Linux 4.15.0-65-generic
16 x Intel Core Processor (Broadwell, IBRS)
0 MB RAM

GENERAL
System Name: ubuntu
Motherboard Manufacturer: N/A
Motherboard Model: N/A
Motherboard Version: N/A
Motherboard Serial: 
Bios Manufacturer: N/A
Bios Version: N/A
Bios Release Date: N/A

CPU
CPU Manufacturer: GenuineIntel
CPU Type: Intel Core Processor (Broadwell, IBRS)
Speed: 1995.4 MHz
CPUID: Family 6, Model 61, Stepping 2
Physical CPU's: 16
Cores per CPU: 1
Hyperthreading: Not capable
CPU Features: MMX SSE SSE2 SSE3 3DNow! SSE4a SSE4.1 SSE4.2 DEP PAE VMX SMX AES AVX AVX2 XOP FMA3 FMA4 
Cache per CPU package:
L1 Cache: 1866670188 kB
L2 Cache: 16384 kB
Serial Number: Intel Core Processor (Broadwell, IBRS)
Part Number: Intel Core Processor (Broadwell, IBRS)

MEMORY
Total Memory: 7878 MB
Available Memory: 6268 MB
Memory Devices:

GRAPHICS


DISK DRIVES
/dev/sda

NETWORK:
ens2 

PORTS:

USB HOST CONTROLLERS AND DEVICES:
Intel Corporation 82801I (ICH9 Family) USB UHCI Controller #1 (rev 03) (prog-if 00 [UHCI])
Intel Corporation 82801I (ICH9 Family) USB UHCI Controller #2 (rev 03) (prog-if 00 [UHCI])
Intel Corporation 82801I (ICH9 Family) USB UHCI Controller #3 (rev 03) (prog-if 00 [UHCI])
Intel Corporation 82801I (ICH9 Family) USB2 EHCI Controller #1 (rev 03) (prog-if 20 [EHCI])

DISK CONTROLLERS:
Intel Corporation 82371SB PIIX3 IDE [Natoma/Triton II]
******************
DETAILED EVENT LOG
******************
LOG NOTE: 2019-10-11 12:59:16, Status, Completed started test run
LOG NOTE: 2019-10-11 13:14:15, Status, Test run stopped

**************
RESULT SUMMARY
**************
Test Start time: Fri Oct 11 12:59:14 2019 
Test Stop time: Fri Oct 11 13:14:15 2019
Test Duration: 000h 15m 01s 

                          Test Name   Cycles   Operations      Result  Errors   Last Error
                        CPU - Maths   28773    13.660 Billion  PASS    0        No errors
TEST RUN PASSED

*********************
SERIOUS ERROR SUMMARY
*********************

-----------------------------------------------------------------------------------------------------
PassMark BurnInTest Log file  -  http://www.passmark.com
========================================================

BurnInTest v4.1 (1000) Linux 64bit
Logging detail level: Normal

*** Unlicensed Trial Version ***
******************
SYSTEM SUMMARY
******************
Linux 4.15.0-65-generic
16 x Intel Core Processor (Broadwell, IBRS)
0 MB RAM

GENERAL
System Name: ubuntu
Motherboard Manufacturer: N/A
Motherboard Model: N/A
Motherboard Version: N/A
Motherboard Serial: 
Bios Manufacturer: N/A
Bios Version: N/A
Bios Release Date: N/A

CPU
CPU Manufacturer: GenuineIntel
CPU Type: Intel Core Processor (Broadwell, IBRS)
Speed: 1995.4 MHz
CPUID: Family 6, Model 61, Stepping 2
Physical CPU's: 16
Cores per CPU: 1
Hyperthreading: Not capable
CPU Features: MMX SSE SSE2 SSE3 3DNow! SSE4a SSE4.1 SSE4.2 DEP PAE VMX SMX AES AVX AVX2 XOP FMA3 FMA4 
Cache per CPU package:
L1 Cache: 1866670188 kB
L2 Cache: 16384 kB
Serial Number: Intel Core Processor (Broadwell, IBRS)
Part Number: Intel Core Processor (Broadwell, IBRS)

MEMORY
Total Memory: 7878 MB
Available Memory: 6271 MB
Memory Devices:

GRAPHICS


DISK DRIVES
/dev/sda

NETWORK:
ens2 

PORTS:

USB HOST CONTROLLERS AND DEVICES:
Intel Corporation 82801I (ICH9 Family) USB UHCI Controller #1 (rev 03) (prog-if 00 [UHCI])
Intel Corporation 82801I (ICH9 Family) USB UHCI Controller #2 (rev 03) (prog-if 00 [UHCI])
Intel Corporation 82801I (ICH9 Family) USB UHCI Controller #3 (rev 03) (prog-if 00 [UHCI])
Intel Corporation 82801I (ICH9 Family) USB2 EHCI Controller #1 (rev 03) (prog-if 20 [EHCI])

DISK CONTROLLERS:
Intel Corporation 82371SB PIIX3 IDE [Natoma/Triton II]
******************
DETAILED EVENT LOG
******************
LOG NOTE: 2019-10-11 13:14:17, Status, Completed started test run
LOG NOTE: 2019-10-11 13:29:17, Status, Test run stopped

**************
RESULT SUMMARY
**************
Test Start time: Fri Oct 11 13:14:16 2019 
Test Stop time: Fri Oct 11 13:29:17 2019
Test Duration: 000h 15m 01s 

                          Test Name   Cycles   Operations      Result  Errors   Last Error
                        CPU - Maths   28789    13.668 Billion  PASS    0        No errors
TEST RUN PASSED

*********************
SERIOUS ERROR SUMMARY
*********************

-----------------------------------------------------------------------------------------------------
PassMark BurnInTest Log file  -  http://www.passmark.com
========================================================

BurnInTest v4.1 (1000) Linux 64bit
Logging detail level: Normal

*** Unlicensed Trial Version ***
******************
SYSTEM SUMMARY
******************
Linux 4.15.0-65-generic
16 x Intel Core Processor (Broadwell, IBRS)
0 MB RAM

GENERAL
System Name: ubuntu
Motherboard Manufacturer: N/A
Motherboard Model: N/A
Motherboard Version: N/A
Motherboard Serial: 
Bios Manufacturer: N/A
Bios Version: N/A
Bios Release Date: N/A

CPU
CPU Manufacturer: GenuineIntel
CPU Type: Intel Core Processor (Broadwell, IBRS)
Speed: 1995.4 MHz
CPUID: Family 6, Model 61, Stepping 2
Physical CPU's: 16
Cores per CPU: 1
Hyperthreading: Not capable
CPU Features: MMX SSE SSE2 SSE3 3DNow! SSE4a SSE4.1 SSE4.2 DEP PAE VMX SMX AES AVX AVX2 XOP FMA3 FMA4 
Cache per CPU package:
L1 Cache: 1866670188 kB
L2 Cache: 16384 kB
Serial Number: Intel Core Processor (Broadwell, IBRS)
Part Number: Intel Core Processor (Broadwell, IBRS)

MEMORY
Total Memory: 7878 MB
Available Memory: 6271 MB
Memory Devices:

GRAPHICS


DISK DRIVES
/dev/sda

NETWORK:
ens2 

PORTS:

USB HOST CONTROLLERS AND DEVICES:
Intel Corporation 82801I (ICH9 Family) USB UHCI Controller #1 (rev 03) (prog-if 00 [UHCI])
Intel Corporation 82801I (ICH9 Family) USB UHCI Controller #2 (rev 03) (prog-if 00 [UHCI])
Intel Corporation 82801I (ICH9 Family) USB UHCI Controller #3 (rev 03) (prog-if 00 [UHCI])
Intel Corporation 82801I (ICH9 Family) USB2 EHCI Controller #1 (rev 03) (prog-if 20 [EHCI])

DISK CONTROLLERS:
Intel Corporation 82371SB PIIX3 IDE [Natoma/Triton II]
******************
DETAILED EVENT LOG
******************
LOG NOTE: 2019-10-11 13:29:19, Status, Completed started test run
LOG NOTE: 2019-10-11 13:44:19, Status, Test run stopped

**************
RESULT SUMMARY
**************
Test Start time: Fri Oct 11 13:29:18 2019 
Test Stop time: Fri Oct 11 13:44:19 2019
Test Duration: 000h 15m 01s 

                          Test Name   Cycles   Operations      Result  Errors   Last Error
                        CPU - Maths   28790    13.674 Billion  PASS    0        No errors
TEST RUN PASSED

*********************
SERIOUS ERROR SUMMARY
*********************

-----------------------------------------------------------------------------------------------------
PassMark BurnInTest Log file  -  http://www.passmark.com
========================================================

BurnInTest v4.1 (1000) Linux 64bit
Logging detail level: Normal

*** Unlicensed Trial Version ***
******************
SYSTEM SUMMARY
******************
Linux 4.15.0-65-generic
16 x Intel Core Processor (Broadwell, IBRS)
0 MB RAM

GENERAL
System Name: ubuntu
Motherboard Manufacturer: N/A
Motherboard Model: N/A
Motherboard Version: N/A
Motherboard Serial: 
Bios Manufacturer: N/A
Bios Version: N/A
Bios Release Date: N/A

CPU
CPU Manufacturer: GenuineIntel
CPU Type: Intel Core Processor (Broadwell, IBRS)
Speed: 1995.4 MHz
CPUID: Family 6, Model 61, Stepping 2
Physical CPU's: 16
Cores per CPU: 1
Hyperthreading: Not capable
CPU Features: MMX SSE SSE2 SSE3 3DNow! SSE4a SSE4.1 SSE4.2 DEP PAE VMX SMX AES AVX AVX2 XOP FMA3 FMA4 
Cache per CPU package:
L1 Cache: 1866670188 kB
L2 Cache: 16384 kB
Serial Number: Intel Core Processor (Broadwell, IBRS)
Part Number: Intel Core Processor (Broadwell, IBRS)

MEMORY
Total Memory: 7878 MB
Available Memory: 6271 MB
Memory Devices:

GRAPHICS


DISK DRIVES
/dev/sda

NETWORK:
ens2 

PORTS:

USB HOST CONTROLLERS AND DEVICES:
Intel Corporation 82801I (ICH9 Family) USB UHCI Controller #1 (rev 03) (prog-if 00 [UHCI])
Intel Corporation 82801I (ICH9 Family) USB UHCI Controller #2 (rev 03) (prog-if 00 [UHCI])
Intel Corporation 82801I (ICH9 Family) USB UHCI Controller #3 (rev 03) (prog-if 00 [UHCI])
Intel Corporation 82801I (ICH9 Family) USB2 EHCI Controller #1 (rev 03) (prog-if 20 [EHCI])

DISK CONTROLLERS:
Intel Corporation 82371SB PIIX3 IDE [Natoma/Triton II]
******************
DETAILED EVENT LOG
******************
LOG NOTE: 2019-10-11 13:44:21, Status, Completed started test run
LOG NOTE: 2019-10-11 13:59:21, Status, Test run stopped

**************
RESULT SUMMARY
**************
Test Start time: Fri Oct 11 13:44:20 2019 
Test Stop time: Fri Oct 11 13:59:21 2019
Test Duration: 000h 15m 01s 

                          Test Name   Cycles   Operations      Result  Errors   Last Error
                        CPU - Maths   28776    13.667 Billion  PASS    0        No errors
TEST RUN PASSED

*********************
SERIOUS ERROR SUMMARY
*********************

-----------------------------------------------------------------------------------------------------
PassMark BurnInTest Log file  -  http://www.passmark.com
========================================================

BurnInTest v4.1 (1000) Linux 64bit
Logging detail level: Normal

*** Unlicensed Trial Version ***
******************
SYSTEM SUMMARY
******************
Linux 4.15.0-65-generic
16 x Intel Core Processor (Broadwell, IBRS)
0 MB RAM

GENERAL
System Name: ubuntu
Motherboard Manufacturer: N/A
Motherboard Model: N/A
Motherboard Version: N/A
Motherboard Serial: 
Bios Manufacturer: N/A
Bios Version: N/A
Bios Release Date: N/A

CPU
CPU Manufacturer: GenuineIntel
CPU Type: Intel Core Processor (Broadwell, IBRS)
Speed: 1995.4 MHz
CPUID: Family 6, Model 61, Stepping 2
Physical CPU's: 16
Cores per CPU: 1
Hyperthreading: Not capable
CPU Features: MMX SSE SSE2 SSE3 3DNow! SSE4a SSE4.1 SSE4.2 DEP PAE VMX SMX AES AVX AVX2 XOP FMA3 FMA4 
Cache per CPU package:
L1 Cache: 1866670188 kB
L2 Cache: 16384 kB
Serial Number: Intel Core Processor (Broadwell, IBRS)
Part Number: Intel Core Processor (Broadwell, IBRS)

MEMORY
Total Memory: 7878 MB
Available Memory: 6273 MB
Memory Devices:

GRAPHICS


DISK DRIVES
/dev/sda

NETWORK:
ens2 

PORTS:

USB HOST CONTROLLERS AND DEVICES:
Intel Corporation 82801I (ICH9 Family) USB UHCI Controller #1 (rev 03) (prog-if 00 [UHCI])
Intel Corporation 82801I (ICH9 Family) USB UHCI Controller #2 (rev 03) (prog-if 00 [UHCI])
Intel Corporation 82801I (ICH9 Family) USB UHCI Controller #3 (rev 03) (prog-if 00 [UHCI])
Intel Corporation 82801I (ICH9 Family) USB2 EHCI Controller #1 (rev 03) (prog-if 20 [EHCI])

DISK CONTROLLERS:
Intel Corporation 82371SB PIIX3 IDE [Natoma/Triton II]
******************
DETAILED EVENT LOG
******************
LOG NOTE: 2019-10-11 13:59:23, Status, Completed started test run
LOG NOTE: 2019-10-11 14:14:22, Status, Test run stopped

**************
RESULT SUMMARY
**************
Test Start time: Fri Oct 11 13:59:21 2019 
Test Stop time: Fri Oct 11 14:14:22 2019
Test Duration: 000h 15m 01s 

                          Test Name   Cycles   Operations      Result  Errors   Last Error
                        CPU - Maths   28755    13.662 Billion  PASS    0        No errors
TEST RUN PASSED

*********************
SERIOUS ERROR SUMMARY
*********************

-----------------------------------------------------------------------------------------------------
PassMark BurnInTest Log file  -  http://www.passmark.com
========================================================

BurnInTest v4.1 (1000) Linux 64bit
Logging detail level: Normal

*** Unlicensed Trial Version ***
******************
SYSTEM SUMMARY
******************
Linux 4.15.0-65-generic
16 x Intel Core Processor (Broadwell, IBRS)
0 MB RAM

GENERAL
System Name: ubuntu
Motherboard Manufacturer: N/A
Motherboard Model: N/A
Motherboard Version: N/A
Motherboard Serial: 
Bios Manufacturer: N/A
Bios Version: N/A
Bios Release Date: N/A

CPU
CPU Manufacturer: GenuineIntel
CPU Type: Intel Core Processor (Broadwell, IBRS)
Speed: 1995.4 MHz
CPUID: Family 6, Model 61, Stepping 2
Physical CPU's: 16
Cores per CPU: 1
Hyperthreading: Not capable
CPU Features: MMX SSE SSE2 SSE3 3DNow! SSE4a SSE4.1 SSE4.2 DEP PAE VMX SMX AES AVX AVX2 XOP FMA3 FMA4 
Cache per CPU package:
L1 Cache: 1866670188 kB
L2 Cache: 16384 kB
Serial Number: Intel Core Processor (Broadwell, IBRS)
Part Number: Intel Core Processor (Broadwell, IBRS)

MEMORY
Total Memory: 7878 MB
Available Memory: 6271 MB
Memory Devices:

GRAPHICS


DISK DRIVES
/dev/sda

NETWORK:
ens2 

PORTS:

USB HOST CONTROLLERS AND DEVICES:
Intel Corporation 82801I (ICH9 Family) USB UHCI Controller #1 (rev 03) (prog-if 00 [UHCI])
Intel Corporation 82801I (ICH9 Family) USB UHCI Controller #2 (rev 03) (prog-if 00 [UHCI])
Intel Corporation 82801I (ICH9 Family) USB UHCI Controller #3 (rev 03) (prog-if 00 [UHCI])
Intel Corporation 82801I (ICH9 Family) USB2 EHCI Controller #1 (rev 03) (prog-if 20 [EHCI])

DISK CONTROLLERS:
Intel Corporation 82371SB PIIX3 IDE [Natoma/Triton II]
******************
DETAILED EVENT LOG
******************
LOG NOTE: 2019-10-11 14:14:24, Status, Completed started test run
LOG NOTE: 2019-10-11 14:29:23, Status, Test run stopped

**************
RESULT SUMMARY
**************
Test Start time: Fri Oct 11 14:14:22 2019 
Test Stop time: Fri Oct 11 14:29:23 2019
Test Duration: 000h 15m 01s 

                          Test Name   Cycles   Operations      Result  Errors   Last Error
                        CPU - Maths   28756    13.663 Billion  PASS    0        No errors
TEST RUN PASSED

*********************
SERIOUS ERROR SUMMARY
*********************

-----------------------------------------------------------------------------------------------------
PassMark BurnInTest Log file  -  http://www.passmark.com
========================================================

BurnInTest v4.1 (1000) Linux 64bit
Logging detail level: Normal

*** Unlicensed Trial Version ***
******************
SYSTEM SUMMARY
******************
Linux 4.15.0-65-generic
16 x Intel Core Processor (Broadwell, IBRS)
0 MB RAM

GENERAL
System Name: ubuntu
Motherboard Manufacturer: N/A
Motherboard Model: N/A
Motherboard Version: N/A
Motherboard Serial: 
Bios Manufacturer: N/A
Bios Version: N/A
Bios Release Date: N/A

CPU
CPU Manufacturer: GenuineIntel
CPU Type: Intel Core Processor (Broadwell, IBRS)
Speed: 1995.4 MHz
CPUID: Family 6, Model 61, Stepping 2
Physical CPU's: 16
Cores per CPU: 1
Hyperthreading: Not capable
CPU Features: MMX SSE SSE2 SSE3 3DNow! SSE4a SSE4.1 SSE4.2 DEP PAE VMX SMX AES AVX AVX2 XOP FMA3 FMA4 
Cache per CPU package:
L1 Cache: 1866670188 kB
L2 Cache: 16384 kB
Serial Number: Intel Core Processor (Broadwell, IBRS)
Part Number: Intel Core Processor (Broadwell, IBRS)

MEMORY
Total Memory: 7878 MB
Available Memory: 6271 MB
Memory Devices:

GRAPHICS


DISK DRIVES
/dev/sda

NETWORK:
ens2 

PORTS:

USB HOST CONTROLLERS AND DEVICES:
Intel Corporation 82801I (ICH9 Family) USB UHCI Controller #1 (rev 03) (prog-if 00 [UHCI])
Intel Corporation 82801I (ICH9 Family) USB UHCI Controller #2 (rev 03) (prog-if 00 [UHCI])
Intel Corporation 82801I (ICH9 Family) USB UHCI Controller #3 (rev 03) (prog-if 00 [UHCI])
Intel Corporation 82801I (ICH9 Family) USB2 EHCI Controller #1 (rev 03) (prog-if 20 [EHCI])

DISK CONTROLLERS:
Intel Corporation 82371SB PIIX3 IDE [Natoma/Triton II]
******************
DETAILED EVENT LOG
******************
LOG NOTE: 2019-10-11 14:29:25, Status, Completed started test run
LOG NOTE: 2019-10-11 14:44:24, Status, Test run stopped

**************
RESULT SUMMARY
**************
Test Start time: Fri Oct 11 14:29:23 2019 
Test Stop time: Fri Oct 11 14:44:24 2019
Test Duration: 000h 15m 01s 

                          Test Name   Cycles   Operations      Result  Errors   Last Error
                        CPU - Maths   28754    13.653 Billion  PASS    0        No errors
TEST RUN PASSED

*********************
SERIOUS ERROR SUMMARY
*********************

-----------------------------------------------------------------------------------------------------
PassMark BurnInTest Log file  -  http://www.passmark.com
========================================================

BurnInTest v4.1 (1000) Linux 64bit
Logging detail level: Normal

*** Unlicensed Trial Version ***
******************
SYSTEM SUMMARY
******************
Linux 4.15.0-65-generic
16 x Intel Core Processor (Broadwell, IBRS)
0 MB RAM

GENERAL
System Name: ubuntu
Motherboard Manufacturer: N/A
Motherboard Model: N/A
Motherboard Version: N/A
Motherboard Serial: 
Bios Manufacturer: N/A
Bios Version: N/A
Bios Release Date: N/A

CPU
CPU Manufacturer: GenuineIntel
CPU Type: Intel Core Processor (Broadwell, IBRS)
Speed: 1995.4 MHz
CPUID: Family 6, Model 61, Stepping 2
Physical CPU's: 16
Cores per CPU: 1
Hyperthreading: Not capable
CPU Features: MMX SSE SSE2 SSE3 3DNow! SSE4a SSE4.1 SSE4.2 DEP PAE VMX SMX AES AVX AVX2 XOP FMA3 FMA4 
Cache per CPU package:
L1 Cache: 1866670188 kB
L2 Cache: 16384 kB
Serial Number: Intel Core Processor (Broadwell, IBRS)
Part Number: Intel Core Processor (Broadwell, IBRS)

MEMORY
Total Memory: 7878 MB
Available Memory: 6270 MB
Memory Devices:

GRAPHICS


DISK DRIVES
/dev/sda

NETWORK:
ens2 

PORTS:

USB HOST CONTROLLERS AND DEVICES:
Intel Corporation 82801I (ICH9 Family) USB UHCI Controller #1 (rev 03) (prog-if 00 [UHCI])
Intel Corporation 82801I (ICH9 Family) USB UHCI Controller #2 (rev 03) (prog-if 00 [UHCI])
Intel Corporation 82801I (ICH9 Family) USB UHCI Controller #3 (rev 03) (prog-if 00 [UHCI])
Intel Corporation 82801I (ICH9 Family) USB2 EHCI Controller #1 (rev 03) (prog-if 20 [EHCI])

DISK CONTROLLERS:
Intel Corporation 82371SB PIIX3 IDE [Natoma/Triton II]
******************
DETAILED EVENT LOG
******************
LOG NOTE: 2019-10-11 14:44:26, Status, Completed started test run
LOG NOTE: 2019-10-11 14:59:25, Status, Test run stopped

**************
RESULT SUMMARY
**************
Test Start time: Fri Oct 11 14:44:24 2019 
Test Stop time: Fri Oct 11 14:59:25 2019
Test Duration: 000h 15m 01s 

                          Test Name   Cycles   Operations      Result  Errors   Last Error
                        CPU - Maths   28757    13.663 Billion  PASS    0        No errors
TEST RUN PASSED

*********************
SERIOUS ERROR SUMMARY
*********************

-----------------------------------------------------------------------------------------------------
PassMark BurnInTest Log file  -  http://www.passmark.com
========================================================

BurnInTest v4.1 (1000) Linux 64bit
Logging detail level: Normal

*** Unlicensed Trial Version ***
******************
SYSTEM SUMMARY
******************
Linux 4.15.0-65-generic
16 x Intel Core Processor (Broadwell, IBRS)
0 MB RAM

GENERAL
System Name: ubuntu
Motherboard Manufacturer: N/A
Motherboard Model: N/A
Motherboard Version: N/A
Motherboard Serial: 
Bios Manufacturer: N/A
Bios Version: N/A
Bios Release Date: N/A

CPU
CPU Manufacturer: GenuineIntel
CPU Type: Intel Core Processor (Broadwell, IBRS)
Speed: 1995.4 MHz
CPUID: Family 6, Model 61, Stepping 2
Physical CPU's: 16
Cores per CPU: 1
Hyperthreading: Not capable
CPU Features: MMX SSE SSE2 SSE3 3DNow! SSE4a SSE4.1 SSE4.2 DEP PAE VMX SMX AES AVX AVX2 XOP FMA3 FMA4 
Cache per CPU package:
L1 Cache: 1866670188 kB
L2 Cache: 16384 kB
Serial Number: Intel Core Processor (Broadwell, IBRS)
Part Number: Intel Core Processor (Broadwell, IBRS)

MEMORY
Total Memory: 7878 MB
Available Memory: 6271 MB
Memory Devices:

GRAPHICS


DISK DRIVES
/dev/sda

NETWORK:
ens2 

PORTS:

USB HOST CONTROLLERS AND DEVICES:
Intel Corporation 82801I (ICH9 Family) USB UHCI Controller #1 (rev 03) (prog-if 00 [UHCI])
Intel Corporation 82801I (ICH9 Family) USB UHCI Controller #2 (rev 03) (prog-if 00 [UHCI])
Intel Corporation 82801I (ICH9 Family) USB UHCI Controller #3 (rev 03) (prog-if 00 [UHCI])
Intel Corporation 82801I (ICH9 Family) USB2 EHCI Controller #1 (rev 03) (prog-if 20 [EHCI])

DISK CONTROLLERS:
Intel Corporation 82371SB PIIX3 IDE [Natoma/Triton II]
******************
DETAILED EVENT LOG
******************
LOG NOTE: 2019-10-11 14:59:27, Status, Completed started test run
LOG NOTE: 2019-10-11 15:14:26, Status, Test run stopped

**************
RESULT SUMMARY
**************
Test Start time: Fri Oct 11 14:59:25 2019 
Test Stop time: Fri Oct 11 15:14:26 2019
Test Duration: 000h 15m 01s 

                          Test Name   Cycles   Operations      Result  Errors   Last Error
                        CPU - Maths   28754    13.663 Billion  PASS    0        No errors
TEST RUN PASSED

*********************
SERIOUS ERROR SUMMARY
*********************

-----------------------------------------------------------------------------------------------------
PassMark BurnInTest Log file  -  http://www.passmark.com
========================================================

BurnInTest v4.1 (1000) Linux 64bit
Logging detail level: Normal

*** Unlicensed Trial Version ***
******************
SYSTEM SUMMARY
******************
Linux 4.15.0-65-generic
16 x Intel Core Processor (Broadwell, IBRS)
0 MB RAM

GENERAL
System Name: ubuntu
Motherboard Manufacturer: N/A
Motherboard Model: N/A
Motherboard Version: N/A
Motherboard Serial: 
Bios Manufacturer: N/A
Bios Version: N/A
Bios Release Date: N/A

CPU
CPU Manufacturer: GenuineIntel
CPU Type: Intel Core Processor (Broadwell, IBRS)
Speed: 1995.4 MHz
CPUID: Family 6, Model 61, Stepping 2
Physical CPU's: 16
Cores per CPU: 1
Hyperthreading: Not capable
CPU Features: MMX SSE SSE2 SSE3 3DNow! SSE4a SSE4.1 SSE4.2 DEP PAE VMX SMX AES AVX AVX2 XOP FMA3 FMA4 
Cache per CPU package:
L1 Cache: 1866670188 kB
L2 Cache: 16384 kB
Serial Number: Intel Core Processor (Broadwell, IBRS)
Part Number: Intel Core Processor (Broadwell, IBRS)

MEMORY
Total Memory: 7878 MB
Available Memory: 6271 MB
Memory Devices:

GRAPHICS


DISK DRIVES
/dev/sda

NETWORK:
ens2 

PORTS:

USB HOST CONTROLLERS AND DEVICES:
Intel Corporation 82801I (ICH9 Family) USB UHCI Controller #1 (rev 03) (prog-if 00 [UHCI])
Intel Corporation 82801I (ICH9 Family) USB UHCI Controller #2 (rev 03) (prog-if 00 [UHCI])
Intel Corporation 82801I (ICH9 Family) USB UHCI Controller #3 (rev 03) (prog-if 00 [UHCI])
Intel Corporation 82801I (ICH9 Family) USB2 EHCI Controller #1 (rev 03) (prog-if 20 [EHCI])

DISK CONTROLLERS:
Intel Corporation 82371SB PIIX3 IDE [Natoma/Triton II]
******************
DETAILED EVENT LOG
******************
LOG NOTE: 2019-10-11 15:14:28, Status, Completed started test run
LOG NOTE: 2019-10-11 15:29:27, Status, Test run stopped

**************
RESULT SUMMARY
**************
Test Start time: Fri Oct 11 15:14:26 2019 
Test Stop time: Fri Oct 11 15:29:27 2019
Test Duration: 000h 15m 01s 

                          Test Name   Cycles   Operations      Result  Errors   Last Error
                        CPU - Maths   28772    13.664 Billion  PASS    0        No errors
TEST RUN PASSED

*********************
SERIOUS ERROR SUMMARY
*********************

-----------------------------------------------------------------------------------------------------
PassMark BurnInTest Log file  -  http://www.passmark.com
========================================================

BurnInTest v4.1 (1000) Linux 64bit
Logging detail level: Normal

*** Unlicensed Trial Version ***
******************
SYSTEM SUMMARY
******************
Linux 4.15.0-65-generic
16 x Intel Core Processor (Broadwell, IBRS)
0 MB RAM

GENERAL
System Name: ubuntu
Motherboard Manufacturer: N/A
Motherboard Model: N/A
Motherboard Version: N/A
Motherboard Serial: 
Bios Manufacturer: N/A
Bios Version: N/A
Bios Release Date: N/A

CPU
CPU Manufacturer: GenuineIntel
CPU Type: Intel Core Processor (Broadwell, IBRS)
Speed: 1995.4 MHz
CPUID: Family 6, Model 61, Stepping 2
Physical CPU's: 16
Cores per CPU: 1
Hyperthreading: Not capable
CPU Features: MMX SSE SSE2 SSE3 3DNow! SSE4a SSE4.1 SSE4.2 DEP PAE VMX SMX AES AVX AVX2 XOP FMA3 FMA4 
Cache per CPU package:
L1 Cache: 1866670188 kB
L2 Cache: 16384 kB
Serial Number: Intel Core Processor (Broadwell, IBRS)
Part Number: Intel Core Processor (Broadwell, IBRS)

MEMORY
Total Memory: 7878 MB
Available Memory: 6271 MB
Memory Devices:

GRAPHICS


DISK DRIVES
/dev/sda

NETWORK:
ens2 

PORTS:

USB HOST CONTROLLERS AND DEVICES:
Intel Corporation 82801I (ICH9 Family) USB UHCI Controller #1 (rev 03) (prog-if 00 [UHCI])
Intel Corporation 82801I (ICH9 Family) USB UHCI Controller #2 (rev 03) (prog-if 00 [UHCI])
Intel Corporation 82801I (ICH9 Family) USB UHCI Controller #3 (rev 03) (prog-if 00 [UHCI])
Intel Corporation 82801I (ICH9 Family) USB2 EHCI Controller #1 (rev 03) (prog-if 20 [EHCI])

DISK CONTROLLERS:
Intel Corporation 82371SB PIIX3 IDE [Natoma/Triton II]
******************
DETAILED EVENT LOG
******************
LOG NOTE: 2019-10-11 15:29:29, Status, Completed started test run
LOG NOTE: 2019-10-11 15:44:29, Status, Test run stopped

**************
RESULT SUMMARY
**************
Test Start time: Fri Oct 11 15:29:28 2019 
Test Stop time: Fri Oct 11 15:44:29 2019
Test Duration: 000h 15m 01s 

                          Test Name   Cycles   Operations      Result  Errors   Last Error
                        CPU - Maths   28786    13.677 Billion  PASS    0        No errors
TEST RUN PASSED

*********************
SERIOUS ERROR SUMMARY
*********************

-----------------------------------------------------------------------------------------------------
PassMark BurnInTest Log file  -  http://www.passmark.com
========================================================

BurnInTest v4.1 (1000) Linux 64bit
Logging detail level: Normal

*** Unlicensed Trial Version ***
******************
SYSTEM SUMMARY
******************
Linux 4.15.0-65-generic
16 x Intel Core Processor (Broadwell, IBRS)
0 MB RAM

GENERAL
System Name: ubuntu
Motherboard Manufacturer: N/A
Motherboard Model: N/A
Motherboard Version: N/A
Motherboard Serial: 
Bios Manufacturer: N/A
Bios Version: N/A
Bios Release Date: N/A

CPU
CPU Manufacturer: GenuineIntel
CPU Type: Intel Core Processor (Broadwell, IBRS)
Speed: 1995.4 MHz
CPUID: Family 6, Model 61, Stepping 2
Physical CPU's: 16
Cores per CPU: 1
Hyperthreading: Not capable
CPU Features: MMX SSE SSE2 SSE3 3DNow! SSE4a SSE4.1 SSE4.2 DEP PAE VMX SMX AES AVX AVX2 XOP FMA3 FMA4 
Cache per CPU package:
L1 Cache: 1866670188 kB
L2 Cache: 16384 kB
Serial Number: Intel Core Processor (Broadwell, IBRS)
Part Number: Intel Core Processor (Broadwell, IBRS)

MEMORY
Total Memory: 7878 MB
Available Memory: 6272 MB
Memory Devices:

GRAPHICS


DISK DRIVES
/dev/sda

NETWORK:
ens2 

PORTS:

USB HOST CONTROLLERS AND DEVICES:
Intel Corporation 82801I (ICH9 Family) USB UHCI Controller #1 (rev 03) (prog-if 00 [UHCI])
Intel Corporation 82801I (ICH9 Family) USB UHCI Controller #2 (rev 03) (prog-if 00 [UHCI])
Intel Corporation 82801I (ICH9 Family) USB UHCI Controller #3 (rev 03) (prog-if 00 [UHCI])
Intel Corporation 82801I (ICH9 Family) USB2 EHCI Controller #1 (rev 03) (prog-if 20 [EHCI])

DISK CONTROLLERS:
Intel Corporation 82371SB PIIX3 IDE [Natoma/Triton II]
******************
DETAILED EVENT LOG
******************
LOG NOTE: 2019-10-11 15:44:31, Status, Completed started test run
LOG NOTE: 2019-10-11 15:59:31, Status, Test run stopped

**************
RESULT SUMMARY
**************
Test Start time: Fri Oct 11 15:44:30 2019 
Test Stop time: Fri Oct 11 15:59:31 2019
Test Duration: 000h 15m 01s 

                          Test Name   Cycles   Operations      Result  Errors   Last Error
                        CPU - Maths   28771    13.671 Billion  PASS    0        No errors
TEST RUN PASSED

*********************
SERIOUS ERROR SUMMARY
*********************

-----------------------------------------------------------------------------------------------------
PassMark BurnInTest Log file  -  http://www.passmark.com
========================================================

BurnInTest v4.1 (1000) Linux 64bit
Logging detail level: Normal

*** Unlicensed Trial Version ***
******************
SYSTEM SUMMARY
******************
Linux 4.15.0-65-generic
16 x Intel Core Processor (Broadwell, IBRS)
0 MB RAM

GENERAL
System Name: ubuntu
Motherboard Manufacturer: N/A
Motherboard Model: N/A
Motherboard Version: N/A
Motherboard Serial: 
Bios Manufacturer: N/A
Bios Version: N/A
Bios Release Date: N/A

CPU
CPU Manufacturer: GenuineIntel
CPU Type: Intel Core Processor (Broadwell, IBRS)
Speed: 1995.4 MHz
CPUID: Family 6, Model 61, Stepping 2
Physical CPU's: 16
Cores per CPU: 1
Hyperthreading: Not capable
CPU Features: MMX SSE SSE2 SSE3 3DNow! SSE4a SSE4.1 SSE4.2 DEP PAE VMX SMX AES AVX AVX2 XOP FMA3 FMA4 
Cache per CPU package:
L1 Cache: 1866670188 kB
L2 Cache: 16384 kB
Serial Number: Intel Core Processor (Broadwell, IBRS)
Part Number: Intel Core Processor (Broadwell, IBRS)

MEMORY
Total Memory: 7878 MB
Available Memory: 6271 MB
Memory Devices:

GRAPHICS


DISK DRIVES
/dev/sda

NETWORK:
ens2 

PORTS:

USB HOST CONTROLLERS AND DEVICES:
Intel Corporation 82801I (ICH9 Family) USB UHCI Controller #1 (rev 03) (prog-if 00 [UHCI])
Intel Corporation 82801I (ICH9 Family) USB UHCI Controller #2 (rev 03) (prog-if 00 [UHCI])
Intel Corporation 82801I (ICH9 Family) USB UHCI Controller #3 (rev 03) (prog-if 00 [UHCI])
Intel Corporation 82801I (ICH9 Family) USB2 EHCI Controller #1 (rev 03) (prog-if 20 [EHCI])

DISK CONTROLLERS:
Intel Corporation 82371SB PIIX3 IDE [Natoma/Triton II]
******************
DETAILED EVENT LOG
******************
LOG NOTE: 2019-10-11 15:59:33, Status, Completed started test run
LOG NOTE: 2019-10-11 16:14:32, Status, Test run stopped

**************
RESULT SUMMARY
**************
Test Start time: Fri Oct 11 15:59:31 2019 
Test Stop time: Fri Oct 11 16:14:32 2019
Test Duration: 000h 15m 01s 

                          Test Name   Cycles   Operations      Result  Errors   Last Error
                        CPU - Maths   28775    13.667 Billion  PASS    0        No errors
TEST RUN PASSED

*********************
SERIOUS ERROR SUMMARY
*********************

-----------------------------------------------------------------------------------------------------
PassMark BurnInTest Log file  -  http://www.passmark.com
========================================================

BurnInTest v4.1 (1000) Linux 64bit
Logging detail level: Normal

*** Unlicensed Trial Version ***
******************
SYSTEM SUMMARY
******************
Linux 4.15.0-65-generic
16 x Intel Core Processor (Broadwell, IBRS)
0 MB RAM

GENERAL
System Name: ubuntu
Motherboard Manufacturer: N/A
Motherboard Model: N/A
Motherboard Version: N/A
Motherboard Serial: 
Bios Manufacturer: N/A
Bios Version: N/A
Bios Release Date: N/A

CPU
CPU Manufacturer: GenuineIntel
CPU Type: Intel Core Processor (Broadwell, IBRS)
Speed: 1995.4 MHz
CPUID: Family 6, Model 61, Stepping 2
Physical CPU's: 16
Cores per CPU: 1
Hyperthreading: Not capable
CPU Features: MMX SSE SSE2 SSE3 3DNow! SSE4a SSE4.1 SSE4.2 DEP PAE VMX SMX AES AVX AVX2 XOP FMA3 FMA4 
Cache per CPU package:
L1 Cache: 1866670188 kB
L2 Cache: 16384 kB
Serial Number: Intel Core Processor (Broadwell, IBRS)
Part Number: Intel Core Processor (Broadwell, IBRS)

MEMORY
Total Memory: 7878 MB
Available Memory: 6271 MB
Memory Devices:

GRAPHICS


DISK DRIVES
/dev/sda

NETWORK:
ens2 

PORTS:

USB HOST CONTROLLERS AND DEVICES:
Intel Corporation 82801I (ICH9 Family) USB UHCI Controller #1 (rev 03) (prog-if 00 [UHCI])
Intel Corporation 82801I (ICH9 Family) USB UHCI Controller #2 (rev 03) (prog-if 00 [UHCI])
Intel Corporation 82801I (ICH9 Family) USB UHCI Controller #3 (rev 03) (prog-if 00 [UHCI])
Intel Corporation 82801I (ICH9 Family) USB2 EHCI Controller #1 (rev 03) (prog-if 20 [EHCI])

DISK CONTROLLERS:
Intel Corporation 82371SB PIIX3 IDE [Natoma/Triton II]
******************
DETAILED EVENT LOG
******************
LOG NOTE: 2019-10-11 16:14:34, Status, Completed started test run
LOG NOTE: 2019-10-11 16:29:34, Status, Test run stopped

**************
RESULT SUMMARY
**************
Test Start time: Fri Oct 11 16:14:33 2019 
Test Stop time: Fri Oct 11 16:29:34 2019
Test Duration: 000h 15m 01s 

                          Test Name   Cycles   Operations      Result  Errors   Last Error
                        CPU - Maths   28786    13.675 Billion  PASS    0        No errors
TEST RUN PASSED

*********************
SERIOUS ERROR SUMMARY
*********************

-----------------------------------------------------------------------------------------------------
PassMark BurnInTest Log file  -  http://www.passmark.com
========================================================

BurnInTest v4.1 (1000) Linux 64bit
Logging detail level: Normal

*** Unlicensed Trial Version ***
******************
SYSTEM SUMMARY
******************
Linux 4.15.0-65-generic
16 x Intel Core Processor (Broadwell, IBRS)
0 MB RAM

GENERAL
System Name: ubuntu
Motherboard Manufacturer: N/A
Motherboard Model: N/A
Motherboard Version: N/A
Motherboard Serial: 
Bios Manufacturer: N/A
Bios Version: N/A
Bios Release Date: N/A

CPU
CPU Manufacturer: GenuineIntel
CPU Type: Intel Core Processor (Broadwell, IBRS)
Speed: 1995.4 MHz
CPUID: Family 6, Model 61, Stepping 2
Physical CPU's: 16
Cores per CPU: 1
Hyperthreading: Not capable
CPU Features: MMX SSE SSE2 SSE3 3DNow! SSE4a SSE4.1 SSE4.2 DEP PAE VMX SMX AES AVX AVX2 XOP FMA3 FMA4 
Cache per CPU package:
L1 Cache: 1866670188 kB
L2 Cache: 16384 kB
Serial Number: Intel Core Processor (Broadwell, IBRS)
Part Number: Intel Core Processor (Broadwell, IBRS)

MEMORY
Total Memory: 7878 MB
Available Memory: 6272 MB
Memory Devices:

GRAPHICS


DISK DRIVES
/dev/sda

NETWORK:
ens2 

PORTS:

USB HOST CONTROLLERS AND DEVICES:
Intel Corporation 82801I (ICH9 Family) USB UHCI Controller #1 (rev 03) (prog-if 00 [UHCI])
Intel Corporation 82801I (ICH9 Family) USB UHCI Controller #2 (rev 03) (prog-if 00 [UHCI])
Intel Corporation 82801I (ICH9 Family) USB UHCI Controller #3 (rev 03) (prog-if 00 [UHCI])
Intel Corporation 82801I (ICH9 Family) USB2 EHCI Controller #1 (rev 03) (prog-if 20 [EHCI])

DISK CONTROLLERS:
Intel Corporation 82371SB PIIX3 IDE [Natoma/Triton II]
******************
DETAILED EVENT LOG
******************
LOG NOTE: 2019-10-11 16:29:36, Status, Completed started test run
LOG NOTE: 2019-10-11 16:44:36, Status, Test run stopped

**************
RESULT SUMMARY
**************
Test Start time: Fri Oct 11 16:29:35 2019 
Test Stop time: Fri Oct 11 16:44:36 2019
Test Duration: 000h 15m 01s 

                          Test Name   Cycles   Operations      Result  Errors   Last Error
                        CPU - Maths   28789    13.679 Billion  PASS    0        No errors
TEST RUN PASSED

*********************
SERIOUS ERROR SUMMARY
*********************

-----------------------------------------------------------------------------------------------------
PassMark BurnInTest Log file  -  http://www.passmark.com
========================================================

BurnInTest v4.1 (1000) Linux 64bit
Logging detail level: Normal

*** Unlicensed Trial Version ***
******************
SYSTEM SUMMARY
******************
Linux 4.15.0-65-generic
16 x Intel Core Processor (Broadwell, IBRS)
0 MB RAM

GENERAL
System Name: ubuntu
Motherboard Manufacturer: N/A
Motherboard Model: N/A
Motherboard Version: N/A
Motherboard Serial: 
Bios Manufacturer: N/A
Bios Version: N/A
Bios Release Date: N/A

CPU
CPU Manufacturer: GenuineIntel
CPU Type: Intel Core Processor (Broadwell, IBRS)
Speed: 1995.4 MHz
CPUID: Family 6, Model 61, Stepping 2
Physical CPU's: 16
Cores per CPU: 1
Hyperthreading: Not capable
CPU Features: MMX SSE SSE2 SSE3 3DNow! SSE4a SSE4.1 SSE4.2 DEP PAE VMX SMX AES AVX AVX2 XOP FMA3 FMA4 
Cache per CPU package:
L1 Cache: 1866670188 kB
L2 Cache: 16384 kB
Serial Number: Intel Core Processor (Broadwell, IBRS)
Part Number: Intel Core Processor (Broadwell, IBRS)

MEMORY
Total Memory: 7878 MB
Available Memory: 6271 MB
Memory Devices:

GRAPHICS


DISK DRIVES
/dev/sda

NETWORK:
ens2 

PORTS:

USB HOST CONTROLLERS AND DEVICES:
Intel Corporation 82801I (ICH9 Family) USB UHCI Controller #1 (rev 03) (prog-if 00 [UHCI])
Intel Corporation 82801I (ICH9 Family) USB UHCI Controller #2 (rev 03) (prog-if 00 [UHCI])
Intel Corporation 82801I (ICH9 Family) USB UHCI Controller #3 (rev 03) (prog-if 00 [UHCI])
Intel Corporation 82801I (ICH9 Family) USB2 EHCI Controller #1 (rev 03) (prog-if 20 [EHCI])

DISK CONTROLLERS:
Intel Corporation 82371SB PIIX3 IDE [Natoma/Triton II]
******************
DETAILED EVENT LOG
******************
LOG NOTE: 2019-10-11 16:44:38, Status, Completed started test run
LOG NOTE: 2019-10-11 16:59:38, Status, Test run stopped

**************
RESULT SUMMARY
**************
Test Start time: Fri Oct 11 16:44:37 2019 
Test Stop time: Fri Oct 11 16:59:38 2019
Test Duration: 000h 15m 01s 

                          Test Name   Cycles   Operations      Result  Errors   Last Error
                        CPU - Maths   28787    13.675 Billion  PASS    0        No errors
TEST RUN PASSED

*********************
SERIOUS ERROR SUMMARY
*********************

-----------------------------------------------------------------------------------------------------
PassMark BurnInTest Log file  -  http://www.passmark.com
========================================================

BurnInTest v4.1 (1000) Linux 64bit
Logging detail level: Normal

*** Unlicensed Trial Version ***
******************
SYSTEM SUMMARY
******************
Linux 4.15.0-65-generic
16 x Intel Core Processor (Broadwell, IBRS)
0 MB RAM

GENERAL
System Name: ubuntu
Motherboard Manufacturer: N/A
Motherboard Model: N/A
Motherboard Version: N/A
Motherboard Serial: 
Bios Manufacturer: N/A
Bios Version: N/A
Bios Release Date: N/A

CPU
CPU Manufacturer: GenuineIntel
CPU Type: Intel Core Processor (Broadwell, IBRS)
Speed: 1995.4 MHz
CPUID: Family 6, Model 61, Stepping 2
Physical CPU's: 16
Cores per CPU: 1
Hyperthreading: Not capable
CPU Features: MMX SSE SSE2 SSE3 3DNow! SSE4a SSE4.1 SSE4.2 DEP PAE VMX SMX AES AVX AVX2 XOP FMA3 FMA4 
Cache per CPU package:
L1 Cache: 1866670188 kB
L2 Cache: 16384 kB
Serial Number: Intel Core Processor (Broadwell, IBRS)
Part Number: Intel Core Processor (Broadwell, IBRS)

MEMORY
Total Memory: 7878 MB
Available Memory: 6271 MB
Memory Devices:

GRAPHICS


DISK DRIVES
/dev/sda

NETWORK:
ens2 

PORTS:

USB HOST CONTROLLERS AND DEVICES:
Intel Corporation 82801I (ICH9 Family) USB UHCI Controller #1 (rev 03) (prog-if 00 [UHCI])
Intel Corporation 82801I (ICH9 Family) USB UHCI Controller #2 (rev 03) (prog-if 00 [UHCI])
Intel Corporation 82801I (ICH9 Family) USB UHCI Controller #3 (rev 03) (prog-if 00 [UHCI])
Intel Corporation 82801I (ICH9 Family) USB2 EHCI Controller #1 (rev 03) (prog-if 20 [EHCI])

DISK CONTROLLERS:
Intel Corporation 82371SB PIIX3 IDE [Natoma/Triton II]
******************
DETAILED EVENT LOG
******************
LOG NOTE: 2019-10-11 16:59:40, Status, Completed started test run
LOG NOTE: 2019-10-11 17:14:40, Status, Test run stopped

**************
RESULT SUMMARY
**************
Test Start time: Fri Oct 11 16:59:39 2019 
Test Stop time: Fri Oct 11 17:14:40 2019
Test Duration: 000h 15m 01s 

                          Test Name   Cycles   Operations      Result  Errors   Last Error
                        CPU - Maths   28774    13.667 Billion  PASS    0        No errors
TEST RUN PASSED

*********************
SERIOUS ERROR SUMMARY
*********************

-----------------------------------------------------------------------------------------------------
PassMark BurnInTest Log file  -  http://www.passmark.com
========================================================

BurnInTest v4.1 (1000) Linux 64bit
Logging detail level: Normal

*** Unlicensed Trial Version ***
******************
SYSTEM SUMMARY
******************
Linux 4.15.0-65-generic
16 x Intel Core Processor (Broadwell, IBRS)
0 MB RAM

GENERAL
System Name: ubuntu
Motherboard Manufacturer: N/A
Motherboard Model: N/A
Motherboard Version: N/A
Motherboard Serial: 
Bios Manufacturer: N/A
Bios Version: N/A
Bios Release Date: N/A

CPU
CPU Manufacturer: GenuineIntel
CPU Type: Intel Core Processor (Broadwell, IBRS)
Speed: 1995.4 MHz
CPUID: Family 6, Model 61, Stepping 2
Physical CPU's: 16
Cores per CPU: 1
Hyperthreading: Not capable
CPU Features: MMX SSE SSE2 SSE3 3DNow! SSE4a SSE4.1 SSE4.2 DEP PAE VMX SMX AES AVX AVX2 XOP FMA3 FMA4 
Cache per CPU package:
L1 Cache: 1866670188 kB
L2 Cache: 16384 kB
Serial Number: Intel Core Processor (Broadwell, IBRS)
Part Number: Intel Core Processor (Broadwell, IBRS)

MEMORY
Total Memory: 7878 MB
Available Memory: 6271 MB
Memory Devices:

GRAPHICS


DISK DRIVES
/dev/sda

NETWORK:
ens2 

PORTS:

USB HOST CONTROLLERS AND DEVICES:
Intel Corporation 82801I (ICH9 Family) USB UHCI Controller #1 (rev 03) (prog-if 00 [UHCI])
Intel Corporation 82801I (ICH9 Family) USB UHCI Controller #2 (rev 03) (prog-if 00 [UHCI])
Intel Corporation 82801I (ICH9 Family) USB UHCI Controller #3 (rev 03) (prog-if 00 [UHCI])
Intel Corporation 82801I (ICH9 Family) USB2 EHCI Controller #1 (rev 03) (prog-if 20 [EHCI])

DISK CONTROLLERS:
Intel Corporation 82371SB PIIX3 IDE [Natoma/Triton II]
******************
DETAILED EVENT LOG
******************
LOG NOTE: 2019-10-11 17:14:42, Status, Completed started test run
LOG NOTE: 2019-10-11 17:29:41, Status, Test run stopped

**************
RESULT SUMMARY
**************
Test Start time: Fri Oct 11 17:14:40 2019 
Test Stop time: Fri Oct 11 17:29:41 2019
Test Duration: 000h 15m 01s 

                          Test Name   Cycles   Operations      Result  Errors   Last Error
                        CPU - Maths   28776    13.668 Billion  PASS    0        No errors
TEST RUN PASSED

*********************
SERIOUS ERROR SUMMARY
*********************

-----------------------------------------------------------------------------------------------------
PassMark BurnInTest Log file  -  http://www.passmark.com
========================================================

BurnInTest v4.1 (1000) Linux 64bit
Logging detail level: Normal

*** Unlicensed Trial Version ***
******************
SYSTEM SUMMARY
******************
Linux 4.15.0-65-generic
16 x Intel Core Processor (Broadwell, IBRS)
0 MB RAM

GENERAL
System Name: ubuntu
Motherboard Manufacturer: N/A
Motherboard Model: N/A
Motherboard Version: N/A
Motherboard Serial: 
Bios Manufacturer: N/A
Bios Version: N/A
Bios Release Date: N/A

CPU
CPU Manufacturer: GenuineIntel
CPU Type: Intel Core Processor (Broadwell, IBRS)
Speed: 1995.4 MHz
CPUID: Family 6, Model 61, Stepping 2
Physical CPU's: 16
Cores per CPU: 1
Hyperthreading: Not capable
CPU Features: MMX SSE SSE2 SSE3 3DNow! SSE4a SSE4.1 SSE4.2 DEP PAE VMX SMX AES AVX AVX2 XOP FMA3 FMA4 
Cache per CPU package:
L1 Cache: 1866670188 kB
L2 Cache: 16384 kB
Serial Number: Intel Core Processor (Broadwell, IBRS)
Part Number: Intel Core Processor (Broadwell, IBRS)

MEMORY
Total Memory: 7878 MB
Available Memory: 6269 MB
Memory Devices:

GRAPHICS


DISK DRIVES
/dev/sda

NETWORK:
ens2 

PORTS:

USB HOST CONTROLLERS AND DEVICES:
Intel Corporation 82801I (ICH9 Family) USB UHCI Controller #1 (rev 03) (prog-if 00 [UHCI])
Intel Corporation 82801I (ICH9 Family) USB UHCI Controller #2 (rev 03) (prog-if 00 [UHCI])
Intel Corporation 82801I (ICH9 Family) USB UHCI Controller #3 (rev 03) (prog-if 00 [UHCI])
Intel Corporation 82801I (ICH9 Family) USB2 EHCI Controller #1 (rev 03) (prog-if 20 [EHCI])

DISK CONTROLLERS:
Intel Corporation 82371SB PIIX3 IDE [Natoma/Triton II]
******************
DETAILED EVENT LOG
******************
LOG NOTE: 2019-10-11 17:29:43, Status, Completed started test run
LOG NOTE: 2019-10-11 17:44:43, Status, Test run stopped

**************
RESULT SUMMARY
**************
Test Start time: Fri Oct 11 17:29:42 2019 
Test Stop time: Fri Oct 11 17:44:43 2019
Test Duration: 000h 15m 01s 

                          Test Name   Cycles   Operations      Result  Errors   Last Error
                        CPU - Maths   28786    13.676 Billion  PASS    0        No errors
TEST RUN PASSED

*********************
SERIOUS ERROR SUMMARY
*********************

-----------------------------------------------------------------------------------------------------
PassMark BurnInTest Log file  -  http://www.passmark.com
========================================================

BurnInTest v4.1 (1000) Linux 64bit
Logging detail level: Normal

*** Unlicensed Trial Version ***
******************
SYSTEM SUMMARY
******************
Linux 4.15.0-65-generic
16 x Intel Core Processor (Broadwell, IBRS)
0 MB RAM

GENERAL
System Name: ubuntu
Motherboard Manufacturer: N/A
Motherboard Model: N/A
Motherboard Version: N/A
Motherboard Serial: 
Bios Manufacturer: N/A
Bios Version: N/A
Bios Release Date: N/A

CPU
CPU Manufacturer: GenuineIntel
CPU Type: Intel Core Processor (Broadwell, IBRS)
Speed: 1995.4 MHz
CPUID: Family 6, Model 61, Stepping 2
Physical CPU's: 16
Cores per CPU: 1
Hyperthreading: Not capable
CPU Features: MMX SSE SSE2 SSE3 3DNow! SSE4a SSE4.1 SSE4.2 DEP PAE VMX SMX AES AVX AVX2 XOP FMA3 FMA4 
Cache per CPU package:
L1 Cache: 1866670188 kB
L2 Cache: 16384 kB
Serial Number: Intel Core Processor (Broadwell, IBRS)
Part Number: Intel Core Processor (Broadwell, IBRS)

MEMORY
Total Memory: 7878 MB
Available Memory: 6269 MB
Memory Devices:

GRAPHICS


DISK DRIVES
/dev/sda

NETWORK:
ens2 

PORTS:

USB HOST CONTROLLERS AND DEVICES:
Intel Corporation 82801I (ICH9 Family) USB UHCI Controller #1 (rev 03) (prog-if 00 [UHCI])
Intel Corporation 82801I (ICH9 Family) USB UHCI Controller #2 (rev 03) (prog-if 00 [UHCI])
Intel Corporation 82801I (ICH9 Family) USB UHCI Controller #3 (rev 03) (prog-if 00 [UHCI])
Intel Corporation 82801I (ICH9 Family) USB2 EHCI Controller #1 (rev 03) (prog-if 20 [EHCI])

DISK CONTROLLERS:
Intel Corporation 82371SB PIIX3 IDE [Natoma/Triton II]
******************
DETAILED EVENT LOG
******************
LOG NOTE: 2019-10-11 17:44:45, Status, Completed started test run
LOG NOTE: 2019-10-11 17:59:45, Status, Test run stopped

**************
RESULT SUMMARY
**************
Test Start time: Fri Oct 11 17:44:44 2019 
Test Stop time: Fri Oct 11 17:59:45 2019
Test Duration: 000h 15m 01s 

                          Test Name   Cycles   Operations      Result  Errors   Last Error
                        CPU - Maths   28784    13.677 Billion  PASS    0        No errors
TEST RUN PASSED

*********************
SERIOUS ERROR SUMMARY
*********************

-----------------------------------------------------------------------------------------------------
PassMark BurnInTest Log file  -  http://www.passmark.com
========================================================

BurnInTest v4.1 (1000) Linux 64bit
Logging detail level: Normal

*** Unlicensed Trial Version ***
******************
SYSTEM SUMMARY
******************
Linux 4.15.0-65-generic
16 x Intel Core Processor (Broadwell, IBRS)
0 MB RAM

GENERAL
System Name: ubuntu
Motherboard Manufacturer: N/A
Motherboard Model: N/A
Motherboard Version: N/A
Motherboard Serial: 
Bios Manufacturer: N/A
Bios Version: N/A
Bios Release Date: N/A

CPU
CPU Manufacturer: GenuineIntel
CPU Type: Intel Core Processor (Broadwell, IBRS)
Speed: 1995.4 MHz
CPUID: Family 6, Model 61, Stepping 2
Physical CPU's: 16
Cores per CPU: 1
Hyperthreading: Not capable
CPU Features: MMX SSE SSE2 SSE3 3DNow! SSE4a SSE4.1 SSE4.2 DEP PAE VMX SMX AES AVX AVX2 XOP FMA3 FMA4 
Cache per CPU package:
L1 Cache: 1866670188 kB
L2 Cache: 16384 kB
Serial Number: Intel Core Processor (Broadwell, IBRS)
Part Number: Intel Core Processor (Broadwell, IBRS)

MEMORY
Total Memory: 7878 MB
Available Memory: 6270 MB
Memory Devices:

GRAPHICS


DISK DRIVES
/dev/sda

NETWORK:
ens2 

PORTS:

USB HOST CONTROLLERS AND DEVICES:
Intel Corporation 82801I (ICH9 Family) USB UHCI Controller #1 (rev 03) (prog-if 00 [UHCI])
Intel Corporation 82801I (ICH9 Family) USB UHCI Controller #2 (rev 03) (prog-if 00 [UHCI])
Intel Corporation 82801I (ICH9 Family) USB UHCI Controller #3 (rev 03) (prog-if 00 [UHCI])
Intel Corporation 82801I (ICH9 Family) USB2 EHCI Controller #1 (rev 03) (prog-if 20 [EHCI])

DISK CONTROLLERS:
Intel Corporation 82371SB PIIX3 IDE [Natoma/Triton II]
******************
DETAILED EVENT LOG
******************
LOG NOTE: 2019-10-11 17:59:47, Status, Completed started test run
LOG NOTE: 2019-10-11 18:14:47, Status, Test run stopped

**************
RESULT SUMMARY
**************
Test Start time: Fri Oct 11 17:59:46 2019 
Test Stop time: Fri Oct 11 18:14:47 2019
Test Duration: 000h 15m 01s 

                          Test Name   Cycles   Operations      Result  Errors   Last Error
                        CPU - Maths   28785    13.677 Billion  PASS    0        No errors
TEST RUN PASSED

*********************
SERIOUS ERROR SUMMARY
*********************

-----------------------------------------------------------------------------------------------------
PassMark BurnInTest Log file  -  http://www.passmark.com
========================================================

BurnInTest v4.1 (1000) Linux 64bit
Logging detail level: Normal

*** Unlicensed Trial Version ***
******************
SYSTEM SUMMARY
******************
Linux 4.15.0-65-generic
16 x Intel Core Processor (Broadwell, IBRS)
0 MB RAM

GENERAL
System Name: ubuntu
Motherboard Manufacturer: N/A
Motherboard Model: N/A
Motherboard Version: N/A
Motherboard Serial: 
Bios Manufacturer: N/A
Bios Version: N/A
Bios Release Date: N/A

CPU
CPU Manufacturer: GenuineIntel
CPU Type: Intel Core Processor (Broadwell, IBRS)
Speed: 1995.4 MHz
CPUID: Family 6, Model 61, Stepping 2
Physical CPU's: 16
Cores per CPU: 1
Hyperthreading: Not capable
CPU Features: MMX SSE SSE2 SSE3 3DNow! SSE4a SSE4.1 SSE4.2 DEP PAE VMX SMX AES AVX AVX2 XOP FMA3 FMA4 
Cache per CPU package:
L1 Cache: 1866670188 kB
L2 Cache: 16384 kB
Serial Number: Intel Core Processor (Broadwell, IBRS)
Part Number: Intel Core Processor (Broadwell, IBRS)

MEMORY
Total Memory: 7878 MB
Available Memory: 6272 MB
Memory Devices:

GRAPHICS


DISK DRIVES
/dev/sda

NETWORK:
ens2 

PORTS:

USB HOST CONTROLLERS AND DEVICES:
Intel Corporation 82801I (ICH9 Family) USB UHCI Controller #1 (rev 03) (prog-if 00 [UHCI])
Intel Corporation 82801I (ICH9 Family) USB UHCI Controller #2 (rev 03) (prog-if 00 [UHCI])
Intel Corporation 82801I (ICH9 Family) USB UHCI Controller #3 (rev 03) (prog-if 00 [UHCI])
Intel Corporation 82801I (ICH9 Family) USB2 EHCI Controller #1 (rev 03) (prog-if 20 [EHCI])

DISK CONTROLLERS:
Intel Corporation 82371SB PIIX3 IDE [Natoma/Triton II]
******************
DETAILED EVENT LOG
******************
LOG NOTE: 2019-10-11 18:14:49, Status, Completed started test run
LOG NOTE: 2019-10-11 18:29:49, Status, Test run stopped

**************
RESULT SUMMARY
**************
Test Start time: Fri Oct 11 18:14:48 2019 
Test Stop time: Fri Oct 11 18:29:49 2019
Test Duration: 000h 15m 01s 

                          Test Name   Cycles   Operations      Result  Errors   Last Error
                        CPU - Maths   28772    13.664 Billion  PASS    0        No errors
TEST RUN PASSED

*********************
SERIOUS ERROR SUMMARY
*********************

-----------------------------------------------------------------------------------------------------
PassMark BurnInTest Log file  -  http://www.passmark.com
========================================================

BurnInTest v4.1 (1000) Linux 64bit
Logging detail level: Normal

*** Unlicensed Trial Version ***
******************
SYSTEM SUMMARY
******************
Linux 4.15.0-65-generic
16 x Intel Core Processor (Broadwell, IBRS)
0 MB RAM

GENERAL
System Name: ubuntu
Motherboard Manufacturer: N/A
Motherboard Model: N/A
Motherboard Version: N/A
Motherboard Serial: 
Bios Manufacturer: N/A
Bios Version: N/A
Bios Release Date: N/A

CPU
CPU Manufacturer: GenuineIntel
CPU Type: Intel Core Processor (Broadwell, IBRS)
Speed: 1995.4 MHz
CPUID: Family 6, Model 61, Stepping 2
Physical CPU's: 16
Cores per CPU: 1
Hyperthreading: Not capable
CPU Features: MMX SSE SSE2 SSE3 3DNow! SSE4a SSE4.1 SSE4.2 DEP PAE VMX SMX AES AVX AVX2 XOP FMA3 FMA4 
Cache per CPU package:
L1 Cache: 1866670188 kB
L2 Cache: 16384 kB
Serial Number: Intel Core Processor (Broadwell, IBRS)
Part Number: Intel Core Processor (Broadwell, IBRS)

MEMORY
Total Memory: 7878 MB
Available Memory: 6270 MB
Memory Devices:

GRAPHICS


DISK DRIVES
/dev/sda

NETWORK:
ens2 

PORTS:

USB HOST CONTROLLERS AND DEVICES:
Intel Corporation 82801I (ICH9 Family) USB UHCI Controller #1 (rev 03) (prog-if 00 [UHCI])
Intel Corporation 82801I (ICH9 Family) USB UHCI Controller #2 (rev 03) (prog-if 00 [UHCI])
Intel Corporation 82801I (ICH9 Family) USB UHCI Controller #3 (rev 03) (prog-if 00 [UHCI])
Intel Corporation 82801I (ICH9 Family) USB2 EHCI Controller #1 (rev 03) (prog-if 20 [EHCI])

DISK CONTROLLERS:
Intel Corporation 82371SB PIIX3 IDE [Natoma/Triton II]
******************
DETAILED EVENT LOG
******************
LOG NOTE: 2019-10-11 18:29:51, Status, Completed started test run
LOG NOTE: 2019-10-11 18:44:50, Status, Test run stopped

**************
RESULT SUMMARY
**************
Test Start time: Fri Oct 11 18:29:49 2019 
Test Stop time: Fri Oct 11 18:44:50 2019
Test Duration: 000h 15m 01s 

                          Test Name   Cycles   Operations      Result  Errors   Last Error
                        CPU - Maths   28758    13.664 Billion  PASS    0        No errors
TEST RUN PASSED

*********************
SERIOUS ERROR SUMMARY
*********************

-----------------------------------------------------------------------------------------------------
PassMark BurnInTest Log file  -  http://www.passmark.com
========================================================

BurnInTest v4.1 (1000) Linux 64bit
Logging detail level: Normal

*** Unlicensed Trial Version ***
******************
SYSTEM SUMMARY
******************
Linux 4.15.0-65-generic
16 x Intel Core Processor (Broadwell, IBRS)
0 MB RAM

GENERAL
System Name: ubuntu
Motherboard Manufacturer: N/A
Motherboard Model: N/A
Motherboard Version: N/A
Motherboard Serial: 
Bios Manufacturer: N/A
Bios Version: N/A
Bios Release Date: N/A

CPU
CPU Manufacturer: GenuineIntel
CPU Type: Intel Core Processor (Broadwell, IBRS)
Speed: 1995.4 MHz
CPUID: Family 6, Model 61, Stepping 2
Physical CPU's: 16
Cores per CPU: 1
Hyperthreading: Not capable
CPU Features: MMX SSE SSE2 SSE3 3DNow! SSE4a SSE4.1 SSE4.2 DEP PAE VMX SMX AES AVX AVX2 XOP FMA3 FMA4 
Cache per CPU package:
L1 Cache: 1866670188 kB
L2 Cache: 16384 kB
Serial Number: Intel Core Processor (Broadwell, IBRS)
Part Number: Intel Core Processor (Broadwell, IBRS)

MEMORY
Total Memory: 7878 MB
Available Memory: 6269 MB
Memory Devices:

GRAPHICS


DISK DRIVES
/dev/sda

NETWORK:
ens2 

PORTS:

USB HOST CONTROLLERS AND DEVICES:
Intel Corporation 82801I (ICH9 Family) USB UHCI Controller #1 (rev 03) (prog-if 00 [UHCI])
Intel Corporation 82801I (ICH9 Family) USB UHCI Controller #2 (rev 03) (prog-if 00 [UHCI])
Intel Corporation 82801I (ICH9 Family) USB UHCI Controller #3 (rev 03) (prog-if 00 [UHCI])
Intel Corporation 82801I (ICH9 Family) USB2 EHCI Controller #1 (rev 03) (prog-if 20 [EHCI])

DISK CONTROLLERS:
Intel Corporation 82371SB PIIX3 IDE [Natoma/Triton II]
******************
DETAILED EVENT LOG
******************
LOG NOTE: 2019-10-11 18:44:52, Status, Completed started test run
LOG NOTE: 2019-10-11 18:59:51, Status, Test run stopped

**************
RESULT SUMMARY
**************
Test Start time: Fri Oct 11 18:44:50 2019 
Test Stop time: Fri Oct 11 18:59:51 2019
Test Duration: 000h 15m 01s 

                          Test Name   Cycles   Operations      Result  Errors   Last Error
                        CPU - Maths   28754    13.662 Billion  PASS    0        No errors
TEST RUN PASSED

*********************
SERIOUS ERROR SUMMARY
*********************

-----------------------------------------------------------------------------------------------------
PassMark BurnInTest Log file  -  http://www.passmark.com
========================================================

BurnInTest v4.1 (1000) Linux 64bit
Logging detail level: Normal

*** Unlicensed Trial Version ***
******************
SYSTEM SUMMARY
******************
Linux 4.15.0-65-generic
16 x Intel Core Processor (Broadwell, IBRS)
0 MB RAM

GENERAL
System Name: ubuntu
Motherboard Manufacturer: N/A
Motherboard Model: N/A
Motherboard Version: N/A
Motherboard Serial: 
Bios Manufacturer: N/A
Bios Version: N/A
Bios Release Date: N/A

CPU
CPU Manufacturer: GenuineIntel
CPU Type: Intel Core Processor (Broadwell, IBRS)
Speed: 1995.4 MHz
CPUID: Family 6, Model 61, Stepping 2
Physical CPU's: 16
Cores per CPU: 1
Hyperthreading: Not capable
CPU Features: MMX SSE SSE2 SSE3 3DNow! SSE4a SSE4.1 SSE4.2 DEP PAE VMX SMX AES AVX AVX2 XOP FMA3 FMA4 
Cache per CPU package:
L1 Cache: 1866670188 kB
L2 Cache: 16384 kB
Serial Number: Intel Core Processor (Broadwell, IBRS)
Part Number: Intel Core Processor (Broadwell, IBRS)

MEMORY
Total Memory: 7878 MB
Available Memory: 6270 MB
Memory Devices:

GRAPHICS


DISK DRIVES
/dev/sda

NETWORK:
ens2 

PORTS:

USB HOST CONTROLLERS AND DEVICES:
Intel Corporation 82801I (ICH9 Family) USB UHCI Controller #1 (rev 03) (prog-if 00 [UHCI])
Intel Corporation 82801I (ICH9 Family) USB UHCI Controller #2 (rev 03) (prog-if 00 [UHCI])
Intel Corporation 82801I (ICH9 Family) USB UHCI Controller #3 (rev 03) (prog-if 00 [UHCI])
Intel Corporation 82801I (ICH9 Family) USB2 EHCI Controller #1 (rev 03) (prog-if 20 [EHCI])

DISK CONTROLLERS:
Intel Corporation 82371SB PIIX3 IDE [Natoma/Triton II]
******************
DETAILED EVENT LOG
******************
LOG NOTE: 2019-10-11 18:59:53, Status, Completed started test run
LOG NOTE: 2019-10-11 19:14:53, Status, Test run stopped

**************
RESULT SUMMARY
**************
Test Start time: Fri Oct 11 18:59:51 2019 
Test Stop time: Fri Oct 11 19:14:53 2019
Test Duration: 000h 15m 02s 

                          Test Name   Cycles   Operations      Result  Errors   Last Error
                        CPU - Maths   28756    13.663 Billion  PASS    0        No errors
TEST RUN PASSED

*********************
SERIOUS ERROR SUMMARY
*********************

-----------------------------------------------------------------------------------------------------
PassMark BurnInTest Log file  -  http://www.passmark.com
========================================================

BurnInTest v4.1 (1000) Linux 64bit
Logging detail level: Normal

*** Unlicensed Trial Version ***
******************
SYSTEM SUMMARY
******************
Linux 4.15.0-65-generic
16 x Intel Core Processor (Broadwell, IBRS)
0 MB RAM

GENERAL
System Name: ubuntu
Motherboard Manufacturer: N/A
Motherboard Model: N/A
Motherboard Version: N/A
Motherboard Serial: 
Bios Manufacturer: N/A
Bios Version: N/A
Bios Release Date: N/A

CPU
CPU Manufacturer: GenuineIntel
CPU Type: Intel Core Processor (Broadwell, IBRS)
Speed: 1995.4 MHz
CPUID: Family 6, Model 61, Stepping 2
Physical CPU's: 16
Cores per CPU: 1
Hyperthreading: Not capable
CPU Features: MMX SSE SSE2 SSE3 3DNow! SSE4a SSE4.1 SSE4.2 DEP PAE VMX SMX AES AVX AVX2 XOP FMA3 FMA4 
Cache per CPU package:
L1 Cache: 1866670188 kB
L2 Cache: 16384 kB
Serial Number: Intel Core Processor (Broadwell, IBRS)
Part Number: Intel Core Processor (Broadwell, IBRS)

MEMORY
Total Memory: 7878 MB
Available Memory: 6270 MB
Memory Devices:

GRAPHICS


DISK DRIVES
/dev/sda

NETWORK:
ens2 

PORTS:

USB HOST CONTROLLERS AND DEVICES:
Intel Corporation 82801I (ICH9 Family) USB UHCI Controller #1 (rev 03) (prog-if 00 [UHCI])
Intel Corporation 82801I (ICH9 Family) USB UHCI Controller #2 (rev 03) (prog-if 00 [UHCI])
Intel Corporation 82801I (ICH9 Family) USB UHCI Controller #3 (rev 03) (prog-if 00 [UHCI])
Intel Corporation 82801I (ICH9 Family) USB2 EHCI Controller #1 (rev 03) (prog-if 20 [EHCI])

DISK CONTROLLERS:
Intel Corporation 82371SB PIIX3 IDE [Natoma/Triton II]
******************
DETAILED EVENT LOG
******************
LOG NOTE: 2019-10-11 19:14:54, Status, Completed started test run
LOG NOTE: 2019-10-11 19:29:54, Status, Test run stopped

**************
RESULT SUMMARY
**************
Test Start time: Fri Oct 11 19:14:53 2019 
Test Stop time: Fri Oct 11 19:29:54 2019
Test Duration: 000h 15m 01s 

                          Test Name   Cycles   Operations      Result  Errors   Last Error
                        CPU - Maths   28769    13.669 Billion  PASS    0        No errors
TEST RUN PASSED

*********************
SERIOUS ERROR SUMMARY
*********************

-----------------------------------------------------------------------------------------------------
PassMark BurnInTest Log file  -  http://www.passmark.com
========================================================

BurnInTest v4.1 (1000) Linux 64bit
Logging detail level: Normal

*** Unlicensed Trial Version ***
******************
SYSTEM SUMMARY
******************
Linux 4.15.0-65-generic
16 x Intel Core Processor (Broadwell, IBRS)
0 MB RAM

GENERAL
System Name: ubuntu
Motherboard Manufacturer: N/A
Motherboard Model: N/A
Motherboard Version: N/A
Motherboard Serial: 
Bios Manufacturer: N/A
Bios Version: N/A
Bios Release Date: N/A

CPU
CPU Manufacturer: GenuineIntel
CPU Type: Intel Core Processor (Broadwell, IBRS)
Speed: 1995.4 MHz
CPUID: Family 6, Model 61, Stepping 2
Physical CPU's: 16
Cores per CPU: 1
Hyperthreading: Not capable
CPU Features: MMX SSE SSE2 SSE3 3DNow! SSE4a SSE4.1 SSE4.2 DEP PAE VMX SMX AES AVX AVX2 XOP FMA3 FMA4 
Cache per CPU package:
L1 Cache: 1866670188 kB
L2 Cache: 16384 kB
Serial Number: Intel Core Processor (Broadwell, IBRS)
Part Number: Intel Core Processor (Broadwell, IBRS)

MEMORY
Total Memory: 7878 MB
Available Memory: 6271 MB
Memory Devices:

GRAPHICS


DISK DRIVES
/dev/sda

NETWORK:
ens2 

PORTS:

USB HOST CONTROLLERS AND DEVICES:
Intel Corporation 82801I (ICH9 Family) USB UHCI Controller #1 (rev 03) (prog-if 00 [UHCI])
Intel Corporation 82801I (ICH9 Family) USB UHCI Controller #2 (rev 03) (prog-if 00 [UHCI])
Intel Corporation 82801I (ICH9 Family) USB UHCI Controller #3 (rev 03) (prog-if 00 [UHCI])
Intel Corporation 82801I (ICH9 Family) USB2 EHCI Controller #1 (rev 03) (prog-if 20 [EHCI])

DISK CONTROLLERS:
Intel Corporation 82371SB PIIX3 IDE [Natoma/Triton II]
******************
DETAILED EVENT LOG
******************
LOG NOTE: 2019-10-11 19:29:56, Status, Completed started test run
LOG NOTE: 2019-10-11 19:44:55, Status, Test run stopped

**************
RESULT SUMMARY
**************
Test Start time: Fri Oct 11 19:29:54 2019 
Test Stop time: Fri Oct 11 19:44:55 2019
Test Duration: 000h 15m 01s 

                          Test Name   Cycles   Operations      Result  Errors   Last Error
                        CPU - Maths   28754    13.661 Billion  PASS    0        No errors
TEST RUN PASSED

*********************
SERIOUS ERROR SUMMARY
*********************

-----------------------------------------------------------------------------------------------------
PassMark BurnInTest Log file  -  http://www.passmark.com
========================================================

BurnInTest v4.1 (1000) Linux 64bit
Logging detail level: Normal

*** Unlicensed Trial Version ***
******************
SYSTEM SUMMARY
******************
Linux 4.15.0-65-generic
16 x Intel Core Processor (Broadwell, IBRS)
0 MB RAM

GENERAL
System Name: ubuntu
Motherboard Manufacturer: N/A
Motherboard Model: N/A
Motherboard Version: N/A
Motherboard Serial: 
Bios Manufacturer: N/A
Bios Version: N/A
Bios Release Date: N/A

CPU
CPU Manufacturer: GenuineIntel
CPU Type: Intel Core Processor (Broadwell, IBRS)
Speed: 1995.4 MHz
CPUID: Family 6, Model 61, Stepping 2
Physical CPU's: 16
Cores per CPU: 1
Hyperthreading: Not capable
CPU Features: MMX SSE SSE2 SSE3 3DNow! SSE4a SSE4.1 SSE4.2 DEP PAE VMX SMX AES AVX AVX2 XOP FMA3 FMA4 
Cache per CPU package:
L1 Cache: 1866670188 kB
L2 Cache: 16384 kB
Serial Number: Intel Core Processor (Broadwell, IBRS)
Part Number: Intel Core Processor (Broadwell, IBRS)

MEMORY
Total Memory: 7878 MB
Available Memory: 6271 MB
Memory Devices:

GRAPHICS


DISK DRIVES
/dev/sda

NETWORK:
ens2 

PORTS:

USB HOST CONTROLLERS AND DEVICES:
Intel Corporation 82801I (ICH9 Family) USB UHCI Controller #1 (rev 03) (prog-if 00 [UHCI])
Intel Corporation 82801I (ICH9 Family) USB UHCI Controller #2 (rev 03) (prog-if 00 [UHCI])
Intel Corporation 82801I (ICH9 Family) USB UHCI Controller #3 (rev 03) (prog-if 00 [UHCI])
Intel Corporation 82801I (ICH9 Family) USB2 EHCI Controller #1 (rev 03) (prog-if 20 [EHCI])

DISK CONTROLLERS:
Intel Corporation 82371SB PIIX3 IDE [Natoma/Triton II]
******************
DETAILED EVENT LOG
******************
LOG NOTE: 2019-10-11 19:44:57, Status, Completed started test run
LOG NOTE: 2019-10-11 19:59:56, Status, Test run stopped

**************
RESULT SUMMARY
**************
Test Start time: Fri Oct 11 19:44:55 2019 
Test Stop time: Fri Oct 11 19:59:56 2019
Test Duration: 000h 15m 01s 

                          Test Name   Cycles   Operations      Result  Errors   Last Error
                        CPU - Maths   28760    13.660 Billion  PASS    0        No errors
TEST RUN PASSED

*********************
SERIOUS ERROR SUMMARY
*********************

-----------------------------------------------------------------------------------------------------
PassMark BurnInTest Log file  -  http://www.passmark.com
========================================================

BurnInTest v4.1 (1000) Linux 64bit
Logging detail level: Normal

*** Unlicensed Trial Version ***
******************
SYSTEM SUMMARY
******************
Linux 4.15.0-65-generic
16 x Intel Core Processor (Broadwell, IBRS)
0 MB RAM

GENERAL
System Name: ubuntu
Motherboard Manufacturer: N/A
Motherboard Model: N/A
Motherboard Version: N/A
Motherboard Serial: 
Bios Manufacturer: N/A
Bios Version: N/A
Bios Release Date: N/A

CPU
CPU Manufacturer: GenuineIntel
CPU Type: Intel Core Processor (Broadwell, IBRS)
Speed: 1995.4 MHz
CPUID: Family 6, Model 61, Stepping 2
Physical CPU's: 16
Cores per CPU: 1
Hyperthreading: Not capable
CPU Features: MMX SSE SSE2 SSE3 3DNow! SSE4a SSE4.1 SSE4.2 DEP PAE VMX SMX AES AVX AVX2 XOP FMA3 FMA4 
Cache per CPU package:
L1 Cache: 1866670188 kB
L2 Cache: 16384 kB
Serial Number: Intel Core Processor (Broadwell, IBRS)
Part Number: Intel Core Processor (Broadwell, IBRS)

MEMORY
Total Memory: 7878 MB
Available Memory: 6271 MB
Memory Devices:

GRAPHICS


DISK DRIVES
/dev/sda

NETWORK:
ens2 

PORTS:

USB HOST CONTROLLERS AND DEVICES:
Intel Corporation 82801I (ICH9 Family) USB UHCI Controller #1 (rev 03) (prog-if 00 [UHCI])
Intel Corporation 82801I (ICH9 Family) USB UHCI Controller #2 (rev 03) (prog-if 00 [UHCI])
Intel Corporation 82801I (ICH9 Family) USB UHCI Controller #3 (rev 03) (prog-if 00 [UHCI])
Intel Corporation 82801I (ICH9 Family) USB2 EHCI Controller #1 (rev 03) (prog-if 20 [EHCI])

DISK CONTROLLERS:
Intel Corporation 82371SB PIIX3 IDE [Natoma/Triton II]
******************
DETAILED EVENT LOG
******************
LOG NOTE: 2019-10-11 19:59:58, Status, Completed started test run
LOG NOTE: 2019-10-11 20:14:57, Status, Test run stopped

**************
RESULT SUMMARY
**************
Test Start time: Fri Oct 11 19:59:56 2019 
Test Stop time: Fri Oct 11 20:14:57 2019
Test Duration: 000h 15m 01s 

                          Test Name   Cycles   Operations      Result  Errors   Last Error
                        CPU - Maths   28762    13.658 Billion  PASS    0        No errors
TEST RUN PASSED

*********************
SERIOUS ERROR SUMMARY
*********************

-----------------------------------------------------------------------------------------------------
PassMark BurnInTest Log file  -  http://www.passmark.com
========================================================

BurnInTest v4.1 (1000) Linux 64bit
Logging detail level: Normal

*** Unlicensed Trial Version ***
******************
SYSTEM SUMMARY
******************
Linux 4.15.0-65-generic
16 x Intel Core Processor (Broadwell, IBRS)
0 MB RAM

GENERAL
System Name: ubuntu
Motherboard Manufacturer: N/A
Motherboard Model: N/A
Motherboard Version: N/A
Motherboard Serial: 
Bios Manufacturer: N/A
Bios Version: N/A
Bios Release Date: N/A

CPU
CPU Manufacturer: GenuineIntel
CPU Type: Intel Core Processor (Broadwell, IBRS)
Speed: 1995.4 MHz
CPUID: Family 6, Model 61, Stepping 2
Physical CPU's: 16
Cores per CPU: 1
Hyperthreading: Not capable
CPU Features: MMX SSE SSE2 SSE3 3DNow! SSE4a SSE4.1 SSE4.2 DEP PAE VMX SMX AES AVX AVX2 XOP FMA3 FMA4 
Cache per CPU package:
L1 Cache: 1866670188 kB
L2 Cache: 16384 kB
Serial Number: Intel Core Processor (Broadwell, IBRS)
Part Number: Intel Core Processor (Broadwell, IBRS)

MEMORY
Total Memory: 7878 MB
Available Memory: 6271 MB
Memory Devices:

GRAPHICS


DISK DRIVES
/dev/sda

NETWORK:
ens2 

PORTS:

USB HOST CONTROLLERS AND DEVICES:
Intel Corporation 82801I (ICH9 Family) USB UHCI Controller #1 (rev 03) (prog-if 00 [UHCI])
Intel Corporation 82801I (ICH9 Family) USB UHCI Controller #2 (rev 03) (prog-if 00 [UHCI])
Intel Corporation 82801I (ICH9 Family) USB UHCI Controller #3 (rev 03) (prog-if 00 [UHCI])
Intel Corporation 82801I (ICH9 Family) USB2 EHCI Controller #1 (rev 03) (prog-if 20 [EHCI])

DISK CONTROLLERS:
Intel Corporation 82371SB PIIX3 IDE [Natoma/Triton II]
******************
DETAILED EVENT LOG
******************
LOG NOTE: 2019-10-11 20:14:59, Status, Completed started test run
LOG NOTE: 2019-10-11 20:29:58, Status, Test run stopped

**************
RESULT SUMMARY
**************
Test Start time: Fri Oct 11 20:14:57 2019 
Test Stop time: Fri Oct 11 20:29:58 2019
Test Duration: 000h 15m 01s 

                          Test Name   Cycles   Operations      Result  Errors   Last Error
                        CPU - Maths   28755    13.652 Billion  PASS    0        No errors
TEST RUN PASSED

*********************
SERIOUS ERROR SUMMARY
*********************

-----------------------------------------------------------------------------------------------------
PassMark BurnInTest Log file  -  http://www.passmark.com
========================================================

BurnInTest v4.1 (1000) Linux 64bit
Logging detail level: Normal

*** Unlicensed Trial Version ***
******************
SYSTEM SUMMARY
******************
Linux 4.15.0-65-generic
16 x Intel Core Processor (Broadwell, IBRS)
0 MB RAM

GENERAL
System Name: ubuntu
Motherboard Manufacturer: N/A
Motherboard Model: N/A
Motherboard Version: N/A
Motherboard Serial: 
Bios Manufacturer: N/A
Bios Version: N/A
Bios Release Date: N/A

CPU
CPU Manufacturer: GenuineIntel
CPU Type: Intel Core Processor (Broadwell, IBRS)
Speed: 1995.4 MHz
CPUID: Family 6, Model 61, Stepping 2
Physical CPU's: 16
Cores per CPU: 1
Hyperthreading: Not capable
CPU Features: MMX SSE SSE2 SSE3 3DNow! SSE4a SSE4.1 SSE4.2 DEP PAE VMX SMX AES AVX AVX2 XOP FMA3 FMA4 
Cache per CPU package:
L1 Cache: 1866670188 kB
L2 Cache: 16384 kB
Serial Number: Intel Core Processor (Broadwell, IBRS)
Part Number: Intel Core Processor (Broadwell, IBRS)

MEMORY
Total Memory: 7878 MB
Available Memory: 6269 MB
Memory Devices:

GRAPHICS


DISK DRIVES
/dev/sda

NETWORK:
ens2 

PORTS:

USB HOST CONTROLLERS AND DEVICES:
Intel Corporation 82801I (ICH9 Family) USB UHCI Controller #1 (rev 03) (prog-if 00 [UHCI])
Intel Corporation 82801I (ICH9 Family) USB UHCI Controller #2 (rev 03) (prog-if 00 [UHCI])
Intel Corporation 82801I (ICH9 Family) USB UHCI Controller #3 (rev 03) (prog-if 00 [UHCI])
Intel Corporation 82801I (ICH9 Family) USB2 EHCI Controller #1 (rev 03) (prog-if 20 [EHCI])

DISK CONTROLLERS:
Intel Corporation 82371SB PIIX3 IDE [Natoma/Triton II]
******************
DETAILED EVENT LOG
******************
LOG NOTE: 2019-10-11 20:30:00, Status, Completed started test run
LOG NOTE: 2019-10-11 20:44:59, Status, Test run stopped

**************
RESULT SUMMARY
**************
Test Start time: Fri Oct 11 20:29:58 2019 
Test Stop time: Fri Oct 11 20:44:59 2019
Test Duration: 000h 15m 01s 

                          Test Name   Cycles   Operations      Result  Errors   Last Error
                        CPU - Maths   28757    13.658 Billion  PASS    0        No errors
TEST RUN PASSED

*********************
SERIOUS ERROR SUMMARY
*********************

-----------------------------------------------------------------------------------------------------
PassMark BurnInTest Log file  -  http://www.passmark.com
========================================================

BurnInTest v4.1 (1000) Linux 64bit
Logging detail level: Normal

*** Unlicensed Trial Version ***
******************
SYSTEM SUMMARY
******************
Linux 4.15.0-65-generic
16 x Intel Core Processor (Broadwell, IBRS)
0 MB RAM

GENERAL
System Name: ubuntu
Motherboard Manufacturer: N/A
Motherboard Model: N/A
Motherboard Version: N/A
Motherboard Serial: 
Bios Manufacturer: N/A
Bios Version: N/A
Bios Release Date: N/A

CPU
CPU Manufacturer: GenuineIntel
CPU Type: Intel Core Processor (Broadwell, IBRS)
Speed: 1995.4 MHz
CPUID: Family 6, Model 61, Stepping 2
Physical CPU's: 16
Cores per CPU: 1
Hyperthreading: Not capable
CPU Features: MMX SSE SSE2 SSE3 3DNow! SSE4a SSE4.1 SSE4.2 DEP PAE VMX SMX AES AVX AVX2 XOP FMA3 FMA4 
Cache per CPU package:
L1 Cache: 1866670188 kB
L2 Cache: 16384 kB
Serial Number: Intel Core Processor (Broadwell, IBRS)
Part Number: Intel Core Processor (Broadwell, IBRS)

MEMORY
Total Memory: 7878 MB
Available Memory: 6269 MB
Memory Devices:

GRAPHICS


DISK DRIVES
/dev/sda

NETWORK:
ens2 

PORTS:

USB HOST CONTROLLERS AND DEVICES:
Intel Corporation 82801I (ICH9 Family) USB UHCI Controller #1 (rev 03) (prog-if 00 [UHCI])
Intel Corporation 82801I (ICH9 Family) USB UHCI Controller #2 (rev 03) (prog-if 00 [UHCI])
Intel Corporation 82801I (ICH9 Family) USB UHCI Controller #3 (rev 03) (prog-if 00 [UHCI])
Intel Corporation 82801I (ICH9 Family) USB2 EHCI Controller #1 (rev 03) (prog-if 20 [EHCI])

DISK CONTROLLERS:
Intel Corporation 82371SB PIIX3 IDE [Natoma/Triton II]
******************
DETAILED EVENT LOG
******************
LOG NOTE: 2019-10-11 20:45:01, Status, Completed started test run
LOG NOTE: 2019-10-11 21:00:00, Status, Test run stopped

**************
RESULT SUMMARY
**************
Test Start time: Fri Oct 11 20:44:59 2019 
Test Stop time: Fri Oct 11 21:00:00 2019
Test Duration: 000h 15m 01s 

                          Test Name   Cycles   Operations      Result  Errors   Last Error
                        CPU - Maths   28757    13.638 Billion  PASS    0        No errors
TEST RUN PASSED

*********************
SERIOUS ERROR SUMMARY
*********************

-----------------------------------------------------------------------------------------------------
PassMark BurnInTest Log file  -  http://www.passmark.com
========================================================

BurnInTest v4.1 (1000) Linux 64bit
Logging detail level: Normal

*** Unlicensed Trial Version ***
******************
SYSTEM SUMMARY
******************
Linux 4.15.0-65-generic
16 x Intel Core Processor (Broadwell, IBRS)
0 MB RAM

GENERAL
System Name: ubuntu
Motherboard Manufacturer: N/A
Motherboard Model: N/A
Motherboard Version: N/A
Motherboard Serial: 
Bios Manufacturer: N/A
Bios Version: N/A
Bios Release Date: N/A

CPU
CPU Manufacturer: GenuineIntel
CPU Type: Intel Core Processor (Broadwell, IBRS)
Speed: 1995.4 MHz
CPUID: Family 6, Model 61, Stepping 2
Physical CPU's: 16
Cores per CPU: 1
Hyperthreading: Not capable
CPU Features: MMX SSE SSE2 SSE3 3DNow! SSE4a SSE4.1 SSE4.2 DEP PAE VMX SMX AES AVX AVX2 XOP FMA3 FMA4 
Cache per CPU package:
L1 Cache: 1866670188 kB
L2 Cache: 16384 kB
Serial Number: Intel Core Processor (Broadwell, IBRS)
Part Number: Intel Core Processor (Broadwell, IBRS)

MEMORY
Total Memory: 7878 MB
Available Memory: 6269 MB
Memory Devices:

GRAPHICS


DISK DRIVES
/dev/sda

NETWORK:
ens2 

PORTS:

USB HOST CONTROLLERS AND DEVICES:
Intel Corporation 82801I (ICH9 Family) USB UHCI Controller #1 (rev 03) (prog-if 00 [UHCI])
Intel Corporation 82801I (ICH9 Family) USB UHCI Controller #2 (rev 03) (prog-if 00 [UHCI])
Intel Corporation 82801I (ICH9 Family) USB UHCI Controller #3 (rev 03) (prog-if 00 [UHCI])
Intel Corporation 82801I (ICH9 Family) USB2 EHCI Controller #1 (rev 03) (prog-if 20 [EHCI])

DISK CONTROLLERS:
Intel Corporation 82371SB PIIX3 IDE [Natoma/Triton II]
******************
DETAILED EVENT LOG
******************
LOG NOTE: 2019-10-11 21:00:02, Status, Completed started test run
LOG NOTE: 2019-10-11 21:15:01, Status, Test run stopped

**************
RESULT SUMMARY
**************
Test Start time: Fri Oct 11 21:00:00 2019 
Test Stop time: Fri Oct 11 21:15:01 2019
Test Duration: 000h 15m 01s 

                          Test Name   Cycles   Operations      Result  Errors   Last Error
                        CPU - Maths   28757    13.663 Billion  PASS    0        No errors
TEST RUN PASSED

*********************
SERIOUS ERROR SUMMARY
*********************

-----------------------------------------------------------------------------------------------------
PassMark BurnInTest Log file  -  http://www.passmark.com
========================================================

BurnInTest v4.1 (1000) Linux 64bit
Logging detail level: Normal

*** Unlicensed Trial Version ***
******************
SYSTEM SUMMARY
******************
Linux 4.15.0-65-generic
16 x Intel Core Processor (Broadwell, IBRS)
0 MB RAM

GENERAL
System Name: ubuntu
Motherboard Manufacturer: N/A
Motherboard Model: N/A
Motherboard Version: N/A
Motherboard Serial: 
Bios Manufacturer: N/A
Bios Version: N/A
Bios Release Date: N/A

CPU
CPU Manufacturer: GenuineIntel
CPU Type: Intel Core Processor (Broadwell, IBRS)
Speed: 1995.4 MHz
CPUID: Family 6, Model 61, Stepping 2
Physical CPU's: 16
Cores per CPU: 1
Hyperthreading: Not capable
CPU Features: MMX SSE SSE2 SSE3 3DNow! SSE4a SSE4.1 SSE4.2 DEP PAE VMX SMX AES AVX AVX2 XOP FMA3 FMA4 
Cache per CPU package:
L1 Cache: 1866670188 kB
L2 Cache: 16384 kB
Serial Number: Intel Core Processor (Broadwell, IBRS)
Part Number: Intel Core Processor (Broadwell, IBRS)

MEMORY
Total Memory: 7878 MB
Available Memory: 6270 MB
Memory Devices:

GRAPHICS


DISK DRIVES
/dev/sda

NETWORK:
ens2 

PORTS:

USB HOST CONTROLLERS AND DEVICES:
Intel Corporation 82801I (ICH9 Family) USB UHCI Controller #1 (rev 03) (prog-if 00 [UHCI])
Intel Corporation 82801I (ICH9 Family) USB UHCI Controller #2 (rev 03) (prog-if 00 [UHCI])
Intel Corporation 82801I (ICH9 Family) USB UHCI Controller #3 (rev 03) (prog-if 00 [UHCI])
Intel Corporation 82801I (ICH9 Family) USB2 EHCI Controller #1 (rev 03) (prog-if 20 [EHCI])

DISK CONTROLLERS:
Intel Corporation 82371SB PIIX3 IDE [Natoma/Triton II]
******************
DETAILED EVENT LOG
******************
LOG NOTE: 2019-10-11 21:15:03, Status, Completed started test run
LOG NOTE: 2019-10-11 21:30:02, Status, Test run stopped

**************
RESULT SUMMARY
**************
Test Start time: Fri Oct 11 21:15:01 2019 
Test Stop time: Fri Oct 11 21:30:02 2019
Test Duration: 000h 15m 01s 

                          Test Name   Cycles   Operations      Result  Errors   Last Error
                        CPU - Maths   28756    13.657 Billion  PASS    0        No errors
TEST RUN PASSED

*********************
SERIOUS ERROR SUMMARY
*********************

-----------------------------------------------------------------------------------------------------
