PassMark BurnInTest Log file  -  http://www.passmark.com
========================================================

BurnInTest v4.1 (1000) Linux 64bit
Logging detail level: Normal

*** Unlicensed Trial Version ***
******************
SYSTEM SUMMARY
******************
Linux 4.15.0-55-generic
1 x Intel(R) Xeon(R) CPU D-1548 @ 2.00GHz
0 MB RAM

GENERAL
System Name: 38f25df82eb6
Motherboard Manufacturer: N/A
Motherboard Model: N/A
Motherboard Version: N/A
Motherboard Serial: 
Bios Manufacturer: N/A
Bios Version: N/A
Bios Release Date: N/A

CPU
CPU Manufacturer: GenuineIntel
CPU Type: Intel(R) Xeon(R) CPU D-1548 @ 2.00GHz
Speed: 890.3 MHz
CPUID: Family 6, Model 86, Stepping 3
Physical CPU's: 1
Cores per CPU: 8
Hyperthreading: Enabled
CPU Features: MMX SSE SSE2 SSE3 SSE4.1 SSE4.2 PAE VMX SMX AES AVX AVX2 
Cache per CPU package:
L1 Cache: 0 kB
L2 Cache: 12288 kB

MEMORY
Total Memory: 64293 MB
Available Memory: 58213 MB
Memory Devices:

GRAPHICS


DISK DRIVES

NETWORK:
tap0 

PORTS:

USB HOST CONTROLLERS AND DEVICES:

DISK CONTROLLERS:
******************
DETAILED EVENT LOG
******************
LOG NOTE: 2019-10-12 22:16:20, Status, Completed started test run
LOG NOTE: 2019-10-12 22:31:20, Status, Test run stopped

**************
RESULT SUMMARY
**************
Test Start time: Sat Oct 12 22:16:18 2019 
Test Stop time: Sat Oct 12 22:31:20 2019
Test Duration: 000h 15m 02s 

                          Test Name   Cycles   Operations      Result  Errors   Last Error
                        CPU - Maths   28764    13.604 Billion  PASS    0        No errors
TEST RUN PASSED

*********************
SERIOUS ERROR SUMMARY
*********************

-----------------------------------------------------------------------------------------------------
PassMark BurnInTest Log file  -  http://www.passmark.com
========================================================

BurnInTest v4.1 (1000) Linux 64bit
Logging detail level: Normal

*** Unlicensed Trial Version ***
******************
SYSTEM SUMMARY
******************
Linux 4.15.0-55-generic
1 x Intel(R) Xeon(R) CPU D-1548 @ 2.00GHz
0 MB RAM

GENERAL
System Name: 38f25df82eb6
Motherboard Manufacturer: N/A
Motherboard Model: N/A
Motherboard Version: N/A
Motherboard Serial: 
Bios Manufacturer: N/A
Bios Version: N/A
Bios Release Date: N/A

CPU
CPU Manufacturer: GenuineIntel
CPU Type: Intel(R) Xeon(R) CPU D-1548 @ 2.00GHz
Speed: 798.2 MHz
CPUID: Family 6, Model 86, Stepping 3
Physical CPU's: 1
Cores per CPU: 8
Hyperthreading: Enabled
CPU Features: MMX SSE SSE2 SSE3 SSE4.1 SSE4.2 PAE VMX SMX AES AVX AVX2 
Cache per CPU package:
L1 Cache: 0 kB
L2 Cache: 12288 kB

MEMORY
Total Memory: 64293 MB
Available Memory: 58231 MB
Memory Devices:

GRAPHICS


DISK DRIVES

NETWORK:
tap0 

PORTS:

USB HOST CONTROLLERS AND DEVICES:

DISK CONTROLLERS:
******************
DETAILED EVENT LOG
******************
LOG NOTE: 2019-10-12 22:31:22, Status, Completed started test run
LOG NOTE: 2019-10-12 22:46:22, Status, Test run stopped

**************
RESULT SUMMARY
**************
Test Start time: Sat Oct 12 22:31:20 2019 
Test Stop time: Sat Oct 12 22:46:22 2019
Test Duration: 000h 15m 02s 

                          Test Name   Cycles   Operations      Result  Errors   Last Error
                        CPU - Maths   28763    13.605 Billion  PASS    0        No errors
TEST RUN PASSED

*********************
SERIOUS ERROR SUMMARY
*********************

-----------------------------------------------------------------------------------------------------
PassMark BurnInTest Log file  -  http://www.passmark.com
========================================================

BurnInTest v4.1 (1000) Linux 64bit
Logging detail level: Normal

*** Unlicensed Trial Version ***
******************
SYSTEM SUMMARY
******************
Linux 4.15.0-55-generic
1 x Intel(R) Xeon(R) CPU D-1548 @ 2.00GHz
0 MB RAM

GENERAL
System Name: 38f25df82eb6
Motherboard Manufacturer: N/A
Motherboard Model: N/A
Motherboard Version: N/A
Motherboard Serial: 
Bios Manufacturer: N/A
Bios Version: N/A
Bios Release Date: N/A

CPU
CPU Manufacturer: GenuineIntel
CPU Type: Intel(R) Xeon(R) CPU D-1548 @ 2.00GHz
Speed: 798.3 MHz
CPUID: Family 6, Model 86, Stepping 3
Physical CPU's: 1
Cores per CPU: 8
Hyperthreading: Enabled
CPU Features: MMX SSE SSE2 SSE3 SSE4.1 SSE4.2 PAE VMX SMX AES AVX AVX2 
Cache per CPU package:
L1 Cache: 0 kB
L2 Cache: 12288 kB

MEMORY
Total Memory: 64293 MB
Available Memory: 58227 MB
Memory Devices:

GRAPHICS


DISK DRIVES

NETWORK:
tap0 

PORTS:

USB HOST CONTROLLERS AND DEVICES:

DISK CONTROLLERS:
******************
DETAILED EVENT LOG
******************
LOG NOTE: 2019-10-12 22:46:24, Status, Completed started test run
LOG NOTE: 2019-10-12 23:01:24, Status, Test run stopped

**************
RESULT SUMMARY
**************
Test Start time: Sat Oct 12 22:46:22 2019 
Test Stop time: Sat Oct 12 23:01:24 2019
Test Duration: 000h 15m 02s 

                          Test Name   Cycles   Operations      Result  Errors   Last Error
                        CPU - Maths   28764    13.606 Billion  PASS    0        No errors
TEST RUN PASSED

*********************
SERIOUS ERROR SUMMARY
*********************

-----------------------------------------------------------------------------------------------------
PassMark BurnInTest Log file  -  http://www.passmark.com
========================================================

BurnInTest v4.1 (1000) Linux 64bit
Logging detail level: Normal

*** Unlicensed Trial Version ***
******************
SYSTEM SUMMARY
******************
Linux 4.15.0-55-generic
1 x Intel(R) Xeon(R) CPU D-1548 @ 2.00GHz
0 MB RAM

GENERAL
System Name: 38f25df82eb6
Motherboard Manufacturer: N/A
Motherboard Model: N/A
Motherboard Version: N/A
Motherboard Serial: 
Bios Manufacturer: N/A
Bios Version: N/A
Bios Release Date: N/A

CPU
CPU Manufacturer: GenuineIntel
CPU Type: Intel(R) Xeon(R) CPU D-1548 @ 2.00GHz
Speed: 798.3 MHz
CPUID: Family 6, Model 86, Stepping 3
Physical CPU's: 1
Cores per CPU: 8
Hyperthreading: Enabled
CPU Features: MMX SSE SSE2 SSE3 SSE4.1 SSE4.2 PAE VMX SMX AES AVX AVX2 
Cache per CPU package:
L1 Cache: 0 kB
L2 Cache: 12288 kB

MEMORY
Total Memory: 64293 MB
Available Memory: 58223 MB
Memory Devices:

GRAPHICS


DISK DRIVES

NETWORK:
tap0 

PORTS:

USB HOST CONTROLLERS AND DEVICES:

DISK CONTROLLERS:
******************
DETAILED EVENT LOG
******************
LOG NOTE: 2019-10-12 23:01:26, Status, Completed started test run
LOG NOTE: 2019-10-12 23:16:26, Status, Test run stopped

**************
RESULT SUMMARY
**************
Test Start time: Sat Oct 12 23:01:24 2019 
Test Stop time: Sat Oct 12 23:16:26 2019
Test Duration: 000h 15m 02s 

                          Test Name   Cycles   Operations      Result  Errors   Last Error
                        CPU - Maths   28761    13.600 Billion  PASS    0        No errors
TEST RUN PASSED

*********************
SERIOUS ERROR SUMMARY
*********************

-----------------------------------------------------------------------------------------------------
PassMark BurnInTest Log file  -  http://www.passmark.com
========================================================

BurnInTest v4.1 (1000) Linux 64bit
Logging detail level: Normal

*** Unlicensed Trial Version ***
******************
SYSTEM SUMMARY
******************
Linux 4.15.0-55-generic
1 x Intel(R) Xeon(R) CPU D-1548 @ 2.00GHz
0 MB RAM

GENERAL
System Name: 38f25df82eb6
Motherboard Manufacturer: N/A
Motherboard Model: N/A
Motherboard Version: N/A
Motherboard Serial: 
Bios Manufacturer: N/A
Bios Version: N/A
Bios Release Date: N/A

CPU
CPU Manufacturer: GenuineIntel
CPU Type: Intel(R) Xeon(R) CPU D-1548 @ 2.00GHz
Speed: 1522.5 MHz
CPUID: Family 6, Model 86, Stepping 3
Physical CPU's: 1
Cores per CPU: 8
Hyperthreading: Enabled
CPU Features: MMX SSE SSE2 SSE3 SSE4.1 SSE4.2 PAE VMX SMX AES AVX AVX2 
Cache per CPU package:
L1 Cache: 0 kB
L2 Cache: 12288 kB

MEMORY
Total Memory: 64293 MB
Available Memory: 58221 MB
Memory Devices:

GRAPHICS


DISK DRIVES

NETWORK:
tap0 

PORTS:

USB HOST CONTROLLERS AND DEVICES:

DISK CONTROLLERS:
******************
DETAILED EVENT LOG
******************
LOG NOTE: 2019-10-12 23:16:28, Status, Completed started test run
LOG NOTE: 2019-10-12 23:31:28, Status, Test run stopped

**************
RESULT SUMMARY
**************
Test Start time: Sat Oct 12 23:16:26 2019 
Test Stop time: Sat Oct 12 23:31:28 2019
Test Duration: 000h 15m 02s 

                          Test Name   Cycles   Operations      Result  Errors   Last Error
                        CPU - Maths   28758    13.608 Billion  PASS    0        No errors
TEST RUN PASSED

*********************
SERIOUS ERROR SUMMARY
*********************

-----------------------------------------------------------------------------------------------------
PassMark BurnInTest Log file  -  http://www.passmark.com
========================================================

BurnInTest v4.1 (1000) Linux 64bit
Logging detail level: Normal

*** Unlicensed Trial Version ***
******************
SYSTEM SUMMARY
******************
Linux 4.15.0-55-generic
1 x Intel(R) Xeon(R) CPU D-1548 @ 2.00GHz
0 MB RAM

GENERAL
System Name: 38f25df82eb6
Motherboard Manufacturer: N/A
Motherboard Model: N/A
Motherboard Version: N/A
Motherboard Serial: 
Bios Manufacturer: N/A
Bios Version: N/A
Bios Release Date: N/A

CPU
CPU Manufacturer: GenuineIntel
CPU Type: Intel(R) Xeon(R) CPU D-1548 @ 2.00GHz
Speed: 798.4 MHz
CPUID: Family 6, Model 86, Stepping 3
Physical CPU's: 1
Cores per CPU: 8
Hyperthreading: Enabled
CPU Features: MMX SSE SSE2 SSE3 SSE4.1 SSE4.2 PAE VMX SMX AES AVX AVX2 
Cache per CPU package:
L1 Cache: 0 kB
L2 Cache: 12288 kB

MEMORY
Total Memory: 64293 MB
Available Memory: 58217 MB
Memory Devices:

GRAPHICS


DISK DRIVES

NETWORK:
tap0 

PORTS:

USB HOST CONTROLLERS AND DEVICES:

DISK CONTROLLERS:
******************
DETAILED EVENT LOG
******************
LOG NOTE: 2019-10-12 23:31:30, Status, Completed started test run
LOG NOTE: 2019-10-12 23:46:30, Status, Test run stopped

**************
RESULT SUMMARY
**************
Test Start time: Sat Oct 12 23:31:28 2019 
Test Stop time: Sat Oct 12 23:46:30 2019
Test Duration: 000h 15m 02s 

                          Test Name   Cycles   Operations      Result  Errors   Last Error
                        CPU - Maths   28756    13.605 Billion  PASS    0        No errors
TEST RUN PASSED

*********************
SERIOUS ERROR SUMMARY
*********************

-----------------------------------------------------------------------------------------------------
PassMark BurnInTest Log file  -  http://www.passmark.com
========================================================

BurnInTest v4.1 (1000) Linux 64bit
Logging detail level: Normal

*** Unlicensed Trial Version ***
******************
SYSTEM SUMMARY
******************
Linux 4.15.0-55-generic
1 x Intel(R) Xeon(R) CPU D-1548 @ 2.00GHz
0 MB RAM

GENERAL
System Name: 38f25df82eb6
Motherboard Manufacturer: N/A
Motherboard Model: N/A
Motherboard Version: N/A
Motherboard Serial: 
Bios Manufacturer: N/A
Bios Version: N/A
Bios Release Date: N/A

CPU
CPU Manufacturer: GenuineIntel
CPU Type: Intel(R) Xeon(R) CPU D-1548 @ 2.00GHz
Speed: 798.4 MHz
CPUID: Family 6, Model 86, Stepping 3
Physical CPU's: 1
Cores per CPU: 8
Hyperthreading: Enabled
CPU Features: MMX SSE SSE2 SSE3 SSE4.1 SSE4.2 PAE VMX SMX AES AVX AVX2 
Cache per CPU package:
L1 Cache: 0 kB
L2 Cache: 12288 kB

MEMORY
Total Memory: 64293 MB
Available Memory: 58216 MB
Memory Devices:

GRAPHICS


DISK DRIVES

NETWORK:
tap0 

PORTS:

USB HOST CONTROLLERS AND DEVICES:

DISK CONTROLLERS:
******************
DETAILED EVENT LOG
******************
LOG NOTE: 2019-10-12 23:46:32, Status, Completed started test run
LOG NOTE: 2019-10-13 00:01:32, Status, Test run stopped

**************
RESULT SUMMARY
**************
Test Start time: Sat Oct 12 23:46:30 2019 
Test Stop time: Sun Oct 13 00:01:32 2019
Test Duration: 000h 15m 02s 

                          Test Name   Cycles   Operations      Result  Errors   Last Error
                        CPU - Maths   28751    13.607 Billion  PASS    0        No errors
TEST RUN PASSED

*********************
SERIOUS ERROR SUMMARY
*********************

-----------------------------------------------------------------------------------------------------
PassMark BurnInTest Log file  -  http://www.passmark.com
========================================================

BurnInTest v4.1 (1000) Linux 64bit
Logging detail level: Normal

*** Unlicensed Trial Version ***
******************
SYSTEM SUMMARY
******************
Linux 4.15.0-55-generic
1 x Intel(R) Xeon(R) CPU D-1548 @ 2.00GHz
0 MB RAM

GENERAL
System Name: 38f25df82eb6
Motherboard Manufacturer: N/A
Motherboard Model: N/A
Motherboard Version: N/A
Motherboard Serial: 
Bios Manufacturer: N/A
Bios Version: N/A
Bios Release Date: N/A

CPU
CPU Manufacturer: GenuineIntel
CPU Type: Intel(R) Xeon(R) CPU D-1548 @ 2.00GHz
Speed: 798.3 MHz
CPUID: Family 6, Model 86, Stepping 3
Physical CPU's: 1
Cores per CPU: 8
Hyperthreading: Enabled
CPU Features: MMX SSE SSE2 SSE3 SSE4.1 SSE4.2 PAE VMX SMX AES AVX AVX2 
Cache per CPU package:
L1 Cache: 0 kB
L2 Cache: 12288 kB

MEMORY
Total Memory: 64293 MB
Available Memory: 58213 MB
Memory Devices:

GRAPHICS


DISK DRIVES

NETWORK:
tap0 

PORTS:

USB HOST CONTROLLERS AND DEVICES:

DISK CONTROLLERS:
******************
DETAILED EVENT LOG
******************
LOG NOTE: 2019-10-13 00:01:34, Status, Completed started test run
LOG NOTE: 2019-10-13 00:16:34, Status, Test run stopped

**************
RESULT SUMMARY
**************
Test Start time: Sun Oct 13 00:01:32 2019 
Test Stop time: Sun Oct 13 00:16:34 2019
Test Duration: 000h 15m 02s 

                          Test Name   Cycles   Operations      Result  Errors   Last Error
                        CPU - Maths   28769    13.608 Billion  PASS    0        No errors
TEST RUN PASSED

*********************
SERIOUS ERROR SUMMARY
*********************

-----------------------------------------------------------------------------------------------------
PassMark BurnInTest Log file  -  http://www.passmark.com
========================================================

BurnInTest v4.1 (1000) Linux 64bit
Logging detail level: Normal

*** Unlicensed Trial Version ***
******************
SYSTEM SUMMARY
******************
Linux 4.15.0-55-generic
1 x Intel(R) Xeon(R) CPU D-1548 @ 2.00GHz
0 MB RAM

GENERAL
System Name: 38f25df82eb6
Motherboard Manufacturer: N/A
Motherboard Model: N/A
Motherboard Version: N/A
Motherboard Serial: 
Bios Manufacturer: N/A
Bios Version: N/A
Bios Release Date: N/A

CPU
CPU Manufacturer: GenuineIntel
CPU Type: Intel(R) Xeon(R) CPU D-1548 @ 2.00GHz
Speed: 798.4 MHz
CPUID: Family 6, Model 86, Stepping 3
Physical CPU's: 1
Cores per CPU: 8
Hyperthreading: Enabled
CPU Features: MMX SSE SSE2 SSE3 SSE4.1 SSE4.2 PAE VMX SMX AES AVX AVX2 
Cache per CPU package:
L1 Cache: 0 kB
L2 Cache: 12288 kB

MEMORY
Total Memory: 64293 MB
Available Memory: 58209 MB
Memory Devices:

GRAPHICS


DISK DRIVES

NETWORK:
tap0 

PORTS:

USB HOST CONTROLLERS AND DEVICES:

DISK CONTROLLERS:
******************
DETAILED EVENT LOG
******************
LOG NOTE: 2019-10-13 00:16:36, Status, Completed started test run
LOG NOTE: 2019-10-13 00:31:36, Status, Test run stopped

**************
RESULT SUMMARY
**************
Test Start time: Sun Oct 13 00:16:34 2019 
Test Stop time: Sun Oct 13 00:31:36 2019
Test Duration: 000h 15m 02s 

                          Test Name   Cycles   Operations      Result  Errors   Last Error
                        CPU - Maths   28760    13.608 Billion  PASS    0        No errors
TEST RUN PASSED

*********************
SERIOUS ERROR SUMMARY
*********************

-----------------------------------------------------------------------------------------------------
PassMark BurnInTest Log file  -  http://www.passmark.com
========================================================

BurnInTest v4.1 (1000) Linux 64bit
Logging detail level: Normal

*** Unlicensed Trial Version ***
******************
SYSTEM SUMMARY
******************
Linux 4.15.0-55-generic
1 x Intel(R) Xeon(R) CPU D-1548 @ 2.00GHz
0 MB RAM

GENERAL
System Name: 38f25df82eb6
Motherboard Manufacturer: N/A
Motherboard Model: N/A
Motherboard Version: N/A
Motherboard Serial: 
Bios Manufacturer: N/A
Bios Version: N/A
Bios Release Date: N/A

CPU
CPU Manufacturer: GenuineIntel
CPU Type: Intel(R) Xeon(R) CPU D-1548 @ 2.00GHz
Speed: 798.2 MHz
CPUID: Family 6, Model 86, Stepping 3
Physical CPU's: 1
Cores per CPU: 8
Hyperthreading: Enabled
CPU Features: MMX SSE SSE2 SSE3 SSE4.1 SSE4.2 PAE VMX SMX AES AVX AVX2 
Cache per CPU package:
L1 Cache: 0 kB
L2 Cache: 12288 kB

MEMORY
Total Memory: 64293 MB
Available Memory: 58205 MB
Memory Devices:

GRAPHICS


DISK DRIVES

NETWORK:
tap0 

PORTS:

USB HOST CONTROLLERS AND DEVICES:

DISK CONTROLLERS:
******************
DETAILED EVENT LOG
******************
LOG NOTE: 2019-10-13 00:31:38, Status, Completed started test run
LOG NOTE: 2019-10-13 00:46:38, Status, Test run stopped

**************
RESULT SUMMARY
**************
Test Start time: Sun Oct 13 00:31:36 2019 
Test Stop time: Sun Oct 13 00:46:38 2019
Test Duration: 000h 15m 02s 

                          Test Name   Cycles   Operations      Result  Errors   Last Error
                        CPU - Maths   28757    13.609 Billion  PASS    0        No errors
TEST RUN PASSED

*********************
SERIOUS ERROR SUMMARY
*********************

-----------------------------------------------------------------------------------------------------
PassMark BurnInTest Log file  -  http://www.passmark.com
========================================================

BurnInTest v4.1 (1000) Linux 64bit
Logging detail level: Normal

*** Unlicensed Trial Version ***
******************
SYSTEM SUMMARY
******************
Linux 4.15.0-55-generic
1 x Intel(R) Xeon(R) CPU D-1548 @ 2.00GHz
0 MB RAM

GENERAL
System Name: 38f25df82eb6
Motherboard Manufacturer: N/A
Motherboard Model: N/A
Motherboard Version: N/A
Motherboard Serial: 
Bios Manufacturer: N/A
Bios Version: N/A
Bios Release Date: N/A

CPU
CPU Manufacturer: GenuineIntel
CPU Type: Intel(R) Xeon(R) CPU D-1548 @ 2.00GHz
Speed: 798.3 MHz
CPUID: Family 6, Model 86, Stepping 3
Physical CPU's: 1
Cores per CPU: 8
Hyperthreading: Enabled
CPU Features: MMX SSE SSE2 SSE3 SSE4.1 SSE4.2 PAE VMX SMX AES AVX AVX2 
Cache per CPU package:
L1 Cache: 0 kB
L2 Cache: 12288 kB

MEMORY
Total Memory: 64293 MB
Available Memory: 58203 MB
Memory Devices:

GRAPHICS


DISK DRIVES

NETWORK:
tap0 

PORTS:

USB HOST CONTROLLERS AND DEVICES:

DISK CONTROLLERS:
******************
DETAILED EVENT LOG
******************
LOG NOTE: 2019-10-13 00:46:40, Status, Completed started test run
LOG NOTE: 2019-10-13 01:01:40, Status, Test run stopped

**************
RESULT SUMMARY
**************
Test Start time: Sun Oct 13 00:46:38 2019 
Test Stop time: Sun Oct 13 01:01:40 2019
Test Duration: 000h 15m 02s 

                          Test Name   Cycles   Operations      Result  Errors   Last Error
                        CPU - Maths   28766    13.606 Billion  PASS    0        No errors
TEST RUN PASSED

*********************
SERIOUS ERROR SUMMARY
*********************

-----------------------------------------------------------------------------------------------------
PassMark BurnInTest Log file  -  http://www.passmark.com
========================================================

BurnInTest v4.1 (1000) Linux 64bit
Logging detail level: Normal

*** Unlicensed Trial Version ***
******************
SYSTEM SUMMARY
******************
Linux 4.15.0-55-generic
1 x Intel(R) Xeon(R) CPU D-1548 @ 2.00GHz
0 MB RAM

GENERAL
System Name: 38f25df82eb6
Motherboard Manufacturer: N/A
Motherboard Model: N/A
Motherboard Version: N/A
Motherboard Serial: 
Bios Manufacturer: N/A
Bios Version: N/A
Bios Release Date: N/A

CPU
CPU Manufacturer: GenuineIntel
CPU Type: Intel(R) Xeon(R) CPU D-1548 @ 2.00GHz
Speed: 798.3 MHz
CPUID: Family 6, Model 86, Stepping 3
Physical CPU's: 1
Cores per CPU: 8
Hyperthreading: Enabled
CPU Features: MMX SSE SSE2 SSE3 SSE4.1 SSE4.2 PAE VMX SMX AES AVX AVX2 
Cache per CPU package:
L1 Cache: 0 kB
L2 Cache: 12288 kB

MEMORY
Total Memory: 64293 MB
Available Memory: 58200 MB
Memory Devices:

GRAPHICS


DISK DRIVES

NETWORK:
tap0 

PORTS:

USB HOST CONTROLLERS AND DEVICES:

DISK CONTROLLERS:
******************
DETAILED EVENT LOG
******************
LOG NOTE: 2019-10-13 01:01:42, Status, Completed started test run
LOG NOTE: 2019-10-13 01:16:42, Status, Test run stopped

**************
RESULT SUMMARY
**************
Test Start time: Sun Oct 13 01:01:40 2019 
Test Stop time: Sun Oct 13 01:16:42 2019
Test Duration: 000h 15m 02s 

                          Test Name   Cycles   Operations      Result  Errors   Last Error
                        CPU - Maths   28754    13.608 Billion  PASS    0        No errors
TEST RUN PASSED

*********************
SERIOUS ERROR SUMMARY
*********************

-----------------------------------------------------------------------------------------------------
PassMark BurnInTest Log file  -  http://www.passmark.com
========================================================

BurnInTest v4.1 (1000) Linux 64bit
Logging detail level: Normal

*** Unlicensed Trial Version ***
******************
SYSTEM SUMMARY
******************
Linux 4.15.0-55-generic
1 x Intel(R) Xeon(R) CPU D-1548 @ 2.00GHz
0 MB RAM

GENERAL
System Name: 38f25df82eb6
Motherboard Manufacturer: N/A
Motherboard Model: N/A
Motherboard Version: N/A
Motherboard Serial: 
Bios Manufacturer: N/A
Bios Version: N/A
Bios Release Date: N/A

CPU
CPU Manufacturer: GenuineIntel
CPU Type: Intel(R) Xeon(R) CPU D-1548 @ 2.00GHz
Speed: 798.4 MHz
CPUID: Family 6, Model 86, Stepping 3
Physical CPU's: 1
Cores per CPU: 8
Hyperthreading: Enabled
CPU Features: MMX SSE SSE2 SSE3 SSE4.1 SSE4.2 PAE VMX SMX AES AVX AVX2 
Cache per CPU package:
L1 Cache: 0 kB
L2 Cache: 12288 kB

MEMORY
Total Memory: 64293 MB
Available Memory: 58196 MB
Memory Devices:

GRAPHICS


DISK DRIVES

NETWORK:
tap0 

PORTS:

USB HOST CONTROLLERS AND DEVICES:

DISK CONTROLLERS:
******************
DETAILED EVENT LOG
******************
LOG NOTE: 2019-10-13 01:16:44, Status, Completed started test run
LOG NOTE: 2019-10-13 01:31:44, Status, Test run stopped

**************
RESULT SUMMARY
**************
Test Start time: Sun Oct 13 01:16:42 2019 
Test Stop time: Sun Oct 13 01:31:44 2019
Test Duration: 000h 15m 02s 

                          Test Name   Cycles   Operations      Result  Errors   Last Error
                        CPU - Maths   28765    13.606 Billion  PASS    0        No errors
TEST RUN PASSED

*********************
SERIOUS ERROR SUMMARY
*********************

-----------------------------------------------------------------------------------------------------
PassMark BurnInTest Log file  -  http://www.passmark.com
========================================================

BurnInTest v4.1 (1000) Linux 64bit
Logging detail level: Normal

*** Unlicensed Trial Version ***
******************
SYSTEM SUMMARY
******************
Linux 4.15.0-55-generic
1 x Intel(R) Xeon(R) CPU D-1548 @ 2.00GHz
0 MB RAM

GENERAL
System Name: 38f25df82eb6
Motherboard Manufacturer: N/A
Motherboard Model: N/A
Motherboard Version: N/A
Motherboard Serial: 
Bios Manufacturer: N/A
Bios Version: N/A
Bios Release Date: N/A

CPU
CPU Manufacturer: GenuineIntel
CPU Type: Intel(R) Xeon(R) CPU D-1548 @ 2.00GHz
Speed: 799.5 MHz
CPUID: Family 6, Model 86, Stepping 3
Physical CPU's: 1
Cores per CPU: 8
Hyperthreading: Enabled
CPU Features: MMX SSE SSE2 SSE3 SSE4.1 SSE4.2 PAE VMX SMX AES AVX AVX2 
Cache per CPU package:
L1 Cache: 0 kB
L2 Cache: 12288 kB

MEMORY
Total Memory: 64293 MB
Available Memory: 58194 MB
Memory Devices:

GRAPHICS


DISK DRIVES

NETWORK:
tap0 

PORTS:

USB HOST CONTROLLERS AND DEVICES:

DISK CONTROLLERS:
******************
DETAILED EVENT LOG
******************
LOG NOTE: 2019-10-13 01:31:46, Status, Completed started test run
LOG NOTE: 2019-10-13 01:46:46, Status, Test run stopped

**************
RESULT SUMMARY
**************
Test Start time: Sun Oct 13 01:31:44 2019 
Test Stop time: Sun Oct 13 01:46:46 2019
Test Duration: 000h 15m 02s 

                          Test Name   Cycles   Operations      Result  Errors   Last Error
                        CPU - Maths   28753    13.607 Billion  PASS    0        No errors
TEST RUN PASSED

*********************
SERIOUS ERROR SUMMARY
*********************

-----------------------------------------------------------------------------------------------------
PassMark BurnInTest Log file  -  http://www.passmark.com
========================================================

BurnInTest v4.1 (1000) Linux 64bit
Logging detail level: Normal

*** Unlicensed Trial Version ***
******************
SYSTEM SUMMARY
******************
Linux 4.15.0-55-generic
1 x Intel(R) Xeon(R) CPU D-1548 @ 2.00GHz
0 MB RAM

GENERAL
System Name: 38f25df82eb6
Motherboard Manufacturer: N/A
Motherboard Model: N/A
Motherboard Version: N/A
Motherboard Serial: 
Bios Manufacturer: N/A
Bios Version: N/A
Bios Release Date: N/A

CPU
CPU Manufacturer: GenuineIntel
CPU Type: Intel(R) Xeon(R) CPU D-1548 @ 2.00GHz
Speed: 798.3 MHz
CPUID: Family 6, Model 86, Stepping 3
Physical CPU's: 1
Cores per CPU: 8
Hyperthreading: Enabled
CPU Features: MMX SSE SSE2 SSE3 SSE4.1 SSE4.2 PAE VMX SMX AES AVX AVX2 
Cache per CPU package:
L1 Cache: 0 kB
L2 Cache: 12288 kB

MEMORY
Total Memory: 64293 MB
Available Memory: 58192 MB
Memory Devices:

GRAPHICS


DISK DRIVES

NETWORK:
tap0 

PORTS:

USB HOST CONTROLLERS AND DEVICES:

DISK CONTROLLERS:
******************
DETAILED EVENT LOG
******************
LOG NOTE: 2019-10-13 01:46:48, Status, Completed started test run
LOG NOTE: 2019-10-13 02:01:48, Status, Test run stopped

**************
RESULT SUMMARY
**************
Test Start time: Sun Oct 13 01:46:46 2019 
Test Stop time: Sun Oct 13 02:01:48 2019
Test Duration: 000h 15m 02s 

                          Test Name   Cycles   Operations      Result  Errors   Last Error
                        CPU - Maths   28755    13.608 Billion  PASS    0        No errors
TEST RUN PASSED

*********************
SERIOUS ERROR SUMMARY
*********************

-----------------------------------------------------------------------------------------------------
PassMark BurnInTest Log file  -  http://www.passmark.com
========================================================

BurnInTest v4.1 (1000) Linux 64bit
Logging detail level: Normal

*** Unlicensed Trial Version ***
******************
SYSTEM SUMMARY
******************
Linux 4.15.0-55-generic
1 x Intel(R) Xeon(R) CPU D-1548 @ 2.00GHz
0 MB RAM

GENERAL
System Name: 38f25df82eb6
Motherboard Manufacturer: N/A
Motherboard Model: N/A
Motherboard Version: N/A
Motherboard Serial: 
Bios Manufacturer: N/A
Bios Version: N/A
Bios Release Date: N/A

CPU
CPU Manufacturer: GenuineIntel
CPU Type: Intel(R) Xeon(R) CPU D-1548 @ 2.00GHz
Speed: 818.0 MHz
CPUID: Family 6, Model 86, Stepping 3
Physical CPU's: 1
Cores per CPU: 8
Hyperthreading: Enabled
CPU Features: MMX SSE SSE2 SSE3 SSE4.1 SSE4.2 PAE VMX SMX AES AVX AVX2 
Cache per CPU package:
L1 Cache: 0 kB
L2 Cache: 12288 kB

MEMORY
Total Memory: 64293 MB
Available Memory: 58188 MB
Memory Devices:

GRAPHICS


DISK DRIVES

NETWORK:
tap0 

PORTS:

USB HOST CONTROLLERS AND DEVICES:

DISK CONTROLLERS:
******************
DETAILED EVENT LOG
******************
LOG NOTE: 2019-10-13 02:01:50, Status, Completed started test run
LOG NOTE: 2019-10-13 02:16:50, Status, Test run stopped

**************
RESULT SUMMARY
**************
Test Start time: Sun Oct 13 02:01:48 2019 
Test Stop time: Sun Oct 13 02:16:50 2019
Test Duration: 000h 15m 02s 

                          Test Name   Cycles   Operations      Result  Errors   Last Error
                        CPU - Maths   28779    13.613 Billion  PASS    0        No errors
TEST RUN PASSED

*********************
SERIOUS ERROR SUMMARY
*********************

-----------------------------------------------------------------------------------------------------
PassMark BurnInTest Log file  -  http://www.passmark.com
========================================================

BurnInTest v4.1 (1000) Linux 64bit
Logging detail level: Normal

*** Unlicensed Trial Version ***
******************
SYSTEM SUMMARY
******************
Linux 4.15.0-55-generic
1 x Intel(R) Xeon(R) CPU D-1548 @ 2.00GHz
0 MB RAM

GENERAL
System Name: 38f25df82eb6
Motherboard Manufacturer: N/A
Motherboard Model: N/A
Motherboard Version: N/A
Motherboard Serial: 
Bios Manufacturer: N/A
Bios Version: N/A
Bios Release Date: N/A

CPU
CPU Manufacturer: GenuineIntel
CPU Type: Intel(R) Xeon(R) CPU D-1548 @ 2.00GHz
Speed: 798.4 MHz
CPUID: Family 6, Model 86, Stepping 3
Physical CPU's: 1
Cores per CPU: 8
Hyperthreading: Enabled
CPU Features: MMX SSE SSE2 SSE3 SSE4.1 SSE4.2 PAE VMX SMX AES AVX AVX2 
Cache per CPU package:
L1 Cache: 0 kB
L2 Cache: 12288 kB

MEMORY
Total Memory: 64293 MB
Available Memory: 58177 MB
Memory Devices:

GRAPHICS


DISK DRIVES

NETWORK:
tap0 

PORTS:

USB HOST CONTROLLERS AND DEVICES:

DISK CONTROLLERS:
******************
DETAILED EVENT LOG
******************
LOG NOTE: 2019-10-13 02:16:52, Status, Completed started test run
LOG NOTE: 2019-10-13 02:31:53, Status, Test run stopped

**************
RESULT SUMMARY
**************
Test Start time: Sun Oct 13 02:16:51 2019 
Test Stop time: Sun Oct 13 02:31:53 2019
Test Duration: 000h 15m 02s 

                          Test Name   Cycles   Operations      Result  Errors   Last Error
                        CPU - Maths   28797    13.620 Billion  PASS    0        No errors
TEST RUN PASSED

*********************
SERIOUS ERROR SUMMARY
*********************

-----------------------------------------------------------------------------------------------------
PassMark BurnInTest Log file  -  http://www.passmark.com
========================================================

BurnInTest v4.1 (1000) Linux 64bit
Logging detail level: Normal

*** Unlicensed Trial Version ***
******************
SYSTEM SUMMARY
******************
Linux 4.15.0-55-generic
1 x Intel(R) Xeon(R) CPU D-1548 @ 2.00GHz
0 MB RAM

GENERAL
System Name: 38f25df82eb6
Motherboard Manufacturer: N/A
Motherboard Model: N/A
Motherboard Version: N/A
Motherboard Serial: 
Bios Manufacturer: N/A
Bios Version: N/A
Bios Release Date: N/A

CPU
CPU Manufacturer: GenuineIntel
CPU Type: Intel(R) Xeon(R) CPU D-1548 @ 2.00GHz
Speed: 798.2 MHz
CPUID: Family 6, Model 86, Stepping 3
Physical CPU's: 1
Cores per CPU: 8
Hyperthreading: Enabled
CPU Features: MMX SSE SSE2 SSE3 SSE4.1 SSE4.2 PAE VMX SMX AES AVX AVX2 
Cache per CPU package:
L1 Cache: 0 kB
L2 Cache: 12288 kB

MEMORY
Total Memory: 64293 MB
Available Memory: 58174 MB
Memory Devices:

GRAPHICS


DISK DRIVES

NETWORK:
tap0 

PORTS:

USB HOST CONTROLLERS AND DEVICES:

DISK CONTROLLERS:
******************
DETAILED EVENT LOG
******************
LOG NOTE: 2019-10-13 02:31:55, Status, Completed started test run
LOG NOTE: 2019-10-13 02:46:56, Status, Test run stopped

**************
RESULT SUMMARY
**************
Test Start time: Sun Oct 13 02:31:54 2019 
Test Stop time: Sun Oct 13 02:46:56 2019
Test Duration: 000h 15m 02s 

                          Test Name   Cycles   Operations      Result  Errors   Last Error
                        CPU - Maths   28790    13.621 Billion  PASS    0        No errors
TEST RUN PASSED

*********************
SERIOUS ERROR SUMMARY
*********************

-----------------------------------------------------------------------------------------------------
PassMark BurnInTest Log file  -  http://www.passmark.com
========================================================

BurnInTest v4.1 (1000) Linux 64bit
Logging detail level: Normal

*** Unlicensed Trial Version ***
******************
SYSTEM SUMMARY
******************
Linux 4.15.0-55-generic
1 x Intel(R) Xeon(R) CPU D-1548 @ 2.00GHz
0 MB RAM

GENERAL
System Name: 38f25df82eb6
Motherboard Manufacturer: N/A
Motherboard Model: N/A
Motherboard Version: N/A
Motherboard Serial: 
Bios Manufacturer: N/A
Bios Version: N/A
Bios Release Date: N/A

CPU
CPU Manufacturer: GenuineIntel
CPU Type: Intel(R) Xeon(R) CPU D-1548 @ 2.00GHz
Speed: 798.2 MHz
CPUID: Family 6, Model 86, Stepping 3
Physical CPU's: 1
Cores per CPU: 8
Hyperthreading: Enabled
CPU Features: MMX SSE SSE2 SSE3 SSE4.1 SSE4.2 PAE VMX SMX AES AVX AVX2 
Cache per CPU package:
L1 Cache: 0 kB
L2 Cache: 12288 kB

MEMORY
Total Memory: 64293 MB
Available Memory: 58174 MB
Memory Devices:

GRAPHICS


DISK DRIVES

NETWORK:
tap0 

PORTS:

USB HOST CONTROLLERS AND DEVICES:

DISK CONTROLLERS:
******************
DETAILED EVENT LOG
******************
LOG NOTE: 2019-10-13 02:46:58, Status, Completed started test run
LOG NOTE: 2019-10-13 03:01:59, Status, Test run stopped

**************
RESULT SUMMARY
**************
Test Start time: Sun Oct 13 02:46:57 2019 
Test Stop time: Sun Oct 13 03:01:59 2019
Test Duration: 000h 15m 02s 

                          Test Name   Cycles   Operations      Result  Errors   Last Error
                        CPU - Maths   28797    13.622 Billion  PASS    0        No errors
TEST RUN PASSED

*********************
SERIOUS ERROR SUMMARY
*********************

-----------------------------------------------------------------------------------------------------
PassMark BurnInTest Log file  -  http://www.passmark.com
========================================================

BurnInTest v4.1 (1000) Linux 64bit
Logging detail level: Normal

*** Unlicensed Trial Version ***
******************
SYSTEM SUMMARY
******************
Linux 4.15.0-55-generic
1 x Intel(R) Xeon(R) CPU D-1548 @ 2.00GHz
0 MB RAM

GENERAL
System Name: 38f25df82eb6
Motherboard Manufacturer: N/A
Motherboard Model: N/A
Motherboard Version: N/A
Motherboard Serial: 
Bios Manufacturer: N/A
Bios Version: N/A
Bios Release Date: N/A

CPU
CPU Manufacturer: GenuineIntel
CPU Type: Intel(R) Xeon(R) CPU D-1548 @ 2.00GHz
Speed: 798.2 MHz
CPUID: Family 6, Model 86, Stepping 3
Physical CPU's: 1
Cores per CPU: 8
Hyperthreading: Enabled
CPU Features: MMX SSE SSE2 SSE3 SSE4.1 SSE4.2 PAE VMX SMX AES AVX AVX2 
Cache per CPU package:
L1 Cache: 0 kB
L2 Cache: 12288 kB

MEMORY
Total Memory: 64293 MB
Available Memory: 58171 MB
Memory Devices:

GRAPHICS


DISK DRIVES

NETWORK:
tap0 

PORTS:

USB HOST CONTROLLERS AND DEVICES:

DISK CONTROLLERS:
******************
DETAILED EVENT LOG
******************
LOG NOTE: 2019-10-13 03:02:01, Status, Completed started test run
LOG NOTE: 2019-10-13 03:17:02, Status, Test run stopped

**************
RESULT SUMMARY
**************
Test Start time: Sun Oct 13 03:02:00 2019 
Test Stop time: Sun Oct 13 03:17:02 2019
Test Duration: 000h 15m 02s 

                          Test Name   Cycles   Operations      Result  Errors   Last Error
                        CPU - Maths   28786    13.623 Billion  PASS    0        No errors
TEST RUN PASSED

*********************
SERIOUS ERROR SUMMARY
*********************

-----------------------------------------------------------------------------------------------------
PassMark BurnInTest Log file  -  http://www.passmark.com
========================================================

BurnInTest v4.1 (1000) Linux 64bit
Logging detail level: Normal

*** Unlicensed Trial Version ***
******************
SYSTEM SUMMARY
******************
Linux 4.15.0-55-generic
1 x Intel(R) Xeon(R) CPU D-1548 @ 2.00GHz
0 MB RAM

GENERAL
System Name: 38f25df82eb6
Motherboard Manufacturer: N/A
Motherboard Model: N/A
Motherboard Version: N/A
Motherboard Serial: 
Bios Manufacturer: N/A
Bios Version: N/A
Bios Release Date: N/A

CPU
CPU Manufacturer: GenuineIntel
CPU Type: Intel(R) Xeon(R) CPU D-1548 @ 2.00GHz
Speed: 798.2 MHz
CPUID: Family 6, Model 86, Stepping 3
Physical CPU's: 1
Cores per CPU: 8
Hyperthreading: Enabled
CPU Features: MMX SSE SSE2 SSE3 SSE4.1 SSE4.2 PAE VMX SMX AES AVX AVX2 
Cache per CPU package:
L1 Cache: 0 kB
L2 Cache: 12288 kB

MEMORY
Total Memory: 64293 MB
Available Memory: 58167 MB
Memory Devices:

GRAPHICS


DISK DRIVES

NETWORK:
tap0 

PORTS:

USB HOST CONTROLLERS AND DEVICES:

DISK CONTROLLERS:
******************
DETAILED EVENT LOG
******************
LOG NOTE: 2019-10-13 03:17:04, Status, Completed started test run
LOG NOTE: 2019-10-13 03:32:05, Status, Test run stopped

**************
RESULT SUMMARY
**************
Test Start time: Sun Oct 13 03:17:03 2019 
Test Stop time: Sun Oct 13 03:32:05 2019
Test Duration: 000h 15m 02s 

                          Test Name   Cycles   Operations      Result  Errors   Last Error
                        CPU - Maths   28799    13.623 Billion  PASS    0        No errors
TEST RUN PASSED

*********************
SERIOUS ERROR SUMMARY
*********************

-----------------------------------------------------------------------------------------------------
PassMark BurnInTest Log file  -  http://www.passmark.com
========================================================

BurnInTest v4.1 (1000) Linux 64bit
Logging detail level: Normal

*** Unlicensed Trial Version ***
******************
SYSTEM SUMMARY
******************
Linux 4.15.0-55-generic
1 x Intel(R) Xeon(R) CPU D-1548 @ 2.00GHz
0 MB RAM

GENERAL
System Name: 38f25df82eb6
Motherboard Manufacturer: N/A
Motherboard Model: N/A
Motherboard Version: N/A
Motherboard Serial: 
Bios Manufacturer: N/A
Bios Version: N/A
Bios Release Date: N/A

CPU
CPU Manufacturer: GenuineIntel
CPU Type: Intel(R) Xeon(R) CPU D-1548 @ 2.00GHz
Speed: 923.4 MHz
CPUID: Family 6, Model 86, Stepping 3
Physical CPU's: 1
Cores per CPU: 8
Hyperthreading: Enabled
CPU Features: MMX SSE SSE2 SSE3 SSE4.1 SSE4.2 PAE VMX SMX AES AVX AVX2 
Cache per CPU package:
L1 Cache: 0 kB
L2 Cache: 12288 kB

MEMORY
Total Memory: 64293 MB
Available Memory: 58166 MB
Memory Devices:

GRAPHICS


DISK DRIVES

NETWORK:
tap0 

PORTS:

USB HOST CONTROLLERS AND DEVICES:

DISK CONTROLLERS:
******************
DETAILED EVENT LOG
******************
LOG NOTE: 2019-10-13 03:32:07, Status, Completed started test run
LOG NOTE: 2019-10-13 03:47:08, Status, Test run stopped

**************
RESULT SUMMARY
**************
Test Start time: Sun Oct 13 03:32:06 2019 
Test Stop time: Sun Oct 13 03:47:08 2019
Test Duration: 000h 15m 02s 

                          Test Name   Cycles   Operations      Result  Errors   Last Error
                        CPU - Maths   28799    13.622 Billion  PASS    0        No errors
TEST RUN PASSED

*********************
SERIOUS ERROR SUMMARY
*********************

-----------------------------------------------------------------------------------------------------
PassMark BurnInTest Log file  -  http://www.passmark.com
========================================================

BurnInTest v4.1 (1000) Linux 64bit
Logging detail level: Normal

*** Unlicensed Trial Version ***
******************
SYSTEM SUMMARY
******************
Linux 4.15.0-55-generic
1 x Intel(R) Xeon(R) CPU D-1548 @ 2.00GHz
0 MB RAM

GENERAL
System Name: 38f25df82eb6
Motherboard Manufacturer: N/A
Motherboard Model: N/A
Motherboard Version: N/A
Motherboard Serial: 
Bios Manufacturer: N/A
Bios Version: N/A
Bios Release Date: N/A

CPU
CPU Manufacturer: GenuineIntel
CPU Type: Intel(R) Xeon(R) CPU D-1548 @ 2.00GHz
Speed: 798.4 MHz
CPUID: Family 6, Model 86, Stepping 3
Physical CPU's: 1
Cores per CPU: 8
Hyperthreading: Enabled
CPU Features: MMX SSE SSE2 SSE3 SSE4.1 SSE4.2 PAE VMX SMX AES AVX AVX2 
Cache per CPU package:
L1 Cache: 0 kB
L2 Cache: 12288 kB

MEMORY
Total Memory: 64293 MB
Available Memory: 58161 MB
Memory Devices:

GRAPHICS


DISK DRIVES

NETWORK:
tap0 

PORTS:

USB HOST CONTROLLERS AND DEVICES:

DISK CONTROLLERS:
******************
DETAILED EVENT LOG
******************
LOG NOTE: 2019-10-13 03:47:10, Status, Completed started test run
LOG NOTE: 2019-10-13 04:02:11, Status, Test run stopped

**************
RESULT SUMMARY
**************
Test Start time: Sun Oct 13 03:47:09 2019 
Test Stop time: Sun Oct 13 04:02:11 2019
Test Duration: 000h 15m 02s 

                          Test Name   Cycles   Operations      Result  Errors   Last Error
                        CPU - Maths   28793    13.619 Billion  PASS    0        No errors
TEST RUN PASSED

*********************
SERIOUS ERROR SUMMARY
*********************

-----------------------------------------------------------------------------------------------------
PassMark BurnInTest Log file  -  http://www.passmark.com
========================================================

BurnInTest v4.1 (1000) Linux 64bit
Logging detail level: Normal

*** Unlicensed Trial Version ***
******************
SYSTEM SUMMARY
******************
Linux 4.15.0-55-generic
1 x Intel(R) Xeon(R) CPU D-1548 @ 2.00GHz
0 MB RAM

GENERAL
System Name: 38f25df82eb6
Motherboard Manufacturer: N/A
Motherboard Model: N/A
Motherboard Version: N/A
Motherboard Serial: 
Bios Manufacturer: N/A
Bios Version: N/A
Bios Release Date: N/A

CPU
CPU Manufacturer: GenuineIntel
CPU Type: Intel(R) Xeon(R) CPU D-1548 @ 2.00GHz
Speed: 798.2 MHz
CPUID: Family 6, Model 86, Stepping 3
Physical CPU's: 1
Cores per CPU: 8
Hyperthreading: Enabled
CPU Features: MMX SSE SSE2 SSE3 SSE4.1 SSE4.2 PAE VMX SMX AES AVX AVX2 
Cache per CPU package:
L1 Cache: 0 kB
L2 Cache: 12288 kB

MEMORY
Total Memory: 64293 MB
Available Memory: 58159 MB
Memory Devices:

GRAPHICS


DISK DRIVES

NETWORK:
tap0 

PORTS:

USB HOST CONTROLLERS AND DEVICES:

DISK CONTROLLERS:
******************
DETAILED EVENT LOG
******************
LOG NOTE: 2019-10-13 04:02:13, Status, Completed started test run
LOG NOTE: 2019-10-13 04:17:14, Status, Test run stopped

**************
RESULT SUMMARY
**************
Test Start time: Sun Oct 13 04:02:12 2019 
Test Stop time: Sun Oct 13 04:17:14 2019
Test Duration: 000h 15m 02s 

                          Test Name   Cycles   Operations      Result  Errors   Last Error
                        CPU - Maths   28792    13.624 Billion  PASS    0        No errors
TEST RUN PASSED

*********************
SERIOUS ERROR SUMMARY
*********************

-----------------------------------------------------------------------------------------------------
PassMark BurnInTest Log file  -  http://www.passmark.com
========================================================

BurnInTest v4.1 (1000) Linux 64bit
Logging detail level: Normal

*** Unlicensed Trial Version ***
******************
SYSTEM SUMMARY
******************
Linux 4.15.0-55-generic
1 x Intel(R) Xeon(R) CPU D-1548 @ 2.00GHz
0 MB RAM

GENERAL
System Name: 38f25df82eb6
Motherboard Manufacturer: N/A
Motherboard Model: N/A
Motherboard Version: N/A
Motherboard Serial: 
Bios Manufacturer: N/A
Bios Version: N/A
Bios Release Date: N/A

CPU
CPU Manufacturer: GenuineIntel
CPU Type: Intel(R) Xeon(R) CPU D-1548 @ 2.00GHz
Speed: 798.2 MHz
CPUID: Family 6, Model 86, Stepping 3
Physical CPU's: 1
Cores per CPU: 8
Hyperthreading: Enabled
CPU Features: MMX SSE SSE2 SSE3 SSE4.1 SSE4.2 PAE VMX SMX AES AVX AVX2 
Cache per CPU package:
L1 Cache: 0 kB
L2 Cache: 12288 kB

MEMORY
Total Memory: 64293 MB
Available Memory: 58157 MB
Memory Devices:

GRAPHICS


DISK DRIVES

NETWORK:
tap0 

PORTS:

USB HOST CONTROLLERS AND DEVICES:

DISK CONTROLLERS:
******************
DETAILED EVENT LOG
******************
LOG NOTE: 2019-10-13 04:17:16, Status, Completed started test run
LOG NOTE: 2019-10-13 04:32:17, Status, Test run stopped

**************
RESULT SUMMARY
**************
Test Start time: Sun Oct 13 04:17:15 2019 
Test Stop time: Sun Oct 13 04:32:17 2019
Test Duration: 000h 15m 02s 

                          Test Name   Cycles   Operations      Result  Errors   Last Error
                        CPU - Maths   28792    13.624 Billion  PASS    0        No errors
TEST RUN PASSED

*********************
SERIOUS ERROR SUMMARY
*********************

-----------------------------------------------------------------------------------------------------
PassMark BurnInTest Log file  -  http://www.passmark.com
========================================================

BurnInTest v4.1 (1000) Linux 64bit
Logging detail level: Normal

*** Unlicensed Trial Version ***
******************
SYSTEM SUMMARY
******************
Linux 4.15.0-55-generic
1 x Intel(R) Xeon(R) CPU D-1548 @ 2.00GHz
0 MB RAM

GENERAL
System Name: 38f25df82eb6
Motherboard Manufacturer: N/A
Motherboard Model: N/A
Motherboard Version: N/A
Motherboard Serial: 
Bios Manufacturer: N/A
Bios Version: N/A
Bios Release Date: N/A

CPU
CPU Manufacturer: GenuineIntel
CPU Type: Intel(R) Xeon(R) CPU D-1548 @ 2.00GHz
Speed: 798.5 MHz
CPUID: Family 6, Model 86, Stepping 3
Physical CPU's: 1
Cores per CPU: 8
Hyperthreading: Enabled
CPU Features: MMX SSE SSE2 SSE3 SSE4.1 SSE4.2 PAE VMX SMX AES AVX AVX2 
Cache per CPU package:
L1 Cache: 0 kB
L2 Cache: 12288 kB

MEMORY
Total Memory: 64293 MB
Available Memory: 58153 MB
Memory Devices:

GRAPHICS


DISK DRIVES

NETWORK:
tap0 

PORTS:

USB HOST CONTROLLERS AND DEVICES:

DISK CONTROLLERS:
******************
DETAILED EVENT LOG
******************
LOG NOTE: 2019-10-13 04:32:19, Status, Completed started test run
LOG NOTE: 2019-10-13 04:47:20, Status, Test run stopped

**************
RESULT SUMMARY
**************
Test Start time: Sun Oct 13 04:32:18 2019 
Test Stop time: Sun Oct 13 04:47:20 2019
Test Duration: 000h 15m 02s 

                          Test Name   Cycles   Operations      Result  Errors   Last Error
                        CPU - Maths   28796    13.620 Billion  PASS    0        No errors
TEST RUN PASSED

*********************
SERIOUS ERROR SUMMARY
*********************

-----------------------------------------------------------------------------------------------------
PassMark BurnInTest Log file  -  http://www.passmark.com
========================================================

BurnInTest v4.1 (1000) Linux 64bit
Logging detail level: Normal

*** Unlicensed Trial Version ***
******************
SYSTEM SUMMARY
******************
Linux 4.15.0-55-generic
1 x Intel(R) Xeon(R) CPU D-1548 @ 2.00GHz
0 MB RAM

GENERAL
System Name: 38f25df82eb6
Motherboard Manufacturer: N/A
Motherboard Model: N/A
Motherboard Version: N/A
Motherboard Serial: 
Bios Manufacturer: N/A
Bios Version: N/A
Bios Release Date: N/A

CPU
CPU Manufacturer: GenuineIntel
CPU Type: Intel(R) Xeon(R) CPU D-1548 @ 2.00GHz
Speed: 798.4 MHz
CPUID: Family 6, Model 86, Stepping 3
Physical CPU's: 1
Cores per CPU: 8
Hyperthreading: Enabled
CPU Features: MMX SSE SSE2 SSE3 SSE4.1 SSE4.2 PAE VMX SMX AES AVX AVX2 
Cache per CPU package:
L1 Cache: 0 kB
L2 Cache: 12288 kB

MEMORY
Total Memory: 64293 MB
Available Memory: 58150 MB
Memory Devices:

GRAPHICS


DISK DRIVES

NETWORK:
tap0 

PORTS:

USB HOST CONTROLLERS AND DEVICES:

DISK CONTROLLERS:
******************
DETAILED EVENT LOG
******************
LOG NOTE: 2019-10-13 04:47:22, Status, Completed started test run
LOG NOTE: 2019-10-13 05:02:23, Status, Test run stopped

**************
RESULT SUMMARY
**************
Test Start time: Sun Oct 13 04:47:21 2019 
Test Stop time: Sun Oct 13 05:02:23 2019
Test Duration: 000h 15m 02s 

                          Test Name   Cycles   Operations      Result  Errors   Last Error
                        CPU - Maths   28795    13.621 Billion  PASS    0        No errors
TEST RUN PASSED

*********************
SERIOUS ERROR SUMMARY
*********************

-----------------------------------------------------------------------------------------------------
PassMark BurnInTest Log file  -  http://www.passmark.com
========================================================

BurnInTest v4.1 (1000) Linux 64bit
Logging detail level: Normal

*** Unlicensed Trial Version ***
******************
SYSTEM SUMMARY
******************
Linux 4.15.0-55-generic
1 x Intel(R) Xeon(R) CPU D-1548 @ 2.00GHz
0 MB RAM

GENERAL
System Name: 38f25df82eb6
Motherboard Manufacturer: N/A
Motherboard Model: N/A
Motherboard Version: N/A
Motherboard Serial: 
Bios Manufacturer: N/A
Bios Version: N/A
Bios Release Date: N/A

CPU
CPU Manufacturer: GenuineIntel
CPU Type: Intel(R) Xeon(R) CPU D-1548 @ 2.00GHz
Speed: 798.4 MHz
CPUID: Family 6, Model 86, Stepping 3
Physical CPU's: 1
Cores per CPU: 8
Hyperthreading: Enabled
CPU Features: MMX SSE SSE2 SSE3 SSE4.1 SSE4.2 PAE VMX SMX AES AVX AVX2 
Cache per CPU package:
L1 Cache: 0 kB
L2 Cache: 12288 kB

MEMORY
Total Memory: 64293 MB
Available Memory: 58147 MB
Memory Devices:

GRAPHICS


DISK DRIVES

NETWORK:
tap0 

PORTS:

USB HOST CONTROLLERS AND DEVICES:

DISK CONTROLLERS:
******************
DETAILED EVENT LOG
******************
LOG NOTE: 2019-10-13 05:02:25, Status, Completed started test run
LOG NOTE: 2019-10-13 05:17:26, Status, Test run stopped

**************
RESULT SUMMARY
**************
Test Start time: Sun Oct 13 05:02:24 2019 
Test Stop time: Sun Oct 13 05:17:26 2019
Test Duration: 000h 15m 02s 

                          Test Name   Cycles   Operations      Result  Errors   Last Error
                        CPU - Maths   28795    13.620 Billion  PASS    0        No errors
TEST RUN PASSED

*********************
SERIOUS ERROR SUMMARY
*********************

-----------------------------------------------------------------------------------------------------
PassMark BurnInTest Log file  -  http://www.passmark.com
========================================================

BurnInTest v4.1 (1000) Linux 64bit
Logging detail level: Normal

*** Unlicensed Trial Version ***
******************
SYSTEM SUMMARY
******************
Linux 4.15.0-55-generic
1 x Intel(R) Xeon(R) CPU D-1548 @ 2.00GHz
0 MB RAM

GENERAL
System Name: 38f25df82eb6
Motherboard Manufacturer: N/A
Motherboard Model: N/A
Motherboard Version: N/A
Motherboard Serial: 
Bios Manufacturer: N/A
Bios Version: N/A
Bios Release Date: N/A

CPU
CPU Manufacturer: GenuineIntel
CPU Type: Intel(R) Xeon(R) CPU D-1548 @ 2.00GHz
Speed: 798.4 MHz
CPUID: Family 6, Model 86, Stepping 3
Physical CPU's: 1
Cores per CPU: 8
Hyperthreading: Enabled
CPU Features: MMX SSE SSE2 SSE3 SSE4.1 SSE4.2 PAE VMX SMX AES AVX AVX2 
Cache per CPU package:
L1 Cache: 0 kB
L2 Cache: 12288 kB

MEMORY
Total Memory: 64293 MB
Available Memory: 58144 MB
Memory Devices:

GRAPHICS


DISK DRIVES

NETWORK:
tap0 

PORTS:

USB HOST CONTROLLERS AND DEVICES:

DISK CONTROLLERS:
******************
DETAILED EVENT LOG
******************
LOG NOTE: 2019-10-13 05:17:28, Status, Completed started test run
LOG NOTE: 2019-10-13 05:32:28, Status, Test run stopped

**************
RESULT SUMMARY
**************
Test Start time: Sun Oct 13 05:17:26 2019 
Test Stop time: Sun Oct 13 05:32:28 2019
Test Duration: 000h 15m 02s 

                          Test Name   Cycles   Operations      Result  Errors   Last Error
                        CPU - Maths   28754    13.607 Billion  PASS    0        No errors
TEST RUN PASSED

*********************
SERIOUS ERROR SUMMARY
*********************

-----------------------------------------------------------------------------------------------------
PassMark BurnInTest Log file  -  http://www.passmark.com
========================================================

BurnInTest v4.1 (1000) Linux 64bit
Logging detail level: Normal

*** Unlicensed Trial Version ***
******************
SYSTEM SUMMARY
******************
Linux 4.15.0-55-generic
1 x Intel(R) Xeon(R) CPU D-1548 @ 2.00GHz
0 MB RAM

GENERAL
System Name: 38f25df82eb6
Motherboard Manufacturer: N/A
Motherboard Model: N/A
Motherboard Version: N/A
Motherboard Serial: 
Bios Manufacturer: N/A
Bios Version: N/A
Bios Release Date: N/A

CPU
CPU Manufacturer: GenuineIntel
CPU Type: Intel(R) Xeon(R) CPU D-1548 @ 2.00GHz
Speed: 798.4 MHz
CPUID: Family 6, Model 86, Stepping 3
Physical CPU's: 1
Cores per CPU: 8
Hyperthreading: Enabled
CPU Features: MMX SSE SSE2 SSE3 SSE4.1 SSE4.2 PAE VMX SMX AES AVX AVX2 
Cache per CPU package:
L1 Cache: 0 kB
L2 Cache: 12288 kB

MEMORY
Total Memory: 64293 MB
Available Memory: 58142 MB
Memory Devices:

GRAPHICS


DISK DRIVES

NETWORK:
tap0 

PORTS:

USB HOST CONTROLLERS AND DEVICES:

DISK CONTROLLERS:
******************
DETAILED EVENT LOG
******************
LOG NOTE: 2019-10-13 05:32:30, Status, Completed started test run
LOG NOTE: 2019-10-13 05:47:30, Status, Test run stopped

**************
RESULT SUMMARY
**************
Test Start time: Sun Oct 13 05:32:28 2019 
Test Stop time: Sun Oct 13 05:47:30 2019
Test Duration: 000h 15m 02s 

                          Test Name   Cycles   Operations      Result  Errors   Last Error
                        CPU - Maths   28757    13.607 Billion  PASS    0        No errors
TEST RUN PASSED

*********************
SERIOUS ERROR SUMMARY
*********************

-----------------------------------------------------------------------------------------------------
PassMark BurnInTest Log file  -  http://www.passmark.com
========================================================

BurnInTest v4.1 (1000) Linux 64bit
Logging detail level: Normal

*** Unlicensed Trial Version ***
******************
SYSTEM SUMMARY
******************
Linux 4.15.0-55-generic
1 x Intel(R) Xeon(R) CPU D-1548 @ 2.00GHz
0 MB RAM

GENERAL
System Name: 38f25df82eb6
Motherboard Manufacturer: N/A
Motherboard Model: N/A
Motherboard Version: N/A
Motherboard Serial: 
Bios Manufacturer: N/A
Bios Version: N/A
Bios Release Date: N/A

CPU
CPU Manufacturer: GenuineIntel
CPU Type: Intel(R) Xeon(R) CPU D-1548 @ 2.00GHz
Speed: 798.4 MHz
CPUID: Family 6, Model 86, Stepping 3
Physical CPU's: 1
Cores per CPU: 8
Hyperthreading: Enabled
CPU Features: MMX SSE SSE2 SSE3 SSE4.1 SSE4.2 PAE VMX SMX AES AVX AVX2 
Cache per CPU package:
L1 Cache: 0 kB
L2 Cache: 12288 kB

MEMORY
Total Memory: 64293 MB
Available Memory: 58139 MB
Memory Devices:

GRAPHICS


DISK DRIVES

NETWORK:
tap0 

PORTS:

USB HOST CONTROLLERS AND DEVICES:

DISK CONTROLLERS:
******************
DETAILED EVENT LOG
******************
LOG NOTE: 2019-10-13 05:47:32, Status, Completed started test run
LOG NOTE: 2019-10-13 06:02:32, Status, Test run stopped

**************
RESULT SUMMARY
**************
Test Start time: Sun Oct 13 05:47:30 2019 
Test Stop time: Sun Oct 13 06:02:32 2019
Test Duration: 000h 15m 02s 

                          Test Name   Cycles   Operations      Result  Errors   Last Error
                        CPU - Maths   28753    13.608 Billion  PASS    0        No errors
TEST RUN PASSED

*********************
SERIOUS ERROR SUMMARY
*********************

-----------------------------------------------------------------------------------------------------
PassMark BurnInTest Log file  -  http://www.passmark.com
========================================================

BurnInTest v4.1 (1000) Linux 64bit
Logging detail level: Normal

*** Unlicensed Trial Version ***
******************
SYSTEM SUMMARY
******************
Linux 4.15.0-55-generic
1 x Intel(R) Xeon(R) CPU D-1548 @ 2.00GHz
0 MB RAM

GENERAL
System Name: 38f25df82eb6
Motherboard Manufacturer: N/A
Motherboard Model: N/A
Motherboard Version: N/A
Motherboard Serial: 
Bios Manufacturer: N/A
Bios Version: N/A
Bios Release Date: N/A

CPU
CPU Manufacturer: GenuineIntel
CPU Type: Intel(R) Xeon(R) CPU D-1548 @ 2.00GHz
Speed: 798.4 MHz
CPUID: Family 6, Model 86, Stepping 3
Physical CPU's: 1
Cores per CPU: 8
Hyperthreading: Enabled
CPU Features: MMX SSE SSE2 SSE3 SSE4.1 SSE4.2 PAE VMX SMX AES AVX AVX2 
Cache per CPU package:
L1 Cache: 0 kB
L2 Cache: 12288 kB

MEMORY
Total Memory: 64293 MB
Available Memory: 58136 MB
Memory Devices:

GRAPHICS


DISK DRIVES

NETWORK:
tap0 

PORTS:

USB HOST CONTROLLERS AND DEVICES:

DISK CONTROLLERS:
******************
DETAILED EVENT LOG
******************
LOG NOTE: 2019-10-13 06:02:34, Status, Completed started test run
LOG NOTE: 2019-10-13 06:17:34, Status, Test run stopped

**************
RESULT SUMMARY
**************
Test Start time: Sun Oct 13 06:02:32 2019 
Test Stop time: Sun Oct 13 06:17:34 2019
Test Duration: 000h 15m 02s 

                          Test Name   Cycles   Operations      Result  Errors   Last Error
                        CPU - Maths   28754    13.608 Billion  PASS    0        No errors
TEST RUN PASSED

*********************
SERIOUS ERROR SUMMARY
*********************

-----------------------------------------------------------------------------------------------------
PassMark BurnInTest Log file  -  http://www.passmark.com
========================================================

BurnInTest v4.1 (1000) Linux 64bit
Logging detail level: Normal

*** Unlicensed Trial Version ***
******************
SYSTEM SUMMARY
******************
Linux 4.15.0-55-generic
1 x Intel(R) Xeon(R) CPU D-1548 @ 2.00GHz
0 MB RAM

GENERAL
System Name: 38f25df82eb6
Motherboard Manufacturer: N/A
Motherboard Model: N/A
Motherboard Version: N/A
Motherboard Serial: 
Bios Manufacturer: N/A
Bios Version: N/A
Bios Release Date: N/A

CPU
CPU Manufacturer: GenuineIntel
CPU Type: Intel(R) Xeon(R) CPU D-1548 @ 2.00GHz
Speed: 798.3 MHz
CPUID: Family 6, Model 86, Stepping 3
Physical CPU's: 1
Cores per CPU: 8
Hyperthreading: Enabled
CPU Features: MMX SSE SSE2 SSE3 SSE4.1 SSE4.2 PAE VMX SMX AES AVX AVX2 
Cache per CPU package:
L1 Cache: 0 kB
L2 Cache: 12288 kB

MEMORY
Total Memory: 64293 MB
Available Memory: 58134 MB
Memory Devices:

GRAPHICS


DISK DRIVES

NETWORK:
tap0 

PORTS:

USB HOST CONTROLLERS AND DEVICES:

DISK CONTROLLERS:
******************
DETAILED EVENT LOG
******************
LOG NOTE: 2019-10-13 06:17:36, Status, Completed started test run
LOG NOTE: 2019-10-13 06:32:36, Status, Test run stopped

**************
RESULT SUMMARY
**************
Test Start time: Sun Oct 13 06:17:34 2019 
Test Stop time: Sun Oct 13 06:32:36 2019
Test Duration: 000h 15m 02s 

                          Test Name   Cycles   Operations      Result  Errors   Last Error
                        CPU - Maths   28752    13.607 Billion  PASS    0        No errors
TEST RUN PASSED

*********************
SERIOUS ERROR SUMMARY
*********************

-----------------------------------------------------------------------------------------------------
PassMark BurnInTest Log file  -  http://www.passmark.com
========================================================

BurnInTest v4.1 (1000) Linux 64bit
Logging detail level: Normal

*** Unlicensed Trial Version ***
******************
SYSTEM SUMMARY
******************
Linux 4.15.0-55-generic
1 x Intel(R) Xeon(R) CPU D-1548 @ 2.00GHz
0 MB RAM

GENERAL
System Name: 38f25df82eb6
Motherboard Manufacturer: N/A
Motherboard Model: N/A
Motherboard Version: N/A
Motherboard Serial: 
Bios Manufacturer: N/A
Bios Version: N/A
Bios Release Date: N/A

CPU
CPU Manufacturer: GenuineIntel
CPU Type: Intel(R) Xeon(R) CPU D-1548 @ 2.00GHz
Speed: 798.2 MHz
CPUID: Family 6, Model 86, Stepping 3
Physical CPU's: 1
Cores per CPU: 8
Hyperthreading: Enabled
CPU Features: MMX SSE SSE2 SSE3 SSE4.1 SSE4.2 PAE VMX SMX AES AVX AVX2 
Cache per CPU package:
L1 Cache: 0 kB
L2 Cache: 12288 kB

MEMORY
Total Memory: 64293 MB
Available Memory: 58129 MB
Memory Devices:

GRAPHICS


DISK DRIVES

NETWORK:
tap0 

PORTS:

USB HOST CONTROLLERS AND DEVICES:

DISK CONTROLLERS:
******************
DETAILED EVENT LOG
******************
LOG NOTE: 2019-10-13 06:32:38, Status, Completed started test run
LOG NOTE: 2019-10-13 06:47:38, Status, Test run stopped

**************
RESULT SUMMARY
**************
Test Start time: Sun Oct 13 06:32:36 2019 
Test Stop time: Sun Oct 13 06:47:38 2019
Test Duration: 000h 15m 02s 

                          Test Name   Cycles   Operations      Result  Errors   Last Error
                        CPU - Maths   28762    13.609 Billion  PASS    0        No errors
TEST RUN PASSED

*********************
SERIOUS ERROR SUMMARY
*********************

-----------------------------------------------------------------------------------------------------
